MPUltimate v1.5 120-cell_Mirror(Z) 1600 0 1600
Puzzle 120-cell_Mirror(Z)
Dim 4
NAxis 1
Faces 3.236068,0,0,0
Group 0,4.472136,-7.236068,0/0,5.854102,-9.472136,8.09017 0,0,1,0/0,0,0,1 -0.618034,1.618034,1,0/0,0,0,1
Axis 3.236068,0,0,0
Twists 0,1,0,0/0,0,1,0/0,0,0,1
Cuts 0.95 -0.95
FixedMask 2
EndPuzzle
2 7560
0000U00000000000T00000000000000041000000000000000000000000000000000000000000000000000000000000000000000000000000000000000000001010101010101010101010101010101010101010101010101010101010101010101010101010H11010101010L11010101010101010101010101010101010102020
2020202020202020202020202020202020202020X0202020R02020202020202020202020202020202020G020202020202020202020202020202020202030303030303030303030303030303030303030303030303030303030303030305130303030303030303030303030303030303030E03030303030303030303040624040
40404040404040404040404040404040404040404040404040404040214040404040N14040404040404040404040404040404040404040404040405050505050505050505050505050505011505050505050505050C05050505050B15050505050V05050505050V150505050505050A050505050505050505050606060606060
6060S16060606060606071606060606060606060M06060606060606060606060606060606060606060606060606060606060606060606060607070S17070707070F070707070707070707070707070707070707070707070708170707070707070707070708270707070707070D2707070707070707070708080808080808080
80808080808080808080808080808080808080808080808080808080808080808080808080808080808080808080808080808080808080909090909090909090909090909090909090909090909090909090909090909090909090909090909090909090909090909090909090909090909090909090A0A0A0A0A0A0A0A0A0A0
A0A0A0A0A0A0A0A0A0A0A0A0A0A0A0A0A0A0A0A0A0A0A0A0A0A0A0A0A0A0A0A0A0A0B2A0A0A0A0A0A0A050A0A0A0A0A0A0A0A0A0A0B0B0B0B0B0B0B0B0S1B0B0B0B0B0B0B0B0B0B0B0B0B0B0B0B0B0B0B0B0B0B0B0B0B0B0B0B0B032B0B0B0B0B0B0B0B0B0B0B0B0B0B0B0B0B0B0B0B0B0B0B0B0C0C0C0C0F2C0C0C0C0C0C0C0
C0C0C0C0C0C0C0C0C0C0C0C0C0C0D0C0C0C0C0C0C0C0C0C0C0C0C0C0C0C0C0C0C0C0C0C0C0C0C0C050C0C0C0C0C0C0C0C0C0C0D0D0D0D0D0D0D0D0D0D0D0D0D0D0D0D0Q0D0D0D0D0D0D0D0D0D0D0D0D0D0D0D0D0D0D0D0D0D0D0D0D0D0D0D0C0D0D0D0D0D0D0D0D0D0D0D0D0D0D0D0D0D0D0E0E0E0E0E0E0E0E0E0E0E0E0E0E0
E0E0E0E0E0E0E0E0S0E0E0E0G0E0E0E0E0E0G1E0E0E0E0E0E0E0E0E0E0E0B2E0E0E0E0E0E0E030E0E0E0E0E0E0E0E0E0E0F0F0F0F0F0F0F0F0F0F0F0F0F0F0F0F0F0F0F0F0F0F0F0F0F0F0F0F0F0F0F0F0F0F0F0F0F0F0F0F0F0F0F0F070F0F0F0F0F0F0F0F0F0F0F0F0F0F0F0F0F0F0G0G0G0G0G0G0G0G0E0G0G0G0G0G0G0G0
G0G0G0G0G0G0G0G0G0G0A2G0G0G0G0G0G0G0G0G0G0G0G0G0G0G0G0G0G0G0G0G0G0G0G0G020G0G0G0G0G0G0G0G0G0G0H0H0H0H0H0H0H0H0H0H0H0H0H0H0H0H0F1H0H0H0H0H0H0H0H0H0I0H0H0H0H0H0H0H0H0H0H0H0H0H0H0H0H0H0H0H0H0H0H0H0H0H0H0H0H0H0H0H0H0H0H0H0H0I0I0I0I0I0I0I0I0I0I0I0I0I0I0I0I0U1I0
I0I0I0I0I0I0I0I0R0I0I0I0I0I0I0I0I0I0I0I0I0I0I0I0I0I0H0I0I0I0I0I0I0I0I0I0I0I0I0I0I0I0I0I0I0J0J0J0J0J0J0J0J0J0J0J0J0J0J0J0J0J0J0J0J0J0J0J0J0J0J0J0J0J0J0J0J0J0J0J0J0J0J0J0J0J0J0J0J0J0J0J0J0J0J0J0J0J0J0J0J0J0J0J0J0J0J0J0K0K0K0K0K0K0K0K0K0K0K0K0K0K0K0K0K0K0K0K0
K0K0K0K0K0K0K0K0K0K0K0K0K0K0K0K0K0K0K0K0K0K0K0K0K0K0K0K0K0K0K0K0K0K0K0K0K0K0K0K0K0K0K0L0U2L0L0L0L0L0L0L0L0L0L0L0L0L0L0L0L0L0L0L0L0L0L0L0L0L0L0L0L0L0L0L0L0L0L0L0L0L0L0L0L0L0L0L0L0L0L0L0L0L0L0L0L0L0L0L0L0L0L0L0L0L0M0M0M0M0M0M0M0M042M0M0M0M0M0M0M0M0M0M0M0M0M0
M0M0M0M0M0M0M0M0M0M0M0M0M0M0M0M0M0M0M0M0M0M060M0M0M0M0M0M0M0M0M0M0M0M0M0M0M0M0M0M0N0N0N0N0N0N0N0N0N0N0N0N0N0N0N0N0N0N0N0N0N0N0N0N0N0N0N0N0N0N0N0N0N0N0N0N0N0N0N0N0N0N0N0N0N0N0N0N0N0N0N0N0N0N0N0N0N0N0N0N0N0N0N0O0O0O0O0O0O0O0O0O0O0O0O0O0O0O0O0O0O0O0O0O0O0Q0O0
O0O0O0O0O0O0O0O0O0O0O0O0O0O0O0O0O0O0O0O0O0O0O0O0O0O0O0O0O0O0O0O0O0O0O0O0O0O0O0P0P0P0P0P0P0P0P0P0P0P0P0P0P0P0P0P0P0P0P0P0P0P0P0P0P0P0P0P0P0P0P0P0P0P0P0P0P0P0P0P0P0P0P0P0P0P0P0P0P0P0P0P0P0P0P0P0P0P0P0P0P0P0Q0Q0Q0Q0Q0Q0Q0Q0O0Q0Q0Q0Q0Q0Q0Q0Q0Q0Q0Q0Q0Q0K1Q0Q0Q0
Q0Q0Q0Q0Q0Q0Q0Q0Q0Q0Q0Q0D0Q0Q0Q0Q0Q0N2Q0Q0Q0Q0Q0Q0Q0Q0Q0Q0Q0Q0Q0Q0Q0Q0Q0Q0R0R0R0R0R0R0R0R0C2R0R0R0R0R0R0R0R0R0R0R0R0R0R0R0R0R0R0R0R0R0R0R0R0R0R0R0R0R0R0R0R0R0R0R0Q2R0R0R0R0R0R0R020R0R0R0R0R0R0R0R0R0R0S0S0S0S0S0S0S0S0S0S0S0S0S0S0S0S0S0S0S0S0S0S0S0S0S0S0E0S0
S0S0S0S0S0S0S0S0S0S0S0S0S0S0S0S0S0S0S0S0S0S0S0S0S0S0S0S0S0S0S0S0S0S0S0T0T0T0T0T0T0T0T0T0T0T0T0T0T0T0T0T0T0T0T0T0T0T0T0T0T0T0T0T0T0T0T0X0T0T0T0T0T0T0T0T0T0T0T0M2T0T0T0T0T0T0T000T0T0T0T0T0T0T0T0T0T0U0U0W1U0U0U0U0U0U0U0U0U0U0U0U0U0U0U0U0U0U0U0U0U0U0U0U0U0U0U0
U0U0U0U0U0U0U0U0U0U0U0U0U0U0U0U0U0U0U0U0U0U000U0U0U0U0U0U0U0U0U0U0V0V0V0V0V0V0V0V0V0V0V0V0V0V0V0V0V0V0V0V0V0V0V0V0V0V0V0V0V0V0V0V0V0V0V0V0V0V0V0V0V0V0V0V0V0V0V0V0V0V0V0V050V0V0V0V0V0V0V0V0V0V0W0W0W0W0W0W0W0W0P2W0W0W0W0W0W0W0W0W0W0W0W0W0W0W0W0W0W0W0W0W0W0W0
W0W0W0W0W0W0W0W0W0W0W0W0W0W0W0W0W0W0W0W0W0W0W0W0W0W0W0W0W0W0W0X0X042X0X0X0X0X0X0X0X0X0X0X0X0X0X0X0X0X0X0X0X0X0X0X0Q2X0X0X0X0X0X0X0X0X0X0X0T0X0X0X0X0X060X0X0X0X0X0X0X020X0X0X0X0X0X0X0X0X0X0Y0Y0Y0Y0Y0Y0Y0Y0Y0Y0Y0Y0Y0Y0Y0Y0Y0Y0Y0Y0Y0Y0Y0Y0Y0Y0Y0Y0Y0Y0Y0Y0Y0Y0
Y0Y0Y0Y0Y0Y0Y0Y0Y0Y0Y0Y0Y0Y0Y0Y0Y0Y0Y0Y0Y0Y0Y0Y0Y0Y0Y0Y0Y0Z0Z0Z0Z0Z0Z0Z0Z0L2Z0Z0Z0Z0Z0Z0Z0Z0Z0Z0Z0Z0Z0Z0Z0Z0Z0Z0Z0Z0Z0Z0Z0Z0Z0Z0Z0Z0Z0Z0Z0Z0Z0Z0Z0Z0Z0Z0Z0Z0Z0Z0Z023Z0Z0Z0Z0Z0Z0Z0Z0Z0Z0010101010101010101010101010101010101010101010101010101010101010101010101
0101010101010101010101010101010101010101010101010101011111111111111111111111111111111111111111111111111111111111111111111111111111111111111111501111111111111111111111111111111111112121212121212121212121212121212121212121212121212121212121212121212121212121
2121212121214021212121212121212121212121212121212131313131313131313131313131313131313131313131313131313131313131313131313131313131313131313131313131313131313131313131313131313141414141414141414141414141414141414141414141414141414141414141414141414141414141
4141414141414141414141410041414141414141414141515151515151515151515151515151515151515151515151515151515151515151515151515151515151515151515151515151513051515151515151515151616161616161616161616161616161616161616161616161616161616161616161616161616161616161
6161616161616161616161616161616161616161617171717171717171717171717171717171717171717171717171717171717171717171717171717171717171X07171717171717143717171717171717171718181818181818181818181818181818181818181818181818181818181818181818181818181818181818181
7081818181818181818181818181818181818191919191R291919191919191919191919191919191919191919191919191919191919191919191919191919191919191919191919191919191919191919191A1A1A1A1A1A1A1A1A1A1A1A1G2A1A1A1A1A1A1A1A1A1A1A1A1A1A1A1A1A1A1A1A1A1A1A1A1A1A1A1A1A1A1A1A1A1
A1A1A1A1A1A1A1A1A1A1A1A1A1A1A1A1A1B1B1B1B1B1B1B1B1B1B1B1B1B1B1B1B1B1B1B1B1B1B1R1B1B1B1B1B1B1B1B1B1B1B1B1B1B1B1B1B1B1B1B1B150B1B1B1B1B1B1B1B1B1B1B1B1B1B1B1B1B1B1C1C1C1C1C1C1C1C1C1C1C1C1C1C1C1C1C1C1C1C1C1C1C1C1C1C1C1C1C1C1C1C1C1C1C1C1C1C1C1C1C1C1C1C1C1C1C1C1
C1C1C1C1C1C1C1C1C1C1C1C1C1C1C1D1D1D1D1D1D1D1D1D1D1D1D1D1D1D1D1D1D1D1D1D1D1D1D1D1D1D1D1D1D1D1D1S1D1D1D1D1D1D1D1D1D1D1D1D1D1D1D1D1D1D1D1D1D1D1D1D1D1D1D1D1D1D1E1E1I2E1E1E1E1E1E1E1E1E1E1E1E1E1E1E1E1E1E1E1E1E1E1E1E1E1E1E1E1E162E1E1E1E1E1E1E1E1E1E1E1E1E1E1E1E1E1
E1E1E1E1E1E1E1E1E1E1E1E1E1F1F1F1F1F1F1F1F1R2F1F1F1F1F1F1F1F1F1F1F1F1F1F1F1F1F1F1F1F1F1F1F1F1F1F1F1F1F1F1F1F1F1F1F1H0F1F1F1F1F1F1F1F1F1F1F1F1F1F1F1F1F1F1G1G1G1G1E0G1G1G1G1G1G1G1G1G1G1G1G1G1G1G1G1G1G1G1G1G1G1G1G1G1G1G1G1G1G1G1G1G1G1G1G1G1G1G1G1G1G1G1G1G1G1G1
G1G1G1G1G1G1G1G1G1G1G1H1H1H1H1P2H1H1H1H1H1H1H1H1H1H1H1H1H1H1H1H1H1H1H1H1H1H1H1H1H1H1H1H1H1H1H1H1H1H1H1H1H1H1H1H1H1H1H1H1H1H1H110H1H1H1H1H1H1H1H1H1H1I1I1I1I1I1I1I1I1I1I1I1I1M1I1I1I1I1I1I1I1I1I1I1I1I1I1I1I1I1I1I1I1I1I1I1I1I1I1I1I1I1I1I1I1I1I1I1I1I1I1I1I1I1I1
I1I1I1I1I1I1I1I1I1J1J1J1J1J1J1J1J1J1J1J1J1J1J1J1J1J1J1J1J1J1J1J1J1J1J1J1J1J1J1J1J1J1J1J1J1J1J1J1J1J1J1J1J1J1J1J1J1J1J1J1J1J1J1J1J1J1J1J1J1J1J1J1K1K1K1K1K1K1K1K1I2K1K1K1K1K1K1K1K1K1K1K1K1K1K1K1K1K1K1K1K1K1K1K1K1K1K1K1K1K1K1K1K1K1K1K1K1K1K1K1K1K1K1K1K1K1K1K1
K1K1K1K1K1K1K1L1L1L1L1L1L1L1L1L1L1L1L1L1L1L1L1L1L1L1L1L1L1L1L1L1L1L1L1L1L1L1L1L1L1L1L1L1L1L1L1L1L1L1L1L1L1L1L1L1L1L1L110L1L1L1L1L1L1L1L1L1L1M1M1M1M1M1M1M1M1M1M1M1M1M1M1M1M1I1M1M1M1M1M1M1M1M1M1M1M1M1M1M1M1M1M1M1M1M1M1M1M1M1M1M1M1M1M1M1M1M1M1M1M1M1M1M1M1M1M1
M1M1M1M1M1N1N1N1N1N1N1N1N1N1N1N1N1N1N1N1N1N1N1N1N1N1N1N1N1N1N1N1N1N1N1N1N1N1N1N1N1N1N1N1N1N1N1N1N1N1N1N1N1N1N1N1N140N1N1N1N1N1N1N1N1N1N1O1O1O1O1O1O1O1O1O1O1O1O1O1O1O1O1T1O1O1O1O1O1O1O1O1O1O1O1O1O1O1O1O1O1O1O1O1O1O1O1O1O1O1O1O1O1O1O1O1O1O1O1O1O1O1O1O1O1O1O1
O1O1O1P1P1P1P1P2P1P1P1P1P1P1P1P1P1P1P1P1P1P1P1P1P1P1P1P1P1P1P1P1P1P1P1P1P1P1P1P1P1P1P1P1P1P1P1P1P1P1P1P1P1P1P1B3P1P1P1P1P1P1P1P1P1P1Q1Q1Q1Q1Q1Q1Q1Q1Q1Q1Q1Q1Q1Q1Q1Q1Q1Q1Q1Q1Q1Q1Q1Q1Q1Q1Q1Q1Q1Q1Q1Q1Q1Q1Q1Q1Q1Q1Q1Q1Q1Q1Q1Q1Q1Q1Q1Q1Q1Q1Q1Q1Q1Q1Q1Q1Q1Q1Q1Q1Q1Q1
Q1R1R1R1R1R1R1R1R1R1R1R1R1R1R1R1R1R1R1R1R1R1R1V1R1R1R1B1R1R1R1R1R1R1R1R1R1R1R133R1R1R1R1R1R1R1R1R1R1R1R1R1R1R1R1R1R1R1R1R1R1R1R1S1S1S1S1S1S1S1S152S1S1S1S1S1S1S1S1S1S1S1S1S1S1S1S1S1S1S1S1S1S1S1D1S1S1S1S1S1B0S1S1S1S1S160S1S1S1S1S1S1S170S1S1S1S1S1S1S1S1S1S1T1
T1T1T1T1T1T1T1T1T1T1T1T1T1T1T1O1T1T1T1T1T1T1T1T1T1T1T1T1T1T1T1T1T1T1T1T1T1T1T1T1T1T1T123T1T1T1T1T1T1T1T1T1T1T1T1T1T1T1T1T1T1U1U1U1U1U1U1U1U1U1U1U1U1U1U1U1U1U1U1U1U1U1U1U1U1U1U1U1U1U1U1U1U1U1U1U1U1U1U1U1U1U1U1U1U1I0U1U1U1U1U1U1U1U1U1U1U1U1U1U1U1U1U1U1V1V1V1
V1V1V1V1V1V1V1V1V1V1V1V1V1R1V1V1V1V1V1V1V1V1V1V1V1V1V1V1V1V1V1V1V1V1V1V1V1V1V1V1V1V1V1V1V1V1V1V1V150V1V1V1V1V1V1V1V1V1V1W1W1U0W1W1W1W1W1W1W1W1W1W1W1W1W1W1W1W1W1W1W1W1W1W1W1W1W1W1W1W1W1W1W1W1W1W1W1W1W1W1W1W1W1W1W1W1W1W1W1W1W1W1W1W1W1W1W1W1W1W1W1W1X1X1X1X1X1
X1X1X1X1X1X1X1X1X1X1X1X1X1X1X1X1X1X1X1X1X1X1X1X1X1X1X1X1X1X1X1X1X1X1X1X1X1X1X1X1X1X1X1X1X1X1X1X1X1X1X1X1X1X1X1X1X1X1Y1Y1Y1Y1Y1Y1Y1Y1G2Y1Y1Y1Y1Y1Y1Y1Y1Y1Y1Y1Y1Y1Y1Y1Y1Y1Y1Y1Y1Y1Y1Y1Y1Y1Y1Y1Y1Y1Y1Y1Y1Y1Y1Y1Y1Y1Y1Y1Y1Y1Y1Y1Y1Y1Y1Y1Y1Y1Y1Y1Y1Y1Y1Z1Z1Z1Z1Z1Z1Z1
Z1Z1Z1Z1Z1Z1Z1Z1Z1Z1Z1Z1Z1Z1Z1Z1Z1Z1Z1Z1Z1Z1Z1Z1Z1Z1Z1Z1Z1Z1Z1Z1Z1Z1Z1Z1Z1Z1Z1Z1Z1Z1Z1Z1Z1Z1Z1Z1Z1Z1Z1Z1Z1Z1Z1Z1020202020202020202020202020202020202020202020202020202020202020202020202020202020202020202020202020202020202020202020202020202121212121212121212
1212121212121212121212121212121212O21212121212121212121212121212121212121212121212121212121212121212121212122222222222222222222222223222222222222222222222222222222222222222222222222222222222222222222222222222222222222222222222222222223232323232323232323232
3232323232323232323232223232323232323232323232323232323232323232323232323232323232B0323232323232323232324242X04242424242M04242424242424242424242424242424242424242424242424242424242424242424242424242424242424242424242424242424242425252D252525252525252525252
52525252525252525252525252525252525252S15252525252525252525252525252525252525252525252525252525252526262626262626262V26262626262626262626262626262626262626262626262E1626262626262626262626262626262626262624062626262626262626262727272727272727272727272727272
7272727272727272727272727272727272727272727272727272727272727272727272727272727272727272727272728282828282828282828282828282828282828282828282828282828282828282828282828282X28282828282828282828282828270828282828282828282829292929292929292929292929292929292
92929292929292929292929292929292929292929292929292929292929292929292929292929292929292929292A2A2A2A2A2A2A2A2A2A2A2A2A2A2A2A2A2A2A2A2A2A2A2A2A2A2A2A2A2A2A2A2A2A2A2A2A2A2A2A2A2A2A2A2G0A2A2A2A2A2A2A2A2A2A2A2A2A2A2A2A2A2A2B2B2B2B2B2B2B2B2B2B2B2B2B2B2B2B2B2B2B2
B2B2B2B2B2B2B2B2B2B2B2B2B2B2B2B2B2B2B2B2B2B2B2B2B2E0B2B2B2B2B2B2B2A0B2B2B2B2B2B2B2B2B2B2C2C2C2C2C2C2C2C2C2C2C2C2C2C2C2C2C2C2C2C2C2C2C2C2C2C2I0C2C2C2C2C2C2C2C2C2C2C2C2C2C2C2C2C2C2C2C2C2C2C2C2C2C2C2C2C2C2C2C2C2C2C2C2D2D2D2D2D2D2D2D2D2D2D2D2D2D2D2D2D2D2D2D2D2
D2D2D2D2D2D2D2D2D2D2D252D2D2D2D2D2D2D2D2D2D2D2D2D2D2D2D2D2D2D270D2D2D2D2D2D2D2D2D2D2E2E2E2E2E2E2E2E2E2E2E2E2E2E2E2E2E2E2E2E2E2E2E2E2E2E2E2E2E2E2E2E2E2E2E2E2E2E2E2E2E2E2E2E2E2E2E2E2E2E2E2E2E2E2E2E2E2E2E2E2E2E2E2F2F2F2F2F2F2F2F2L2F2F2F2F2F2F2F2F2F2F2F2F2F2F2
F2F2F2F2F2F2F2F2F2F2F2F2F2F2F2F2F2F2F2F2F2F2F2F2F2F2F2F2F2C0F2F2F2F2F2F2F2F2F2F2G2G2G2G2G2G2G2G2G2G2G2G2Y1G2G2G2G2G2G2G2G2G2G2G2G2G2A1G2G2G2G2G2G2G2G2G2G2G2G2G2G2G2G2G2G2G2G2G2G2G2G2G2G2G2G2G2G2G2G2G2G2G2G2H2H2H2H2H2H2H2H2H2H2H2H2H2H2H2H2H2H2H2H2H2H2H2H2H2
H2H2H2H2H2H2H2H2H2H2H2H2H2H2H2H2H2H2H2H2H2H2H2H2H2H2H2H2H2H2H2H2H2H2H2H2H2H2I2I2I2I2I2I2I2I2I2I2I2I2I2I2I2I2I2I2I2I2I2I2Q0I2I2I2I2I2I2I2I2I2E1I2I2I2I2I2I2I2I2I2I2I2I2I2I2I2I2I2I2I2I2I2I2I2I2I2I2I2I2I2I2J2J2J2J2J2J2J2J2J2J2J2J2J2J2J2J2J2J2J2J2J2J2J2J2J2J2J2
J2J2J2J2J2J2J2J2J2J2J2J2J2J2J2J2J2J2J2J2J2J2J2J2J2J2J2J2J2J2J2J2J2J2J2J2K2K2K2K2K2K2K2K2K2K2K2K2K2K2K2K2K2K2K2K2K2K2K2K2K2K2K2K2K2K2K2K2K2K2K2K2K2K2K2K2K2K2K2K2K2K2K2K2K2K2K2K2K2K2K2K2K2K2K2K2K2K2K2L2L2L2L2L2L2L2L2L2L2L2L2F2L2L2L2L2L2L2L2L2L2L2L2L2L2L2L2L2
L2L2L2L2L2L2L2L2L2L2L2L2L2L2L2Z0L2L2L2L2L2L2L2L2L2L2L2L2L2L2L2L2L2L2M2M2M2M2M2M2M2M2M2M2M2M2M2M2M2M2M2M2M2M2M2M2M2M2M2M2M2M2M2M2M2M2M2M2M2M2M2M2M2M2M2M2M2M2T0M2M2M2M2M2M2M2M2M2M2M2M2M2M2M2M2M2M2N2N2N2N2N2N2N2N2N2N2N2N2N2N2N2N2N2N2N2N2N2N2N2N2N2N2N2N2N2N2N2
N2N2N2N2N2N2N2N2N2N2N2N2N2Q0N2N2N2N2N2N2N2N2N2N2N2N2N2N2N2N2N2N2O2O2O2O2O2O2O2O2O2O2O2O212O2O2O2O2O2O2O2O2O2O2O2O2O2O2O2O2O2O2O2O2O2O2O2O2O2O2O2O2O2O2O2O2O2O2O2O2O2O2O2O2O2O2O2O2O2O2O2O2O2O2P2P2H1P2P2P2P2P2P2P2P2P2P2P2P2P2P1P2P2P2P2P2P2P2P2P2W0P2P2P2P2P2P2
P2P2P2P2P2P2P2P2P2P2P2P2P2P2P2P2P2P2P2P2P2P2P2P2P2P2P2P2P2P2Q2Q2Q2Q2Q2Q2Q2Q2Q2Q2Q2Q2Q2Q2Q2Q2Q2Q2Q2Q2Q2Q2Q2Q2Q2Q2X0Q2Q2Q2Q2Q2Q2Q2Q2Q2Q2Q2Q2Q2Q2Q2Q2Q2R0Q2Q2Q2Q2Q2Q2Q2Q2Q2Q2Q2Q2Q2Q2Q2Q2Q2Q2R2R2R2R2R2R2R2R2R2R2R2R2R2R2R2R2R2R2R2R2R2R2R2R2R2R2F1R2R2R2R2R291R2R2
R2R2R2R2R2R2R2R2R2R2R2R2R2R2R2R2R2R2R2R2R2R2R2R2R2R2R2R2S2S2S2S2S2S2S2S2S2S2S2S2S2S2S2S2S2S2S2S2S2S2S2S2S2S2S2S2S2S2S2S2S2S2S2S2S2S2S2S2S2S2S2S2S2S2S2S2S2S2S2S2S2S2S2S2S2S2S2S2S2S2S2T2T2T2T2T2T2T2T2T2T2T2T2T2T2T2T2T2T2T2T2T2T2T2T2T2T2T2T2T2T2T2T2T2T2T2T2T2
T2T2T2T2T2T2T2T2T2T2T2T2T2T2T2T2T2T2T2T2T2T2T2T2T2T2U2U2U2U2U2U2U2U2U2U2U2U2U2U2U2U2U2U2U2U2U2U2U2U2U2U2U2U2U2U2U2U2U2U2U2U2U2U2U2U2U2U2U2U2U2U2U2U2U2U2U2U2L0U2U2U2U2U2U2U2U2U2U2V2V2V2V2V2V2V2V2V2V2V2V2V2V2V2V2V2V2V2V2V2V262V2V2V2V2V2V2V2V2V2V2V2V2V2V2V2V2
V2V2V2V2V2V2V2V2V2V2V2V2V2V2V2V2V2V2V2V2V2V2V2V2W2W2W2W2W2W2W2W2W2W2W2W2W2W2W2W2W2W2W2W2W2W2W2W2W2W2W2W2W2W2W2W2W2W2W2W2W2W2W2W2W2W2W2W2W2W2W2W2W2W2W2W2W2W2W2W2W2W2W2W2W2W2W2X2X2X2X2X2X2X2X2X2X2X2X2X2X2X2X282X2X2X2X2X2X2X2X2X2X2X2X2X2X2X2X2X2X2X2X2X2X2X2X2
X2X2X2X2X2X2X2X2X2X2X2X2X2X2X2X2X2X2X2X2X2X2Y2Y2Y2Y2Y2Y2Y2Y2Y2Y2Y2Y2Y2Y2Y2Y2Y2Y2Y2Y2Y2Y2Y2Y2Y2Y2Y2Y2Y2Y2Y2Y2Y2Y2Y2Y2Y2Y2Y2Y2Y2Y2Y2Y2Y2Y2Y2Y2Y2Y2Y2Y2Y2Y2Y2Y2Y2Y2Y2Y2Y2Y2Y2Z2Z2Z2Z2Z2Z2Z2Z2Z2Z2Z2Z2Z2Z2Z2Z2Z2Z2Z2Z2Z2Z2Z2Z2Z2Z2Z2Z2Z2Z2Z2Z2Z2Z2Z2Z2Z2Z2Z2Z2Z2Z2Z2
Z2Z2Z2Z2Z2Z2Z2Z2Z2Z2Z2Z2Z2Z2Z2Z2Z2Z2Z2Z2030303030303030303030303030303030303030303030303030303030303030303030303030303030303030303030303030303030303030303030303030303131313131313131313131313131313131313131313131313131313131313131313131313131313131313131313
1313131313131313131313131313131313132323232323232323232323232323232323232323232323232323232323232323T123232323232323232323232323232323232323Z0232323232323232323233333333333333333333333333333333333333333333333333333333333333333333333333333R13333333333333333
3333333333333333333333333333333343434343434343434343434343434343434343434343434343437143434343434343434343434343434343434343434343434343434343434343434343434353535353535353535353535353535353535353535353535353535353535353535353535353535353535353535353535353
5353535353535353535353535353636363636363636363636363636363636363636363636363636363636363636363636363636363636363636363636363636363636363636363636363636363737373737373737373737373737373737373737373737373737373737373737373737373737373737373737373737373737373
7373737373737373737373738383838383838383838383838383838383838383838383838383838383838383838383838383838383838383838383838383838383838383838383838383839393939393939393939393939393939393939393939393939393939393939393939393939393939393939393939393939393939393
93939393939393939393A3A3A3A3A3A3A3A3A3A3A3A3A3A3A3A3A3A3A3A3A3A3A3A3A3A3A3A3A3A3A3A3A3A3A3A3A3A3A3A3A3A3A3A3A3A3A3A3A3A3A3A3A3A3A3A3A3A3A3A3A3A3A3B3B3B3B3B3B3B3B3B3B3B3B3B3B3B3B3B3B3B3B3B3B3B3B3B3B3B3B3B3B3B3B3B3B3B3B3B3B3B3B3B3B3B3B3B3B3B3B3B3B3B3B3P1B3B3
B3B3B3B3B3B3B3B3
#timer 0
#CRC 2780519340872776000
*
m| m[ 53:0:1:4 51:0:1:1 27:0:1:1 29:0:1:1 58:0:1:1 7:0:1:1 26:0:1:1 7:0:1:1 26:0:1:1 58:0:1:1 29:0:1:1 27:0:1:1 51:0:1:1 53:0:1:4 59:0:1:4 
53:0:1:4 51:0:1:1 27:0:1:1 29:0:1:1 58:0:1:1 26:0:1:1 7:0:1:1 26:0:1:1 7:0:1:1 58:0:1:1 29:0:1:1 27:0:1:1 51:0:1:1 53:0:1:4 59:0:1:4 m] 
m[ 58:0:1:1 26:0:1:1 27:0:1:1 52:0:1:1 45:0:1:4 11:0:1:1 29:0:1:1 11:0:1:1 29:0:1:1 45:0:1:4 52:0:1:1 27:0:1:1 26:0:1:1 58:0:1:1 59:0:1:4 
58:0:1:1 26:0:1:1 27:0:1:1 52:0:1:1 45:0:1:4 29:0:1:1 11:0:1:1 29:0:1:1 11:0:1:1 45:0:1:4 52:0:1:1 27:0:1:1 26:0:1:1 58:0:1:1 59:0:1:4 m] 
m[ 52:0:1:1 29:0:1:1 26:0:1:1 51:0:1:1 55:0:1:4 6:0:1:1 27:0:1:1 6:0:1:1 27:0:1:1 55:0:1:4 51:0:1:1 26:0:1:1 29:0:1:1 52:0:1:1 59:0:1:4 
52:0:1:1 29:0:1:1 26:0:1:1 51:0:1:1 55:0:1:4 27:0:1:1 6:0:1:1 27:0:1:1 6:0:1:1 55:0:1:4 51:0:1:1 26:0:1:1 29:0:1:1 52:0:1:1 59:0:1:4 m] 
m[ 29:0:1:1 26:0:1:1 14:0:1:1 6:0:1:1 15:0:1:1 2:0:1:1 5:0:1:1 2:0:1:1 5:0:1:1 15:0:1:1 6:0:1:1 14:0:1:1 26:0:1:1 29:0:1:1 27:0:1:1 
29:0:1:1 26:0:1:1 14:0:1:1 6:0:1:1 15:0:1:1 5:0:1:1 2:0:1:1 5:0:1:1 2:0:1:1 15:0:1:1 6:0:1:1 14:0:1:1 26:0:1:1 29:0:1:1 27:0:1:1 m] 
m[ 6:0:1:1 5:0:1:1 26:0:1:1 51:0:1:1 32:0:1:1 18:0:1:1 14:0:1:1 18:0:1:1 14:0:1:1 32:0:1:1 51:0:1:1 26:0:1:1 5:0:1:1 6:0:1:1 27:0:1:1 
6:0:1:1 5:0:1:1 26:0:1:1 51:0:1:1 32:0:1:1 14:0:1:1 18:0:1:1 14:0:1:1 18:0:1:1 32:0:1:1 51:0:1:1 26:0:1:1 5:0:1:1 6:0:1:1 27:0:1:1 m] 
m[ 6:0:1:1 0:0:1:1 7:0:1:1 26:0:1:1 27:0:1:1 47:0:1:1 14:0:1:1 47:0:1:1 14:0:1:1 27:0:1:1 26:0:1:1 7:0:1:1 0:0:1:1 6:0:1:1 5:0:1:1 
6:0:1:1 0:0:1:1 7:0:1:1 26:0:1:1 27:0:1:1 14:0:1:1 47:0:1:1 14:0:1:1 47:0:1:1 27:0:1:1 26:0:1:1 7:0:1:1 0:0:1:1 6:0:1:1 5:0:1:1 m] 
m[ 2:0:1:1 7:0:1:1 14:0:1:1 6:0:1:1 1:0:1:1 10:0:1:1 0:0:1:1 10:0:1:1 0:0:1:1 1:0:1:1 6:0:1:1 14:0:1:1 7:0:1:1 2:0:1:1 5:0:1:1 
2:0:1:1 7:0:1:1 14:0:1:1 6:0:1:1 1:0:1:1 0:0:1:1 10:0:1:1 0:0:1:1 10:0:1:1 1:0:1:1 6:0:1:1 14:0:1:1 7:0:1:1 2:0:1:1 5:0:1:1 m] 
m[ 26:0:1:1 14:0:1:1 0:0:1:1 2:0:1:1 17:0:1:1 31:0:1:1 7:0:1:1 31:0:1:1 7:0:1:1 17:0:1:1 2:0:1:1 0:0:1:1 14:0:1:1 26:0:1:1 5:0:1:1 
26:0:1:1 14:0:1:1 0:0:1:1 2:0:1:1 17:0:1:1 7:0:1:1 31:0:1:1 7:0:1:1 31:0:1:1 17:0:1:1 2:0:1:1 0:0:1:1 14:0:1:1 26:0:1:1 5:0:1:1 m] 
m[ 58:0:1:1 29:0:1:1 5:0:1:1 7:0:1:1 40:0:1:1 51:0:1:1 26:0:1:1 51:0:1:1 26:0:1:1 40:0:1:1 7:0:1:1 5:0:1:1 29:0:1:1 58:0:1:1 17:0:1:1 
58:0:1:1 29:0:1:1 5:0:1:1 7:0:1:1 40:0:1:1 26:0:1:1 51:0:1:1 26:0:1:1 51:0:1:1 40:0:1:1 7:0:1:1 5:0:1:1 29:0:1:1 58:0:1:1 17:0:1:1 m] 
m[ 26:0:1:1 5:0:1:1 2:0:1:1 20:0:1:1 40:0:1:1 18:0:1:1 7:0:1:1 18:0:1:1 7:0:1:1 40:0:1:1 20:0:1:1 2:0:1:1 5:0:1:1 26:0:1:1 17:0:1:1 
26:0:1:1 5:0:1:1 2:0:1:1 20:0:1:1 40:0:1:1 7:0:1:1 18:0:1:1 7:0:1:1 18:0:1:1 40:0:1:1 20:0:1:1 2:0:1:1 5:0:1:1 26:0:1:1 17:0:1:1 m] 
m[ 33:0:1:1 26:0:1:1 17:0:1:1 20:0:1:1 31:0:1:1 0:0:1:1 7:0:1:1 0:0:1:1 7:0:1:1 31:0:1:1 20:0:1:1 17:0:1:1 26:0:1:1 33:0:1:1 40:0:1:1 
33:0:1:1 26:0:1:1 17:0:1:1 20:0:1:1 31:0:1:1 7:0:1:1 0:0:1:1 7:0:1:1 0:0:1:1 31:0:1:1 20:0:1:1 17:0:1:1 26:0:1:1 33:0:1:1 40:0:1:1 m] 
m[ 40:0:1:1 7:0:1:1 14:0:1:1 51:0:1:1 53:0:1:4 29:0:1:1 26:0:1:1 29:0:1:1 26:0:1:1 53:0:1:4 51:0:1:1 14:0:1:1 7:0:1:1 40:0:1:1 33:0:1:1 
40:0:1:1 7:0:1:1 14:0:1:1 51:0:1:1 53:0:1:4 26:0:1:1 29:0:1:1 26:0:1:1 29:0:1:1 53:0:1:4 51:0:1:1 14:0:1:1 7:0:1:1 40:0:1:1 33:0:1:1 m] 
m[ 26:0:1:1 7:0:1:1 0:0:1:1 6:0:1:1 27:0:1:1 11:0:1:1 5:0:1:1 11:0:1:1 5:0:1:1 27:0:1:1 6:0:1:1 0:0:1:1 7:0:1:1 26:0:1:1 14:0:1:1 
26:0:1:1 7:0:1:1 0:0:1:1 6:0:1:1 27:0:1:1 5:0:1:1 11:0:1:1 5:0:1:1 11:0:1:1 27:0:1:1 6:0:1:1 0:0:1:1 7:0:1:1 26:0:1:1 14:0:1:1 m] 
m[ 27:0:1:1 5:0:1:1 0:0:1:1 13:0:1:1 32:0:1:1 16:0:1:1 6:0:1:1 16:0:1:1 6:0:1:1 32:0:1:1 13:0:1:1 0:0:1:1 5:0:1:1 27:0:1:1 14:0:1:1 
27:0:1:1 5:0:1:1 0:0:1:1 13:0:1:1 32:0:1:1 6:0:1:1 16:0:1:1 6:0:1:1 16:0:1:1 32:0:1:1 13:0:1:1 0:0:1:1 5:0:1:1 27:0:1:1 14:0:1:1 m] 
m[ 6:0:1:1 0:0:1:1 18:0:1:1 47:0:1:1 32:0:1:1 28:0:1:1 13:0:1:1 28:0:1:1 13:0:1:1 32:0:1:1 47:0:1:1 18:0:1:1 0:0:1:1 6:0:1:1 14:0:1:1 
6:0:1:1 0:0:1:1 18:0:1:1 47:0:1:1 32:0:1:1 13:0:1:1 28:0:1:1 13:0:1:1 28:0:1:1 32:0:1:1 47:0:1:1 18:0:1:1 0:0:1:1 6:0:1:1 14:0:1:1 m] 
m[ 18:0:1:1 14:0:1:1 26:0:1:1 40:0:1:1 31:0:1:1 2:0:1:1 7:0:1:1 2:0:1:1 7:0:1:1 31:0:1:1 40:0:1:1 26:0:1:1 14:0:1:1 18:0:1:1 33:0:1:1 
18:0:1:1 14:0:1:1 26:0:1:1 40:0:1:1 31:0:1:1 7:0:1:1 2:0:1:1 7:0:1:1 2:0:1:1 31:0:1:1 40:0:1:1 26:0:1:1 14:0:1:1 18:0:1:1 33:0:1:1 m] 
m[ 12:0:1:4 43:0:1:4 56:0:1:1 37:0:1:4 9:0:1:4 51:0:1:1 38:0:1:4 51:0:1:1 38:0:1:4 9:0:1:4 37:0:1:4 56:0:1:1 43:0:1:4 12:0:1:4 21:0:1:4 
12:0:1:4 43:0:1:4 56:0:1:1 37:0:1:4 9:0:1:4 38:0:1:4 51:0:1:1 38:0:1:4 51:0:1:1 9:0:1:4 37:0:1:4 56:0:1:1 43:0:1:4 12:0:1:4 21:0:1:4 m] 
m[ 33:0:1:1 18:0:1:1 13:0:1:1 32:0:1:1 51:0:1:1 5:0:1:1 14:0:1:1 5:0:1:1 14:0:1:1 51:0:1:1 32:0:1:1 13:0:1:1 18:0:1:1 33:0:1:1 47:0:1:1 
33:0:1:1 18:0:1:1 13:0:1:1 32:0:1:1 51:0:1:1 14:0:1:1 5:0:1:1 14:0:1:1 5:0:1:1 51:0:1:1 32:0:1:1 13:0:1:1 18:0:1:1 33:0:1:1 47:0:1:1 m] 
m[ 17:0:1:4 11:0:1:4 42:0:1:4 45:0:1:1 58:0:1:4 50:0:1:1 44:0:1:4 50:0:1:1 44:0:1:4 58:0:1:4 45:0:1:1 42:0:1:4 11:0:1:4 17:0:1:4 29:0:1:4 
17:0:1:4 11:0:1:4 42:0:1:4 45:0:1:1 58:0:1:4 44:0:1:4 50:0:1:1 44:0:1:4 50:0:1:1 58:0:1:4 45:0:1:1 42:0:1:4 11:0:1:4 17:0:1:4 29:0:1:4 m] 
m[ 1:0:1:1 9:0:1:1 30:0:1:1 22:0:1:1 4:0:1:1 43:0:1:1 12:0:1:1 43:0:1:1 12:0:1:1 4:0:1:1 22:0:1:1 30:0:1:1 9:0:1:1 1:0:1:1 3:0:1:1 
1:0:1:1 9:0:1:1 30:0:1:1 22:0:1:1 4:0:1:1 12:0:1:1 43:0:1:1 12:0:1:1 43:0:1:1 4:0:1:1 22:0:1:1 30:0:1:1 9:0:1:1 1:0:1:1 3:0:1:1 m] 
m[ 31:0:1:4 7:0:1:4 17:0:1:4 49:0:1:4 57:0:1:1 19:0:1:4 20:0:1:4 19:0:1:4 20:0:1:4 57:0:1:1 49:0:1:4 17:0:1:4 7:0:1:4 31:0:1:4 40:0:1:4 
31:0:1:4 7:0:1:4 17:0:1:4 49:0:1:4 57:0:1:1 20:0:1:4 19:0:1:4 20:0:1:4 19:0:1:4 57:0:1:1 49:0:1:4 17:0:1:4 7:0:1:4 31:0:1:4 40:0:1:4 m] 
m[ 19:0:1:4 24:0:1:4 49:0:1:4 57:0:1:1 39:0:1:4 32:0:1:1 54:0:1:4 32:0:1:1 54:0:1:4 39:0:1:4 57:0:1:1 49:0:1:4 24:0:1:4 19:0:1:4 20:0:1:4 
19:0:1:4 24:0:1:4 49:0:1:4 57:0:1:1 39:0:1:4 54:0:1:4 32:0:1:1 54:0:1:4 32:0:1:1 39:0:1:4 57:0:1:1 49:0:1:4 24:0:1:4 19:0:1:4 20:0:1:4 m] 
m[ 39:0:1:4 8:0:1:4 7:0:1:4 40:0:1:4 57:0:1:1 24:0:1:4 20:0:1:4 24:0:1:4 20:0:1:4 57:0:1:1 40:0:1:4 7:0:1:4 8:0:1:4 39:0:1:4 31:0:1:4 
39:0:1:4 8:0:1:4 7:0:1:4 40:0:1:4 57:0:1:1 20:0:1:4 24:0:1:4 20:0:1:4 24:0:1:4 57:0:1:1 40:0:1:4 7:0:1:4 8:0:1:4 39:0:1:4 31:0:1:4 m] 
m[ 38:0:1:4 51:0:1:1 26:0:1:1 40:0:1:1 43:0:1:4 18:0:1:1 33:0:1:1 18:0:1:1 33:0:1:1 43:0:1:4 40:0:1:1 26:0:1:1 51:0:1:1 38:0:1:4 53:0:1:4 
38:0:1:4 51:0:1:1 26:0:1:1 40:0:1:1 43:0:1:4 33:0:1:1 18:0:1:1 33:0:1:1 18:0:1:1 43:0:1:4 40:0:1:1 26:0:1:1 51:0:1:1 38:0:1:4 53:0:1:4 m] 
m[ 25:0:1:4 4:0:1:4 22:0:1:4 58:0:1:1 49:0:1:1 43:0:1:4 35:0:1:4 43:0:1:4 35:0:1:4 49:0:1:1 58:0:1:1 22:0:1:4 4:0:1:4 25:0:1:4 28:0:1:4 
25:0:1:4 4:0:1:4 22:0:1:4 58:0:1:1 49:0:1:1 35:0:1:4 43:0:1:4 35:0:1:4 43:0:1:4 49:0:1:1 58:0:1:1 22:0:1:4 4:0:1:4 25:0:1:4 28:0:1:4 m] 
m[ 24:0:1:1 54:0:1:1 32:0:1:4 47:0:1:4 37:0:1:1 28:0:1:4 50:0:1:4 28:0:1:4 50:0:1:4 37:0:1:1 47:0:1:4 32:0:1:4 54:0:1:1 24:0:1:1 46:0:1:1 
24:0:1:1 54:0:1:1 32:0:1:4 47:0:1:4 37:0:1:1 50:0:1:4 28:0:1:4 50:0:1:4 28:0:1:4 37:0:1:1 47:0:1:4 32:0:1:4 54:0:1:1 24:0:1:1 46:0:1:1 m] 
m[ 17:0:1:1 40:0:1:1 35:0:1:4 28:0:1:4 44:0:1:1 59:0:1:4 58:0:1:1 59:0:1:4 58:0:1:1 44:0:1:1 28:0:1:4 35:0:1:4 40:0:1:1 17:0:1:1 49:0:1:1 
17:0:1:1 40:0:1:1 35:0:1:4 28:0:1:4 44:0:1:1 58:0:1:1 59:0:1:4 58:0:1:1 59:0:1:4 44:0:1:1 28:0:1:4 35:0:1:4 40:0:1:1 17:0:1:1 49:0:1:1 m] 
m[ 6:0:1:1 5:0:1:1 26:0:1:1 51:0:1:1 32:0:1:1 18:0:1:1 14:0:1:1 18:0:1:1 14:0:1:1 32:0:1:1 51:0:1:1 26:0:1:1 5:0:1:1 6:0:1:1 27:0:1:1 
6:0:1:1 5:0:1:1 26:0:1:1 51:0:1:1 32:0:1:1 14:0:1:1 18:0:1:1 14:0:1:1 18:0:1:1 32:0:1:1 51:0:1:1 26:0:1:1 5:0:1:1 6:0:1:1 27:0:1:1 m] 
m[ 27:0:1:1 6:0:1:1 5:0:1:1 26:0:1:1 51:0:1:1 32:0:1:1 18:0:1:1 14:0:1:1 18:0:1:1 14:0:1:1 32:0:1:1 51:0:1:1 26:0:1:1 5:0:1:1 6:0:1:1 
27:0:1:1 6:0:1:1 5:0:1:1 26:0:1:1 51:0:1:1 32:0:1:1 14:0:1:1 18:0:1:1 14:0:1:1 18:0:1:1 32:0:1:1 51:0:1:1 26:0:1:1 5:0:1:1 6:0:1:1 m] 
m[ 25:0:1:1 54:0:1:4 24:0:1:4 44:0:1:4 28:0:1:1 47:0:1:1 50:0:1:1 47:0:1:1 50:0:1:1 28:0:1:1 44:0:1:4 24:0:1:4 54:0:1:4 25:0:1:1 49:0:1:4 
25:0:1:1 54:0:1:4 24:0:1:4 44:0:1:4 28:0:1:1 50:0:1:1 47:0:1:1 50:0:1:1 47:0:1:1 28:0:1:1 44:0:1:4 24:0:1:4 54:0:1:4 25:0:1:1 49:0:1:4 m] 
m[ 57:0:1:1 20:0:1:4 24:0:1:4 50:0:1:1 25:0:1:1 55:0:1:4 54:0:1:4 55:0:1:4 54:0:1:4 25:0:1:1 50:0:1:1 24:0:1:4 20:0:1:4 57:0:1:1 49:0:1:4 
57:0:1:1 20:0:1:4 24:0:1:4 50:0:1:1 25:0:1:1 54:0:1:4 55:0:1:4 54:0:1:4 55:0:1:4 25:0:1:1 50:0:1:1 24:0:1:4 20:0:1:4 57:0:1:1 49:0:1:4 m] 
m[ 50:0:1:1 37:0:1:4 56:0:1:1 18:0:1:1 13:0:1:1 51:0:1:1 47:0:1:1 51:0:1:1 47:0:1:1 13:0:1:1 18:0:1:1 56:0:1:1 37:0:1:4 50:0:1:1 41:0:1:1 
50:0:1:1 37:0:1:4 56:0:1:1 18:0:1:1 13:0:1:1 47:0:1:1 51:0:1:1 47:0:1:1 51:0:1:1 13:0:1:1 18:0:1:1 56:0:1:1 37:0:1:4 50:0:1:1 41:0:1:1 m] 
m[ 52:0:1:4 36:0:1:1 41:0:1:1 44:0:1:4 29:0:1:4 21:0:1:4 42:0:1:4 21:0:1:4 42:0:1:4 29:0:1:4 44:0:1:4 41:0:1:1 36:0:1:1 52:0:1:4 45:0:1:1 
52:0:1:4 36:0:1:1 41:0:1:1 44:0:1:4 29:0:1:4 42:0:1:4 21:0:1:4 42:0:1:4 21:0:1:4 29:0:1:4 44:0:1:4 41:0:1:1 36:0:1:1 52:0:1:4 45:0:1:1 m] 
m[ 28:0:1:1 13:0:1:1 18:0:1:1 36:0:1:1 45:0:1:1 3:0:1:1 10:0:1:1 3:0:1:1 10:0:1:1 45:0:1:1 36:0:1:1 18:0:1:1 13:0:1:1 28:0:1:1 41:0:1:1 
28:0:1:1 13:0:1:1 18:0:1:1 36:0:1:1 45:0:1:1 10:0:1:1 3:0:1:1 10:0:1:1 3:0:1:1 45:0:1:1 36:0:1:1 18:0:1:1 13:0:1:1 28:0:1:1 41:0:1:1 m] 
m[ 37:0:1:4 41:0:1:1 36:0:1:1 48:0:1:4 21:0:1:4 29:0:1:4 42:0:1:4 29:0:1:4 42:0:1:4 21:0:1:4 48:0:1:4 36:0:1:1 41:0:1:1 37:0:1:4 56:0:1:1 
37:0:1:4 41:0:1:1 36:0:1:1 48:0:1:4 21:0:1:4 42:0:1:4 29:0:1:4 42:0:1:4 29:0:1:4 21:0:1:4 48:0:1:4 36:0:1:1 41:0:1:1 37:0:1:4 56:0:1:1 m] 
m[ 18:0:1:1 56:0:1:1 37:0:1:4 50:0:1:1 13:0:1:1 45:0:1:1 41:0:1:1 45:0:1:1 41:0:1:1 13:0:1:1 50:0:1:1 37:0:1:4 56:0:1:1 18:0:1:1 47:0:1:1 
18:0:1:1 56:0:1:1 37:0:1:4 50:0:1:1 13:0:1:1 41:0:1:1 45:0:1:1 41:0:1:1 45:0:1:1 13:0:1:1 50:0:1:1 37:0:1:4 56:0:1:1 18:0:1:1 47:0:1:1 m] 
m[ 28:0:1:1 10:0:1:1 3:0:1:1 12:0:1:1 35:0:1:1 6:0:1:1 4:0:1:1 6:0:1:1 4:0:1:1 35:0:1:1 12:0:1:1 3:0:1:1 10:0:1:1 28:0:1:1 22:0:1:1 
28:0:1:1 10:0:1:1 3:0:1:1 12:0:1:1 35:0:1:1 4:0:1:1 6:0:1:1 4:0:1:1 6:0:1:1 35:0:1:1 12:0:1:1 3:0:1:1 10:0:1:1 28:0:1:1 22:0:1:1 m] 
m[ 35:0:1:1 22:0:1:1 3:0:1:1 1:0:1:1 16:0:1:1 13:0:1:1 4:0:1:1 13:0:1:1 4:0:1:1 16:0:1:1 1:0:1:1 3:0:1:1 22:0:1:1 35:0:1:1 12:0:1:1 
35:0:1:1 22:0:1:1 3:0:1:1 1:0:1:1 16:0:1:1 4:0:1:1 13:0:1:1 4:0:1:1 13:0:1:1 16:0:1:1 1:0:1:1 3:0:1:1 22:0:1:1 35:0:1:1 12:0:1:1 m] 
m[ 1:0:1:1 4:0:1:1 10:0:1:1 8:0:1:1 2:0:1:1 14:0:1:1 0:0:1:1 14:0:1:1 0:0:1:1 2:0:1:1 8:0:1:1 10:0:1:1 4:0:1:1 1:0:1:1 3:0:1:1 
1:0:1:1 4:0:1:1 10:0:1:1 8:0:1:1 2:0:1:1 0:0:1:1 14:0:1:1 0:0:1:1 14:0:1:1 2:0:1:1 8:0:1:1 10:0:1:1 4:0:1:1 1:0:1:1 3:0:1:1 m] 
m[ 4:0:1:1 3:0:1:1 9:0:1:1 21:0:1:1 16:0:1:1 5:0:1:1 1:0:1:1 5:0:1:1 1:0:1:1 16:0:1:1 21:0:1:1 9:0:1:1 3:0:1:1 4:0:1:1 12:0:1:1 
4:0:1:1 3:0:1:1 9:0:1:1 21:0:1:1 16:0:1:1 1:0:1:1 5:0:1:1 1:0:1:1 5:0:1:1 16:0:1:1 21:0:1:1 9:0:1:1 3:0:1:1 4:0:1:1 12:0:1:1 m] 
m[ 30:0:1:1 9:0:1:1 1:0:1:1 4:0:1:1 22:0:1:1 8:0:1:1 3:0:1:1 8:0:1:1 3:0:1:1 22:0:1:1 4:0:1:1 1:0:1:1 9:0:1:1 30:0:1:1 12:0:1:1 
30:0:1:1 9:0:1:1 1:0:1:1 4:0:1:1 22:0:1:1 3:0:1:1 8:0:1:1 3:0:1:1 8:0:1:1 22:0:1:1 4:0:1:1 1:0:1:1 9:0:1:1 30:0:1:1 12:0:1:1 m] 
m[ 34:0:1:1 55:0:1:4 59:0:1:4 29:0:1:1 15:0:1:1 36:0:1:4 52:0:1:1 36:0:1:4 52:0:1:1 15:0:1:1 29:0:1:1 59:0:1:4 55:0:1:4 34:0:1:1 27:0:1:1 
34:0:1:1 55:0:1:4 59:0:1:4 29:0:1:1 15:0:1:1 52:0:1:1 36:0:1:4 52:0:1:1 36:0:1:4 15:0:1:1 29:0:1:1 59:0:1:4 55:0:1:4 34:0:1:1 27:0:1:1 m] 
m[ 31:0:1:4 33:0:1:4 47:0:1:4 41:0:1:4 36:0:1:4 21:0:1:1 56:0:1:4 21:0:1:1 56:0:1:4 36:0:1:4 41:0:1:4 47:0:1:4 33:0:1:4 31:0:1:4 18:0:1:4 
31:0:1:4 33:0:1:4 47:0:1:4 41:0:1:4 36:0:1:4 56:0:1:4 21:0:1:1 56:0:1:4 21:0:1:1 36:0:1:4 41:0:1:4 47:0:1:4 33:0:1:4 31:0:1:4 18:0:1:4 m] 
m[ 42:0:1:1 21:0:1:1 9:0:1:1 24:0:1:1 44:0:1:1 5:0:1:1 11:0:1:1 5:0:1:1 11:0:1:1 44:0:1:1 24:0:1:1 9:0:1:1 21:0:1:1 42:0:1:1 37:0:1:1 
42:0:1:1 21:0:1:1 9:0:1:1 24:0:1:1 44:0:1:1 11:0:1:1 5:0:1:1 11:0:1:1 5:0:1:1 44:0:1:1 24:0:1:1 9:0:1:1 21:0:1:1 42:0:1:1 37:0:1:1 m] 
m[ 44:0:1:1 42:0:1:1 36:0:1:4 10:0:1:4 28:0:1:4 47:0:1:4 41:0:1:4 47:0:1:4 41:0:1:4 28:0:1:4 10:0:1:4 36:0:1:4 42:0:1:1 44:0:1:1 45:0:1:4 
44:0:1:1 42:0:1:1 36:0:1:4 10:0:1:4 28:0:1:4 41:0:1:4 47:0:1:4 41:0:1:4 47:0:1:4 28:0:1:4 10:0:1:4 36:0:1:4 42:0:1:1 44:0:1:1 45:0:1:4 m] 
m[ 33:0:1:4 56:0:1:4 48:0:1:1 57:0:1:1 40:0:1:4 12:0:1:1 43:0:1:1 12:0:1:1 43:0:1:1 40:0:1:4 57:0:1:1 48:0:1:1 56:0:1:4 33:0:1:4 31:0:1:4 
33:0:1:4 56:0:1:4 48:0:1:1 57:0:1:1 40:0:1:4 43:0:1:1 12:0:1:1 43:0:1:1 12:0:1:1 40:0:1:4 57:0:1:1 48:0:1:1 56:0:1:4 33:0:1:4 31:0:1:4 m] 
m[ 35:0:1:1 12:0:1:1 21:0:1:1 48:0:1:1 57:0:1:1 6:0:1:1 16:0:1:1 6:0:1:1 16:0:1:1 57:0:1:1 48:0:1:1 21:0:1:1 12:0:1:1 35:0:1:1 43:0:1:1 
35:0:1:1 12:0:1:1 21:0:1:1 48:0:1:1 57:0:1:1 16:0:1:1 6:0:1:1 16:0:1:1 6:0:1:1 57:0:1:1 48:0:1:1 21:0:1:1 12:0:1:1 35:0:1:1 43:0:1:1 m] 
m[ 57:0:1:1 49:0:1:4 58:0:1:4 53:0:1:1 43:0:1:1 4:0:1:1 35:0:1:1 4:0:1:1 35:0:1:1 43:0:1:1 53:0:1:1 58:0:1:4 49:0:1:4 57:0:1:1 40:0:1:4 
57:0:1:1 49:0:1:4 58:0:1:4 53:0:1:1 43:0:1:1 35:0:1:1 4:0:1:1 35:0:1:1 4:0:1:1 43:0:1:1 53:0:1:1 58:0:1:4 49:0:1:4 57:0:1:1 40:0:1:4 m] 
m[ 20:0:1:4 54:0:1:4 50:0:1:1 44:0:1:4 17:0:1:4 35:0:1:1 49:0:1:4 35:0:1:1 49:0:1:4 17:0:1:4 44:0:1:4 50:0:1:1 54:0:1:4 20:0:1:4 24:0:1:4 
20:0:1:4 54:0:1:4 50:0:1:1 44:0:1:4 17:0:1:4 49:0:1:4 35:0:1:1 49:0:1:4 35:0:1:1 17:0:1:4 44:0:1:4 50:0:1:1 54:0:1:4 20:0:1:4 24:0:1:4 m] 
m[ 15:0:1:1 6:0:1:1 4:0:1:1 12:0:1:1 21:0:1:1 2:0:1:1 1:0:1:1 2:0:1:1 1:0:1:1 21:0:1:1 12:0:1:1 4:0:1:1 6:0:1:1 15:0:1:1 16:0:1:1 
15:0:1:1 6:0:1:1 4:0:1:1 12:0:1:1 21:0:1:1 1:0:1:1 2:0:1:1 1:0:1:1 2:0:1:1 21:0:1:1 12:0:1:1 4:0:1:1 6:0:1:1 15:0:1:1 16:0:1:1 m] .
