MPUltimate v1.5 120-cell_Mirror(Z) 288 0 288
Puzzle 120-cell_Mirror(Z)
Dim 4
NAxis 1
Faces 3.236068,0,0,0
Group 0,4.472136,-7.236068,0/0,5.854102,-9.472136,8.09017 0,0,1,0/0,0,0,1 -0.618034,1.618034,1,0/0,0,0,1
Axis 3.236068,0,0,0
Twists 0,1,0,0/0,0,1,0/0,0,0,1
Cuts 0.95 -0.95
FixedMask 2
EndPuzzle
2 7560
00000000000000H00000O0O0000000000000J2J20041000000000000008100T0000041O0000000F100F1F141000000B100410000000000X0000000F100000010101010101010101010101010101010101010101010101010101010101010101010101010W010101010Q07210101010101010D0101010R0101010Q01010I02020
202020202020202020Q1202020D02020202020202020202020R0I02020R020202020X0X02020202020I02020202020I020202020D0X020X0202020D0203030303030303030303030303030303030303030303030I130I130H030H030X0303030303030303030303030303030303030303030303030E0E0E0K03030E040404040
404040404040404040404040404040404040404040404040404040404040404040404040R0J1404040404040404040R04070W0704090404040W04050505050505050505050U1U15050505050505050P0P05050J0J050505050U1W050505050505050505050V0B15050B15050B15050505050U1A050A0O0A0A0V0606060606060
6060606060606060606060606080606060606072606060I160606060X0X060X060306030H060606060606060F1F160606060606060H06060F17070707070707070707070707040W0W0707070707040707070W0707070F070W07070707070107070W07070707070707070F0828270I140B070I170707070828080808080808080
8080808080808080808080808080808080808080D0Q0Q0Q08080808080808080A1A1808080808080K1K180E0808080Q0808080X080K180909090909090909090909090909090909090909090909090909090909090909090909090909090909090909090909040907090909090909090909090909090A0A0A0A0A0A0A0A0A0A0
A0A0A0A0A0A0A0A0A0A0A0A0A0A0A0A0A0A0A0A0A0A0A0A0A0A0A0A0A0A0A0A0A0A0A0A0A0A0A0A0A0A0A0A0A0A0J0J0V0J0B1B1V0B0B0B0B0B0B0B0B0B0B0B0B0B0B0B0B0B0B0B0U1B0B0B0B0B0B0B0B0B0B0B0B0B0B0B0B0B0B0B0B0G0G0B0B0B0B0B0B0B0B0E0B0B0B0B0B0B0B0B0B0B0B0E0C0C0C0C0C0C0C0C0C0C0C0C0
C0C0C0C0C0C0C0C0C0C0C0C0C0C0C0C0C0C0C0C0C0C0C0C0C0C0C0C0C0C0C0C0C0C0C0C0C0C0C0C0C0C0C0C0C0C0C0C0C0C0C0D0D0D0D0D0D0D0D0D0D0D0D0D0D0V1V1D0D0D0D0D0D0D0D0D0D0D0D0D0D0D0D0D0D0Q080Q010D0D0D0V1D0Q0D0D0D0D0D0D0D0D0D0D02020D0Q0D0D0D020D0E0E0E0M2E0E0E0E0E0E0E0E0E0E0
E0E0E0E0E0M2E0E0E0E0E0K0E0E0E0E0E0E0E0E0G0G0M1B0E0E0K0E0E0G0E0E0B0E0B0E0K0E0E0E0E0E0E0M1H2H230B011F0F0F0F0F0F0F0F0F0F0F0F0F0F0F0F0F0F0F0F0F0F0F0F0F0F0F0F0F0F0F0F0F0F0F0F0F0F0F0F0F0F0F0F0F0F0F0F0F0F0F090F0F0F0F0F0F0F0F0F0F0B1G0G0G0G0G0G0G0G0G0G0G0G0G0G0G0G0
G0G0G0G0G0G0G0G0G0G0G0G0E030G0G0G0G0G0G0G0G0G0G0G0G0G0G0G0G0G0G0E0A1G0G0G0G0G0G0G0G0G0G0G0E0G0H0H0H0H0H0H0H0H0H0H0H0H0H0H0H0H0H0H0H0F1H0H0H0H0H0H0H0H0I0I0H010H0H0H0H0H0H0H0H0H0H0H0H0H0H06060H0606060H0H0H0H0H0H0H0H06060H0I0I0I0I0I0I0I0I0I0I0I0I0I0I0I0I0I0I0
I0I0I0I0I0I0I0I0I0R040404120I0I0I0I0I0I0I0I0J0J0I0I0I0I0I0I0I040H0H0I0I0I041I0K0I0I0I0W1H0J0J0J0J0J0J0I0I0J0J0J0J0J0J0J0J0J0J0J0J0J0J0J0J0J0I0J0J0J0J0J0J0J041J04141J2J0J0J0J0J0J0J0J0J0J0J0J0J0J0J050J0A0J041J0J05050B1K0K0K0K0K0K0K0K0K0K0K0K0K0K0K0K0K0K0K0K0
1111K0K0K0K0K0K0K0K0K0K0K0K0K0K0K0H2K0K0K0K0K0K0K030E0E0E0E0K030K0K0K0K0K0K0K0K0K0Y1K0L0L0L0L0L0L0L0L0L0L0L0L0L0L0L0L0L0L0L0L0L0L0L0L0L0L0L0L0L0L0L0L0L0L0L0L0L0L0L0L0L0L0L0L0L0L0L0L0L0L0L0L0L0L0L0L0L0L0L0L0L0L0L0M0M0M0M0M0M0M0M0M0M0M0M0M0M0M0M0M0M0M0M0M0M0
M0M0M0M0M0M0M0M0M0M0M0M0M0M0M0M0M0M0M0M0M0M0M0M0M0M0M0M0M0M0M0M0M0M0M0M0M0M0M0M0M0N0N0N0N0N0N0N0N0N0N0N0N0N0N0N0N0N0N0N0N0N0N0N0N0N0N0N0N0N0N0N0N0N0N0N0N0N0N0N0N0N0N0N0N0N0N0N0N0N0N0N0N0N0N0N0N0N0N0N0N0N0N0O0O0O0O0O0O0O0O0O0O0O0O0O0O0O0O0O0O0O0O000O0O0O0O0
O0O0O0O0O0S1O0O0O0O0O0O0O0O0O0O0O070V0E2O0O0O0O0O0O0O0O0O0O0O0O0O0O000V0O0O000P0P0P0P0P0P0P0P0P0P0P0P0P0P0P0P0P0P0P0P0P0P0P0P0P0P0P0P0P0P0P0P0P0P0P0P0P0P0P0P0F1F1P0P0P0P0P0P050A0P0F1P0P0P0P0P0P0P0P0P0J0P0Q0Q0Q0Q0Q0Q0Q0Q0Q0Q07280Q0Q0Q060Q0Q0Q0Q0Q0Q0Q0Q0Q0Q0
Q0Q0Q0Q0Q0Q0Q0Q0Q072Q0Q0Q0Q0Q0Q0D0D0Q080Q080808080D0Q0Q01010Q0Q0Q0Q0Q010D0R0R0R0R0R0R0R0R0R0R0R0R0R0R0R0R0R0R0R082R0R0R0R0R082R0R0R082I0I0R0R0R0R0R0R0R0R0R0R0R0R0R0R0R0R0I0I0R0R0R04120R0R041R0R020R020S0S0S0S0S003S003S0S0S003S0S0S0S0S0S0S0S0S0S0S0S0S0S0S0S0
S0S0S0S0S0S0S0S0S0S0S0S0S0S0S0S0S0S0S0S0S0S0S0S0S0S0S0S0S0S0S0S0S0S0S0T0T0T0T0T0T0T0T0T0T0T0T0T0T0T0T0T0T0T0T0T0T0T0T0T0T0T0T0T0T0T0T0T0T0T0T0T0T0T0T0T0T0T0T0T0T0T0T0T0T0T0T0T0T0T0T0T0X0T000T0T0Y0U0U0U0U0U0U0U0U0U0U0U0U0U0U0U0U0U0U0U0U0U0U0U0U0U0U0U0U0U0U0
U0U0U0U0U0U0U0U0U0U0U0U0U0U0U0U0U0U0U0U0U0U0U0U0U0U0U0U0U0U0U0U0U0V0V0V0V0V0V0V0V0V0V0V0V0V0V0V0V0V0V0V0V0V0V0V0V0V0V0V0V0V0V0O0O0V0V0V0V0V0V0V0V0V0V0V0V0V0V0V0V0V0V03030V050B1B1V050V0V0V05050W0W0W0W0W0W0U150W0W0W0W0W0W0W0W0W0W0W0U1W0W0W0W0W0U1W0U17070W0U1
W0W0W0W0W0W0W0W0W0W0W0W0W0W0W0W07070W0W0W0W0W070W0W0W0W0W070W0X0X0X0X0X0X0X020X0X0X0X0X0X0D0D0X0X0X0X0X0X0X0X0X0X0X0X0X0X0X0X0X0X0X001X0X0X0X0X0D0X0T0X0X0X0606060X0X0X0X0X0X0X0202020X06060Y0Y0Y0Y0Y0Y0Y0Y0Y0Y0Y0Y0Y0Y0Y0Y0Y0Y0Y0Y0Y0Y0Y0Y0Y0Y0Y0Y0Y0Y0Y0Y0Y0Y0
Y0Y0Y0Y0Y0Y0Y0Y0Y0Y0Y0Y0Y0Y0Y0Y0Y0Y0Y0Y0Y000Y0Y0Y0Y0Y0Y0Y0Z0Z0Z0Z0Z0Z0Z0Z0Z0Z0Z0Z0Z0Z0Z0Z0Z0Z0Z0Z0Z0Z0Z0Z0Z0Z0Z0Z0Z0Z0Z0Z0Z0Z0Z0Z0Z0Z0Z0Z0Z0Z0Z0Z0Z0Z0Z0Z0Z0Z0Z0Z0Z0Z0Z0Z0Z0Z0Z0Z0Z0Z0Z001010101010101010101010101010101010101010101010101T201010101010101010101
01010101010101010101010101010101010101010101012001010111111111111111111111111111111111111111111111111111111111K01011111111111111111111111111111111111111M2111111111111111111111111112121212121212121212121212121212121212121212121212121212121212121212121212121
2121212121212121212121212121212121212121212121212131313131313131313131R2R23131313131313131313131313131313131313131313131R231313131313131313131313131H0313131313131313131313131314141414141414141414131314141414141414141414141R0R0414141414141R04141413141R04141
41414141414141414141818141414100410000000000F1515151515151515151515151515151515151515151515151515151515151515151515151515151515151515151515151515151515151515151515151515151616161616161616161616161616161616161616161616161616161616161616161616161616161616161
616161616161616161616161616161616161616161717171717171717171717171717171717171717171717171717171717171717171717171717171717171717171717171717171717171717171717171717171818181818181818181818181818181818181818181818181818181818181J050818181818181818181818181
8181818181818181818181F181818181818181919191919191919191919191919191919191919191919191919191919191919191919191919191919191919191919191919191919191919191919191919191A1A1A1A1A1A1A1A1A1A1A1A1A1A1A1A1A1A1A1A1A1A1A1A1A1A1A1A18080A1A1A1A1A1A1A1A1A1A1A1A1A1A1A1A1
A1A1A180A1A1A1A1A1A1A1A1A1A1A1A1A1B1B1B1B1B1B1B1B1B1B1B1B1B1B1B141B1B1S1S1B1B1B1B1B1B1B1B1B1S1B1B1B1B1B1B1B1B1B1B1B1B1B1B1B1B15050505050P0B1B1B1B1B1B1B1B1B1V050C1C1C1C1C1C1C1C1C1C1C1C1C1C1C1C1C1C1C1C1C1C1C1C1C1C1C1C1C1C1C1C1C1C1C1C1C1C1C1C1C1C1C1C1C1C1C1C1
C1C1C1C1C1C1C1C1C1C1C1C1C1C1C1D1D1D1D1D1D1D1D1D1D1D1D1D1D1D1D1D1D1D1D1D1D1D1D1D1D1D1D1D1D1D1D1D1D1D1D1D1D1D1D1D1D1D1D1D1D1D1D1D1D1D1D1D1D1D1D1D1D1D1D1D1D1D1E1E1E1E1E1E1E1E1E1E1E1E1E1E1E1E1E1E1E1E1E1E1E1E1E1E1E1E1E1I2E1E1E1E1E1E1E1E1E1E1E1E1E1E1E1E1E1E1E1E1
E1E1E1E1E1E1E1E1E1E1E1E1R0F1F1F1F1F1F1F1F1F1F1F1F1F100F100F1F1F1F1F100F1F1F1H0F1F1F1F1F1F1F1F1F1F1F1F1F1F1P0P0F1F1F1H0F1J0F1F1F1P0F1F1F1F10000F100F100F1G1G1G1G1G1G1G1G1G1G1G1G1G1G1G1G1G1G1G1G1G1G1G1G1G1G1G1G1G1G1G1G1G1G1G1G1G1G1G1G1G1G1G1G1G1G1G1G1G1G1G1G1
G1G1G1G1G1G1G1G1G1G1G1H1H1H1H1H1H1H1H1H1H1H1H1H1H1H1H1H1H1H1H1H1H1H1H1H1H1H1H1H1H1H1H1H1H1H1H1H1H1H1H1H1H1H1H1H1H1H1H1H1H1H1H1H1H1H1H1H1H1H1H1H1H1H1I1I1I1I1I1I1I1I1I1I1I1I1I1I1I1I1I1I1I1I1I1I1I1I1I1I1I1I1I1I1I1I1I1I1I1I1I1I1I1I1I1I1I1I1I1I1I1I1I1I1I1I1I1I1
I1I1V0V0I1V07070I1J1J1J1J1J1J1J1J1J1J1J1J1J1J1J1J1J1J1J1J1J1J1J1J1J1J1J1J1J1J1J1J1J1J1J1J1J1J1J1J1J1J1J1J1J1J1J1J1J1J1J1J1J1J1J1J1J101J1J1J1J1J1K1K1K1K1K1K1K1K1K1K1K1K1K1K1K1K1K1K1K1K1K1D2K1K1K1K1K1Q0K180K1Q0K1K1K1K1K1K1K1K1K1K1K1K1K1K1K1K1K1K1K1K1K1K1K1K1
K1K1K1K1K1K1K1L1L1L1L1L1L1L1L1L1L1L1L1L112L112L1L1L1L1L112L1L1L1L1L1L1L1L1L1L1L1L1L1L1L1L1L1L1L1L1L1L1L1L1L1L1L1L1L1L1L1L1L1L1L1L1L1L1L1L1L1M1M1M1M1M1M1M1M1M1M1M1M1M1M1M1M1M1M1M1M1M1M1M1M1M1M1M1M1M1M1E0M1M1M1M1M1M1M1M1M1M1M1M1M1M1M1M1M1M1M1M1M1M1M1M1E0M1M1
M1M1M1M1M1N1N1N1N1N1N1N1N1N1N1N1N1N1N1N1N1N1N1N1N1N1N1N1N1N1N1N1N1N1N1N1N1N1N1N1N1N1N1N1N1N1N1N1N1N1N1N1N1N1N1N1N1N1N1N1N1N1N1N1N1N1N1N1O1O1O1O1O1O1O1O1O1O1O1O1O1O1O1O1O1O1O1O1O1O1O1O1O1O1O1O1O1O1O1O1O1O1O1O1O1O1O1O1O1O1O1O1O1O1O1B2O1O1O1O1O1O1O1O1O1O1O1O1
O1O1O1P1P1P1P1P1P1P1P1P1P1P1P1P1P1P1P1P1P1P1P1P1P1P1P1P1P1P1P1P1P1P1P1P1P1P1P1P1P1P1P1P1P1P1P1P1P1P1P1P1P1P1P1P1P1P1P1P1P1P1P1P1P1P1Q1Q1Q1Q1Q1Q1Q1Q1Q1Q1Q1Q1Q1Q1Q1Q1Q1Q1Q1Q1Q1Q1Q1Q1Q1Q1Q1Q1Q1Q1Q1Q1Q1Q1Q1Q1Q1Q1Q1Q1Q1Q1Q1Q1Q1Q1Q1Q1Q1Q1Q1Q1Q1Q1Q1Q1Q1Q1Q1Q1Q1Q1
W1R1R1R1R1R1R1R1R1R1R1R1R1R1R1R1R1R1R1R1R1R1R1R1R1R1R1R1R1R1R1R1R1R1R1R1R1R1R1R1R1R1R1R1R1R1R14242R142R1R1R1R1R1R1R1R1R1R1R1R1R1S1S1S1S1S1S1S1S1S1S1S1S1S1S1S1S1S1S1S1S1S1S1S1S1S1S1S1S1S1S1S1A0S1S1S1S1S1S1S1S1S1S1S1S1S1S1S1S1S1S1S1S1S1S1B1N0S1S1S1S1S1B1S1T1
T1T1T1T1T1T1T1T1T1T1T1T1T1T1T1T1T1T1T1T1T1T1T1T1T1T1T1T1T1T1T1T1T1T1T1T1O1T1T1T1T1T1T1T1T1T1T1T1T1T1T1T1T1T1T1T1T1T1T1T1T1T1U1U1U1U1U1U1U1U1U1A3U1A3U1U1U1A3U1U1U1U1U1U1U1U1U1U1U1U1Z1Z1U1U1U1U1U1U1U1U1U170U170U140U1U1U1U1U1Z1W0W0U1U150U1U1U15030U150W0V1V1V1
V1V1V1V1V1V1V1V1V1V1V1V1V1V1V1V1V1V1V1V1V1V1V1V1V1V1V1X0T0V1V1V1V1V1V1V1V1V1V1V1V1V1V1V1V1V1V1V1V1V1V1V1X0V1V1V1V1V1V1V1W1W1W1W1W1W1W1W1W1W1W1W1W1W1W1W1W1W1W1W1W1W1W1W1W1W1W1W1W1W1W1W1W1W1W131W1W1W1W1W1W1W1W1W1W1W1W1W1W1W1W1W1W1W1W1W1W1W1W1W120W1X1X1X1X1X1
X1X1X1X1X1X1X1X1X1X1X1X1X1X1X1X1X1X1X1X1X1X1X1X1X1X1X1X1X1X1X1X1X1X1X1Y1Y1X1X1X1X1X1X1X1X1X1Y1X1X1X1X1X1X1X1X1X1X1X1Y1Y1Y1Y1Y1Y1Y1Y1Y1Y1Y1Y1Y1Y1Y1Y1Y1Y1Y1Y1Y1Y1Y1Y1Y1Y1Y1Y1Y1Y1Y1Y1Y1Y1Y1Y1Y1Y1Y1Y1X1X1Y1Y1Y1Y1Y1Y1Y1K0Y1X1Y1Y1Y1Y1Y1Y1Y1Y1Y1Y1Y1Z1Z1Z1Z1Z1Z1Z1
Z1Z1Z1Z1Z1Z1Z1Z1Z1Z1Z1Z1Z1Z1Z1Z1Z1Z1Z1Z1Z1Z1Z1Z1Z1Z1Z1U1U1Z1Z1Z1Z1Z1Z1Z1U1Z1Z1Z1Z1Z1Z1Z1Z1Z1Z1Z1Z1Z1Z1Z1Z1Z1Z1Z1020202020202020202020202020202020202020202020202020202020202020202020202020202020202020202020202020202020202020202020202020202121212121212121212
12121212L112L11212121212L112121212121212121212121212121212121212121212121212121212121212121212121212121212122222222222222222222222222222222222222222222222222222222222222222222222222222222222222222222222222222222222222222222222222222223232323232323232323232
323232323232323232323232323232323232323232323232323232323232323232323232323232323232323232323232323232324242424242424242424242424242424242R142R142R1424242424242424242424242424242424242424242424242424242424242424242424242424242424252525252525252525252525252
525252525252525252525252525252525252525252525252525252525252525252525252525252525252525252525252525262626262626262626262626262626262626262626262626262626262626262626262626262626262626262E162626262626262626262626262626262626262727272727272727272727272727272
727272727272727272727272727272727272727272727272727272727272727272Q0Q07272727272Q07272727272Q07282828282828282828282828282828282828282828282828282828282828282828282825382828282828282I082828282828282R082827070828282E18270829292929292929292929292929292929292
92929292929292929292929292929292929292929292929292929292929292929292929292929292929292929292A2A2A2A2A2A2A2A2A2A2A2A2A2A2A2A2A2A2A2A2A2A2A2A2A2A2A2A2A2A2A2A2A2A2A2A2A2A2A2A2A2A2A2A2A2A2A2A2A2A2A2A2A2A2A2A2A2A2A2A2A2A2A2B2B2B2B2B2B2B2B2B2B2B2B2B2B2B2B2B2B2B2
B2B2B2B2B2B2B2B2B2B2B2B2B2B2B2B2B2B2T1B2B2B2B2B2B2B2B2B2B2B2B2B2B2B2B2B2B2B2B2B2B2B2B2B2C2C2C2C2C2C2C2C2C2C2C2C2C2C2C2C2C2C2C2C2C2C2C2C2C2C2C2C2C2C2C2C2C2C2C2C2C2C2C2C2C2C2C2C2C2C2C2C2C2C2C2C2C2C2C2C2C2C2C2C2C2C2C2D2D2D2D2D2D2D2D2D2D2D2D2D2D2D2D2D2D2D2D2D2
D2D2D2D2D2D2D2D2D2D2D2D2D2D2D2D2D2D2D2D2D2D2D2D2D2D2D2D2D2D2D2D2D2D2D2D2E2D2D2D2D2D2E2E2E2E2E2E2E2E2E2E2E2E2E2E2E2E2E2E2E2E2E2E2E2E2E2E2E2E2E2E2E2E2E2E2E2E2E2E2E2E2E2E2E2E2E2E2E2O0E2E2E2E2E2E2E2E2E2K1E2E2E2E2E2F2F2F2F2F2F2F2F2F2F2F2F2F2F2F2F2F2F2F2F2F2F2F2
F2F2F2F2F2F2F2F2F2F2F2F2F2F2F2F2F2F2F2F2F2F2F2F2F2F2F2F2F2F2F2F2F2F2F2F2F2F2F2F2G2G2G2G2G2G2G2G2G2G2G2G2G2G2G2G2G2G2G2G2G2G2G2G2G2G2G2G2G2G2G2G2G2G2G2G2G2G2G2G2G2G2G2G2G2G2G2G2G2G2G2G2G2G2G2G2G2G2G2G2G2G2G2H2H2H2H2H2H2H2H2H2H2H2H2H2H2H2H2H2H2H2H2H2H2H2H2H2
H2H2H2H2H2H2H2H2H2H2H2H2H2H2H2H2H2H2H2H2K0H2K0H2H2H2K0H2H2H2H2H2H2H2H2H2H2H2I2I2I2I2I2I2I2I2I2I2I2I2I2I2I2I2I2I2I2I2I2I2I2I2I2I2I2I2I2I2I2I2I2I2I2I2I262I2I2I2I2I2I2I2I2I2I2I2I2I2I2I2I2I2I2I2I2I2I2I2I2I2J2J2J2J2J2J2J2J2J2J2J2J2J2J2J2J2J2J2J2J2J2J2J2J2J2J2J2
J2J2J2J2J2J2J2J2J2J2J2J2J2J2J2J2J2J2J2J0J0J2J0J2J2J2J2J2J2J2J2J2J2J2J2J2K2K2K2K2K2K2K2K2K2K2K2K2K2K2K2K2K2K2K2K2K2K2K2K2K2K2K2K2K2K2K2K2K2K2K2K2K2K2K2K2K2K2K2K2K2K2K2K2K2K2K2K2K2K2K2K2K2K2K2K2K2K2K2L2L2L2L2L2L2L2L2L2L2L2L2L2L2L2L2L2L2L2L2L2L2L2L2L2L2L2L2L2
L2L2L2L2L2L2L2L2L2L2L2L2L2L2L2L2L2L2L2L2L2L2L2L2L2L2L2L2L2L2L2L2L2L2M2M2M2M2M2M2M2M2M2M2M2M2M2M2M2M2M2M2M2M2M2M2M2M2M2M2M2M2M2M2M2M2M2M2M2M2M2M2M2T2M2T2M2T2M2M2M2M2M2M2M2M2M2M2M2M2M2M2E0E0M2M230N2N2N2N2N2N2N2N2N2N2N2N2N2N2N2N2N2N2N2N2N2N2N2N2N2N2N2N2N2N2N2
N2N2N2N2N2N2N2N2N2N2N2N2N2N2N2N2N2N2N2N2N2N2N2N2N2N2N2N2N2N2N2N2O2O2O2O2O2O2O2O2O2O2O2O2O2O2O2O2O2O2O2O2O2O2O2O2O2O2O2O2O2O2O2O2O2O2O2O2O2O2O2O2O2O2O2O2O2O2O2O2O2O2O2O2O2O2O2O2O2O2O2O2O2O2O2P2P2P2P2P2P2P2P2P2P2P2P2P2P2P2P2P2P2P2P2P2P2P2P2P2P2P2P2P2P2P2P2P2
P2P2P2P2P2P2P2P2P2P2P2P2P2P2P2P2P2P2P2P2P2P2P2P2P2P2P2S0S0S0Q2Q2Q2Q2Q2Q2Q2Q2Q2Q2Q2Q2Q2Q2Q2Q2Q2Q2Q2Q2Q2Q2Q2Q2Q2Q2Q2Q2Q2R2Q2Q2Q2Q2Q2Q2Q2Q2Q2Q2Q2Q2Q2Q2Q2Q2Q2Q2Q2Q2Q2Q2Q2Q2Q2Q2Q2Q2Q2Q2Q2Q2Q2R2R2R2R2R2R2R2R2R2R2R2R2R2R2R2R2R2R2R2R2R2Q2R2R2R2R2R2R2R2R2R2R2R2R2R2
R2R2R2R2R2R2R2R2R2R2R2R2R2R2R24141R2R2R2R2R2R2R2R2R2R241S2S2S2S2S2S2S2S2S2S2S2S2S2S2S2S2S2S2S2S2S2S2S2S2S2S2S2S2S2S2S2S2S2S2S2S2S2S2S2S2S2S2S2S2S2S2S2S2S2S2S2S2S2S2S2S2S2S2S2S2S2S2S2T2T2T2T2T2T2T2T2T2T2T2T2T2M2T2M2T2T2T2T2T2M2T2T2T2T2T2T2T2T2T2T2T2T2T2T2T2
T2T2T2T2T2T2T2T2T2T2T2T2X0T2T2T2T2T2T2T2T2T2T2T2T2T2U2U2U2U2U2U2U2U2U2U2U2U2U2U2U2U2U2U2U2U2U2U2U2U2U2U2U2U2U2U2U2U2U2U2U2U2U2U2U2U2U2U2U2U2U2U2U2U2U2U2U2U2U2U2U2U2U2U2U2U2U2U2U2V2V2V2V2V2V2V2V2V2V2V2V2V2V2V2V2V2V2V2V2V2V2V2V2V2V2V2V2V2V2V2V2V2V2V2V2V2V2V2
V2V2V2V2V2V2V2V2V2V2V2V2V2V2V2V2V2V2V2V2V2V2V2V2W2W2W2W2W2W2W2W2W2W2W2W2W2W2W2W2W2W2W2W2W2W2W2W2W2W2W2W2W2W2W2W2W2W2W2W2W2W2W2W2W2W2W2W2W2W2W2W2W2W2W2W2W2W2W2W2W2W2W2W2W2W2W2X2X2X2X2X2X2X2X2X2X2X2X2X2X2X2X2X2X2X2X2X2X2X2X2X2X2X2X2X2X2X2X2X2X2X2X2X2X2X2X2X2
X2X2X2X2X2X2X2X2X2X2X2X2X2X2X2X2X2X2X2X2X2X2Y2Y2Y2Y2Y2Y2Y2Y2Y2Y2Y2Y2Y2Y2Y2Y2Y2Y2Y2Y2Y2Y2Y2Y2Y2Y2Y2Y2Y2Y2Y2Y2Y2Y2Y2Y2Y2Y2Y2Y2Y2Y2Y2Y2Y2Y2Y2Y2Y2Y2Y2Y2Y2Y2Y2Y2Y2Y2Y2Y2Y2Y2Y2Z2Z2Z2Z2Z2Z2Z2Z2Z2Z2Z2Z2Z2Z2Z2Z2Z2Z2Z2Z2Z2Z2Z2Z2Z2Z2Z2Z2Z2Z2Z2Z2Z2Z2Z2Z2Z2Z2Z2Z2Z2Z2Z2
Z2Z2Z2Z2Z2Z2Z2Z2Z2Z2Z2Z2Z2Z2Z2Z2Z2Z2Z2Z2030303030303030303030303030303030303030303030303030303030303030303030303030303030303030303030303030303030303030303030303P2P2P2131313131313131313131313131313131313131313131313131313131313131313131313131313131313131313
1313131313131313131313131313131313132323232323232323232323232323232323232323232323232323232323232323232323232323232323232323232323232323232323232323232323232323233333333333333333333333333333333333333333333333333333333333333333333333333333333333333333333333
3333333333333333333333333333333343434343434343434343434343434343434343434343434343434343434343434343434343434343434343434343434343434343434343434343434343434353535353535353535353535353535353535353535353535353535353535353535353535353825353535353535353535353
5353535353535353535353535353636363636363636363636363636363636363636363636363636363636363636363636363636363636363636363636363636363636363636363636363636363737373737373737373737373737373737373737373737373737373737373737373737373737373737373737373737373737373
7373737373737373737373738383838383838383838383838383838383838383838383838383838383838383838383838383838383838383838383838383838383838383838383838383839393939393939393939393939393939393939393939393939393939393939393939393939393939393939393939393939393939393
93939393939393939393A3A3A3A3A3A3A3A3A3A3A3A3A3A3A3A3A3A3A3A3A3A3A3A3A3A3A3A3A3A3A3A3A3A3A3A3A3A3A3A3A3A3A3A3A3A3A3A3U1U1A3A3A3A3A3A3A3A3A3A3A3U1A3B3B3B3B3B3B3B3B3B3B3B3B3B3B3B3B3B3B3B3B3B3B3B3B3B3B3B3B3B3B3B3B3B3B3B3B3B3B3B3B3B3B3B3B3B3B3B3B3B3B3B3B3B3B3B3
B3B3B3B3B3B3B3B3
#timer 0
#CRC 6014920812876195707
*
m| m[ 7:0:1:1 26:0:1:1 7:0:1:1 26:0:1:1 14:0:1:1 26:0:1:1 7:0:1:1 26:0:1:1 7:0:1:1 14:0:1:1 m] m[ 7:0:1:1 26:0:1:1 7:0:1:1 
26:0:1:1 33:0:1:1 26:0:1:1 7:0:1:1 26:0:1:1 7:0:1:1 33:0:1:1 m] m[ 26:0:1:1 59:0:1:4 26:0:1:1 59:0:1:4 51:0:1:1 59:0:1:4 26:0:1:1 
59:0:1:4 26:0:1:1 51:0:1:1 m] m[ 53:0:1:4 30:0:1:4 53:0:1:4 30:0:1:4 12:0:1:4 30:0:1:4 53:0:1:4 30:0:1:4 53:0:1:4 12:0:1:4 m] 
m[ 43:0:1:4 21:0:1:4 43:0:1:4 21:0:1:4 48:0:1:4 21:0:1:4 43:0:1:4 21:0:1:4 43:0:1:4 48:0:1:4 m] m[ 0:0:1:1 5:0:1:1 0:0:1:1 
5:0:1:1 7:0:1:1 5:0:1:1 0:0:1:1 5:0:1:1 0:0:1:1 7:0:1:1 m] m[ 19:0:1:1 3:0:1:1 19:0:1:1 3:0:1:1 8:0:1:1 3:0:1:1 19:0:1:1 
3:0:1:1 19:0:1:1 8:0:1:1 m] m[ 7:0:1:1 17:0:1:1 7:0:1:1 17:0:1:1 26:0:1:1 17:0:1:1 7:0:1:1 17:0:1:1 7:0:1:1 26:0:1:1 m] 
m[ 5:0:1:1 17:0:1:1 5:0:1:1 17:0:1:1 26:0:1:1 17:0:1:1 5:0:1:1 17:0:1:1 5:0:1:1 26:0:1:1 m] m[ 5:0:1:1 27:0:1:1 5:0:1:1 
27:0:1:1 14:0:1:1 27:0:1:1 5:0:1:1 27:0:1:1 5:0:1:1 14:0:1:1 m] m[ 14:0:1:1 27:0:1:1 14:0:1:1 27:0:1:1 6:0:1:1 27:0:1:1 14:0:1:1 
27:0:1:1 14:0:1:1 6:0:1:1 m] m[ 51:0:1:1 32:0:1:1 51:0:1:1 32:0:1:1 14:0:1:1 32:0:1:1 51:0:1:1 32:0:1:1 51:0:1:1 14:0:1:1 m] 
m[ 7:0:1:1 5:0:1:1 7:0:1:1 5:0:1:1 14:0:1:1 5:0:1:1 7:0:1:1 5:0:1:1 7:0:1:1 14:0:1:1 m] m[ 0:0:1:1 5:0:1:1 0:0:1:1 
5:0:1:1 14:0:1:1 5:0:1:1 0:0:1:1 5:0:1:1 0:0:1:1 14:0:1:1 m] m[ 0:0:1:1 5:0:1:1 0:0:1:1 5:0:1:1 2:0:1:1 5:0:1:1 0:0:1:1 
5:0:1:1 0:0:1:1 2:0:1:1 m] m[ 5:0:1:1 17:0:1:1 5:0:1:1 17:0:1:1 2:0:1:1 17:0:1:1 5:0:1:1 17:0:1:1 5:0:1:1 2:0:1:1 m] 
m[ 20:0:1:1 19:0:1:1 20:0:1:1 19:0:1:1 54:0:1:1 19:0:1:1 20:0:1:1 19:0:1:1 20:0:1:1 54:0:1:1 m] m[ 20:0:1:1 19:0:1:1 20:0:1:1 
19:0:1:1 24:0:1:1 19:0:1:1 20:0:1:1 19:0:1:1 20:0:1:1 24:0:1:1 m] m[ 26:0:1:1 40:0:1:1 26:0:1:1 40:0:1:1 53:0:1:4 40:0:1:1 26:0:1:1 
40:0:1:1 26:0:1:1 53:0:1:4 m] m[ 7:0:1:1 14:0:1:1 7:0:1:1 14:0:1:1 0:0:1:1 14:0:1:1 7:0:1:1 14:0:1:1 7:0:1:1 0:0:1:1 m] 
m[ 5:0:1:1 14:0:1:1 5:0:1:1 14:0:1:1 6:0:1:1 14:0:1:1 5:0:1:1 14:0:1:1 5:0:1:1 6:0:1:1 m] m[ 44:0:1:4 28:0:1:1 44:0:1:4 
28:0:1:1 49:0:1:4 28:0:1:1 44:0:1:4 28:0:1:1 44:0:1:4 49:0:1:4 m] m[ 51:0:1:1 55:0:1:4 51:0:1:1 55:0:1:4 32:0:1:1 55:0:1:4 51:0:1:1 
55:0:1:4 51:0:1:1 32:0:1:1 m] m[ 14:0:1:1 27:0:1:1 14:0:1:1 27:0:1:1 26:0:1:1 27:0:1:1 14:0:1:1 27:0:1:1 14:0:1:1 26:0:1:1 m] .
