MPUltimate v1.5 120-cell_Mirror(Z) 384 0 384
Puzzle 120-cell_Mirror(Z)
Dim 4
NAxis 1
Faces 3.236068,0,0,0
Group 0,4.472136,-7.236068,0/0,5.854102,-9.472136,8.09017 0,0,1,0/0,0,0,1 -0.618034,1.618034,1,0/0,0,0,1
Axis 3.236068,0,0,0
Twists 0,1,0,0/0,0,1,0/0,0,0,1
Cuts 0.95 -0.95
FixedMask 2
EndPuzzle
2 7560
0000000000000000000000000000000000000000000000000000000000000000000000000000000000G00000000000000000000000000000000000000000U010101010101010101010101010101010101010101010101010101010101010101010101010101010101010101010101010101010101010101010101010N0102020
202020202020202020J12020202020202020202020202020202020202020202020J120202020202020J1202020202020202020202020202020202020M030303030303030X1303030X130303030303030303030303030X13030303030I13030303030X13030303030303030303030303030303030303071303030303040404040
4040404040404040404040404040404040404040404040404040404040404040404040404040404040404040404040404040404040404040404040505050505050505050505050505050505050505050505050505050505050505050505050505050505050505050505050505050505050505050505050505050606060606060
6060606060606060606060606060606060606060606060606060606060606060606060606060606060606060606060606060606060606060607070707070707070707070707070707070707070707070707070707070707070707070707070707070N070N0707070707070707070707070707070707070708080808080808080
80808080808080808080808080A180808080808080808080808080808080808080N180N1808080A1808080A180808080808080C080808090909090909090909090909090909090909090319090909090909090909090A090909090909090909090909090909090909090909090909090909090909090A0A0A0A0A0A0A0A0A0A0
A0A0A0A0A0A0A0A0A0A0A0A0A0A0A0A0A0A0A0A0A0A0A0A0A0A0A0A0A0A0A0A0A0A0A0A0A0A0A0J1A0A0A0A0A0A0A0A0A0A0A0Z0A0B0B0B0B0B0B0B0B0B0B0B0B0B0B0B0B0B0B0B0B0B0B0B0B0B0B0B0B0B0B0B0B0B0B0B0B0B0B0B0B0B0B0B0B0B0B0B0B0B0B0B0B0B0B0B0B0B0B0B0B0B0B0B0C0C0C0C0C0C0C0C0C0C0C0C0
C0C0C0C0C0C0C0C0C0C0C0C0C0C0C0C0C0C0C0C0C0C0C0C0C0C0C0C0C0C0C0C0C0C0C0C0C0C0C080C0C0C0C0C0C0C0C0C0C0C0D0D0D0D0D0D0D0D0D0D0D0D0D0D0D0D0D0D0D0D0D0D0D0D0D0D0D0D0D0D0D0D0D0D0D0D0D0D0D0D0D0D0D0D0D0D0D0D0D0D0D0D0D0D0D0D0D0D0D0D0D0D0D0E0E0E0E0E0E0E0E0E0E0E0E0E0E0
E0E0E0E0E0E0E0E0E0E0E0E0E0E0E0E0E0E0E0E0E0E0E0E0E0E0E0E0E0E0E0E0E0E0E0E0E0E0E0E0E0E0E0E0E0E0E0E0E0F0F0F0F0F0F0F0F0F0F0F0F0F0F0F0F0F0F0F0F0F0F0F0F0F0F0F0F0F0F0F0F0F0F0F0F0F0F0F0F0F0F0F0F0F0F0F0F0F0F0F0F0F0F0F0F0F0F0F0F0F0F0F0G0G0G0G0G0G0G0G0G0G0G0G0G0G0G0G0
G0G0G0G0G0G0G0G0G0G0G0G0G0G0G0G0G0G0G0G0G0G0G0G0G0U0G0G0G0G0G0G0G0G0G0G0G0G0G0G0G0G0G0G0G0G0G0H0H0H0H0H0H0H0H0H0H0H0H0H0H0H0H0H0H0H0H0H0H0H0H0H0H0H0H0H0H0H0H0H0H0H0H0H0H0H0H0H0H0H0H0H0H0H0H0H0H0H0H0H0H0H0H0H0H0H0H0H0H0H0I0I0I0I0I0I0I0I0I0I0I0I0I0I0I0I0I0I0
I0I0I0I0I0I0I0I0I0I0I0I0I0I0I0I0I0I0I0I0I0I0I0J0I0I0I0I0I0I0I0I0I0J0I0I0I0I0I0I0I0I0I0I0I0J0J0J0J0J0J0J0I0J0J0J0J0J0J0J091J0J0J041J041J0J0J0J0J0J0J0Z1J0J0J0J0J0J0J0J0J0J0J0J0J0J0J0J0J0E2J0J0J091J0J0J0J0J0J0J0J0J0J0J0K0K0K0K0K0K0K0K0K0K0K0K0K0K0K0K0K0K0K0K0
K0M1K0K0K0K0K0K0K0K0K0U0K0K0K0K0K0K0K0K0K0K0K0K0K0K0K0K0K0A0K0K0K0K0K0U0K0U0K0K0K0K0K0L0L0L0L0L0L0L0L0L0L0L0L0L0L0L0L0L0L0L0L0L0L0L0L0L0L0L0L0L0L0L0L0L0L0L0L0L0L0L0L0L0L0L0L0L0L0L0L0L0L0L0L0L0L0L0L0L0L0L0L0L0L0L0M0M0M0M0M0M0M0M0M0M0M0M0M0M0M0M0M0M0M0M0M0M0
M0M0M0M0M0M0M0M0M0M0M0M0M042M0M0M0M0M0M0M0M0M0M0M0M0M0M0M0M0M0M0M0M0M031M0M0M0M0M0N0N0N0N0N0N0N070N0N0N070N0N0N0N0N0N0N0N0N010N0N0N012N0N0N0N0N0N0N0N0N0N0N0N0N0N0N012N0V0N0N0N0N0N0N0N0N0N0N0N0N0N0N0N0X2N0N0N0O0O0O0O0O0O0O0O0O0O0O0O0O0O0O0O0O0O0O0O0O0O0O0O0
O0O0O0O0O0O0O0O0O0O0O0O0O0O0O0O0O0O0O0O0O0O0O0O0O0O0O0O0O0O0O0O0O0O0O0N0O0O0O0P0P0P0P0P0P0P0P0P0P0P0P0P0P0P0P0P0P0P0P0P0P0P0P0P0P0P0P0P0P0P0P0P0P0P0P0P0P0P0P0P0P0P0P0P0P0P0P0P0P0P0P0P0P0P0P0P0P0P0P0P0P0P0Q0Q0Q0Q0Q0Q0Q0Q0Q0Q0Q0Q0Q0Q0Q0Q0Q0Q0Q0Q0Q0Q0Q0Q0Q0Q0
Q0Q0Q0Q0Q0Q0Q0Q0Q0Q0Q0Q0Q0Q0Q0Q0Q0Q0Q0Q0Q0Q0Q0Q0Q0Q0Q0Q0Q0Q0Q0Q0Q0Q0Q0Q0Q0R0R0R0R0R0R0R0R0R0R0R0R0R0R0R0R0R0R0R0R0R0R0R0R0R0R0R0R0R0R0R0R0R0R0R0R0R0R0R0R0R0R0R0R0R0R0R0R0R0R0R0R0R0R0R0R0R0R0R0R0R0R0R0S0S0S0S0S0S0S0S0S0S0S0S0S0S0S0S0S0S0S0S0S0S0S0S0S0S0S0S0
S0S0S0S0S0S0S0S0S0S0S0S0S0S0S0S0S0S0S0S0S0S0S0S0S0S0S0S0S0S0S0S0S0S0S0T0T0T0T0T0T0T0T0T0T0T0T0T0T0T0W1T0T0T0T0T0T0T0T0T0T0T0T0T0T0T0T0T0T0T0T0T0T0T0T0T0T0T0T0T0T0T0T0T0T0T0T0T0T0T0T0T0T0T0T0T0T0T0U0U0U0U0U0U0U0U0U0U0U0U0U0U0U0U0U0U0U0U0U0U0U0U0U0K0U0U0U0U0
U0X1U0U0U0U0U0K0U0U0U0U0U0U0U0U0U0U0U0U0U0U0U0U0U0U0U0O2U001U000U0V0V0V0V0V0V0V0V0V0V0V0V0V0V0V0V0V0V0V0V0V0V0V0V0V0V0V0V0V0V0V022V0V0V0V0V0V0V0V0V0V0V0V0V0V0V0V0V0V0V030V0V0V0V0V0V0V0V0V03030W0W0W0W0W0W0W0W0W0W0W0W0W0W0W0W0W0W0W0W0W0W0W0W0W0W0W0W0W0W0W0W0
W0W0W0W0W0W0W0W0W0W0W0W0W0W0W0W0W0W0W0W0W0W0W0W0W0W0W0W0W0W0W0X0X0X0X0X0X0X0X0X0X0X0X0X0X0X0X0X0X0X0X0X0X0X0X0X0X0X0X0X0X0X0X0X0X0X0X0X0X0X0X0X0X0X0X0X0X0X0X0X0X0X0X0X0X0X0X0X0X0X0X0X0X0X0Y0Y0Y0Y0Y0Y0Y0Y0Y0Y0Y0Y0Y0Y0Y0Y0Y0Y0Y0Y0Y0Y0Y0Y0Y0Y0Y0Y0Y0Y0Y0Y0Y0Y0
Y0Y0Y0Y0Y0Y0Y0Y0Y0Y0Y0Y0Y0Y0Y0Y0Y0Y0Y0Y0Y0Y0Y0Y0Y0Y0Y0Y0Y0Z0Z0Z0Z0Z0Z0Z0Z0Z0Z0Z0Z0Z0Z0Z0Z0Z0Z0Z0Z0Z0Z0Z0Z0Z0Z0Z0Z0Z0Z0Z0Z0Z0Z0Z0Z0Z0Z0Z0Z0Z0Z0Z0Z0Z0Z0Z0Z0Z090Z0Z0Z0Z0Z0Z0Z0Z0Z0Z0Z0Z0Z0010101010101010101010101010101010101010101010101010101010101010001010101
0101010101010101010101010101010101010101010101200101011111111111111111111111111111111111111111111111111111111111K01111111111111111111111111111111111111111111111111111111111111111112121212121212121212121212121212121212121212121212121212121212121212121212121
212121N021212121212121212121212121212121212121212131313131313131313131313131313131313131313131313131313131313131313131313131313131313131203131313131313142313131313131313131903141414141414141414141414141414141414141414141414141414141414141414141414141414141
41414141414141J041414181414141414141414141414151515151515151515151515151515151515151515151515151N151515151515151515151515151515151515151515151515151515151515151515151515151616161616161616161616161616161616161616161616161616161616161616161616161616161616161
61616161616161616161616161616161616161616171717171717171717171717171717171717171717171717171717171717171717171717171717171717171717171717171717171717171717171717171713081818181818181818181818181818181818181818181818181818181818181J0818181818181818181818181
818181818181818181818181818181818181819191919191919191919191R29191919191919191919191919191919191I0919191919102919191919191919191919191919191919191919191919191919191A1A1A1A1A1A1A1A1A1A1A1A1A1A1A1A1A1A1A1A1A1A1A1A1A1A1A1A1A180A1D1A1A1A1A1A1A1A1A1A1A1A1A1A1A1
A1A1A1A1A1A1A1A1A1E2A1A1A1A1A1A1A1B1B1B1B1B1B1B1B1B1B1B1B1B1B1B1B1B1B1B1B1B1B1B1B1B1B1B1B1B1B1B1B1B1B1B1B1B1B1B1B1B1B1B1B1B1B1B1B1B1B1B1B1B1B1B1B1B1B1B1B1B1B1B1C1C1C1C1C1C1C1C1C1C1C1C1C1C1C1C1C1C1C1C1C1C1C1C1C1C1C1C1C1C1C1C1C1C1C1C1C1C1C1C1C1C1C1C1C1C1C1C1
C1C1C1C1C1C1C1C1C1C1C1C1C1C1C1D1D1D1D1D1D1D1D1D1D1D1D1D1D1D1D1D1D1D1D1D1D1D1D1D1D1D1D1D1D1D1D1D1D1D1D1D1D1D1D1D1D1D1D1D1D1D1D1D1D1D180D1D1D1D1D1D1D1D1D1D1D1E1E1E1E1E1E1E1E1E1E1E1E1E1E1E1E1E1E1E1E1E1E1E1E1E1E1E1E1E1E1E1E1E1E1E1E1E1E1E1E1E1E1E1E1E1E1E1E1E1E1
E1E1E1E1E1E1E1E1E1E1E1E1E1F1F1F1F1F1F1F1F1F1F1F1F1F1F1F1F1F1F1F1F1F1F1F1F1F1F1F1F1F1F1F1F1F1F1F1F1F1F1F1F1F1F1F1F1F1F1F1F1F1F1F1F1F1F1F1F1F1F1F1F1F1F1F1G1G1G1G1G1G1G1G1G1G1G1G1G1G1G1G1G1G1G1G1G1G1G1G1G1G1G1G1G1G1G1G1G1G1G1G1G1G1G1G1G1G1G1G1G1G1G1G1G1G1G1G1
G1G1G1G1G1G1G1G1G1G1G1H1H1H1H1H1H1H1H1H1H1H1H1H1H1H1H1H1H1H1H1H1H1H1H1H1H1H1H1H1H1H1H1H1H1H1H1H1H1H1H1H1H1H1H1H1H1H1H1H1H1H1J0H1H1H1H1H1H1H1H1H1H1H1I1I1I1I1I1I1I1I1I1I1I1I1I1I1I1I1I1I1I1I1I1I1I1I1I1I1I1I1I1I1I1I1I1I1I1I1I1I1I1I1I1I1I1I1I1I1I1I1I1I1I1I1I1I1
I1I1I1V0I1I1I1I1I1J1J1J1J1J1J1J1J1J1J1J1J1J1J1J1J1J1J1J1J1J1J1J1J1J1J1J1J1J1J1J1J1J1J1J1J1J1J1J1J1J1J1J1J1J1J1J1K0J1J1J1J1J1J1J1Q1J101J1J1J1Q1I2K1K1K1K1K1K1K1K1K1K1K1K1K1K1K1J1K1K1K1K1K1K1K1K1K1K1K1K1K1K1K1K1K1K1K1K1K1K1K1K1K1K1K1K1K1K1K1K1K1K1K1K1K1K1K1K1
K1K1K1K1K1K1K1L1L1L1L1L1L1L1L1L1L1L1L1L1L1L1L1L1L1L1L1L1L1L1L1L1L1L1L1L1L1L1L1L1L1L1L1L1L1L1L1L1L1L1L1L1L1L1L1L1L1L1L1L1L1L1L1L1L1L1L1L1L1L1M1M1M1M1M1M1M1M1M1M1M1M1M1M1M1M1M1M1M1M1M1M1M1M1M1M1M1M1M1M1M1M1M1M1M1M1M1M1M1M1M1M1M1M1M1M1M1M1M1M1M111M1M1M1M1M1M1
M1M1M1M1M1N1N1N1N1N1N1N1N1N1N1N1N1N1N1N1N1N1N1N1N1N1N1N1N1N1N1N1N1N1N1N1N1N1N1N1N1N1N1N1N1N1N1N1N1N1N1N180N180N1N1N1N1N1N1N1N1N1N1N151N1O1O1O1O1O1O1O1O1O1O1O1O1O1O1O1O1O1O1O1O1O1O1O1O1O1O1O1O1O1O1O1O1O1O1O1O1O1O1O1O1O1O1O1O1O1O1O1O1O1O1O1O1O1O1O1O1O1O1O1O1
O1O1O1P1P1P1P1P1P1P1P1P1P1P1P1P1P1P1P1P1P1P1P1P1P1P1P1P1P1P1P1P1P1P1P1P1P1P1P1P1P1P1P1P1P1P1P1P1P1P1P1P1P1P1P1P1P1P1P1P1P1P1P1P1P1P1Q1Q1Q1Q1Q1Q1Q1Q1Q1Q1Q1Q1Q1Q1Q1Q1Q1Q1Q1Q1Q1Q1Q1Q1Q1Q1Q1Q1Q1Q1Q1Q1Q1Q1Q1Q1Q1Q1Q1Q1Q1Q1Q1Q1Q1Q1Q1Q1Q1Q1Q1Q1Q1Q1Q1Q1Q1Q1Q120Q1Q1
T0R1R1R1R1R1R1R1R1R1R1R1R1R1R1R1R1R1R1R1R1R1R1R1R1R1R1R1R1R1R1R1R1R1R1R1R1R1R1R1R1R1R1R1R1R1R1R1R1R1R1R1R1R1R1R1R1R1R1R1R1R1R1R1S1S1S1S1S1S1S1S1S1S1S1S1S1S1S1S1S1S1S1S1S1S1S1S1S1S1S1S1S1S1S1S1S1S1S1S1S1S1S1S1S1S1S1S1S1S1S1S1S1S1S1S1S1S1S1S1S1S1S1S1S1S1S1T1
T1T1T1T1T1T1T1T1T1T1T1T1T1T1T1T1T1T1T1T1T1T1T1T1T1T1T1T1T1T1T1T1T1T1T1T1T1T1T1T1T1T1T1T1T1T1T1T1T1T1T1T1T1T1T1T1T1T1T1T1T1T1U1U1U1U1U1U1U1U1U1U1U1U1U1U1U1U1U1U1U1U1U1U1U1U1U1U1U1U1U1U1U1U1U1U1U1U1U1U1U1U1U1U1U1U1U1U1U1U1U1U1U1U1U1U1U1U1U1U1U1U1U1U1U1V1V1V1
V1V1V1V1V1V1V1V1V1V1V1V1V1V1V1V1V1V1V1V1V1V1V1V1V1V1V1V1V1V1V1V1V1V1V1V1V1V1V1V1V1V1V1V1V1V1V1V1V1V1V1V1V1V1V1V1V1V1V1V1W1W1W1W1W1W1W1W1W1W1W1W1W1W1W1W1W1W1W1W1W1W1W1W1W1W1W1W1W1W1W1W1W1W1W1W1W1W1W1W1W1W1W1W1W1W1W1W1W1W1W1W1W1W1W1W1W1W1W1W1W120W1X1X1X1X1X1
X1X1X1X1X1X102X1X1X1X1X1X1X1X1X1X1X1X1X1X1X1X1X1X1X1X1X1X1X1X1X1X1X1X1X1K0X1X1X1X1X1X1X1X1X1X1X1X1X1V0X1V0X1X1X1X130Y1Y1Y1Y1Y1Y1Y1Y1Y1Y1Y1Y1Y1Y1Y1Y1Y1Y1Y1Y1Y1Y1Y1Y1Y1Y1Y1Y1Y1Y1Y1Y1Y1Y1Y1Y1Y1Y1Y1Y1Y1Y1Y1Y1Y1Y1Y1Y1Y1Y1Y1Y1Y1Y1Y1Y1Y1Y1Y1Y1Y1Y1Y1Z1Z1Z1Z1Z1Z1Z1
Z1Z1Z1Z1Z1Z1Z1Z1Z1Z1Z1Z1Z1Z1Z1Z1Z1Z1Z1Z1Z1Z1J0Z1Z1Z1Z1Z1Z1Z1Z1Z1Z1Z1N0Z1Z1Z1Z1Z1Z1Z1Z1Z1Z1Z1Z1Z1Z1Z1Z1Z1Z1Z1Z1Z1020202020202020202020202020202020202020202020202020202020202020202020291020202020202020202020202020202020202020202020202020230121212121212121212
1212121212121212121212121212121212121212121212121212121212121212Z1121212121212121212K212121212121212121212122222222222222222222222222222222222222222222222222222222222222222222222222222222222222222222222222222222222222222222222O02222223232323232323253323232
3232323232323232323232323232323232323232323232323232323232323232323232323232323232323232323232323232323242424242424242424242424242424242424242424242424242424242424242424242424242424242424242314242424242O24242424242424242424242424252525252525252525252525252
5252525252525252525252525252525252525252525252525252525252525252525252525252525252525252525252525252626262626262626262626262626262626262626262626262626262626262626262626262626262626262626262626262626262626262626262626262626262727272727272727272727272727272
7272727272727272727272727272727272727272727272727272727272727272727272727272727272727272727272728282828282828282828282828282828282828282828282828282828282828282828282828282828282828282828282828282828282828282828282828282829292929292929292929292929292929292
92929292929292929292929292929292929292929292929292929292929292929292929292929292929292929292A2A2A2A2A2A2A2A2A2A2A2A2A2A2A2A2A2A2A2A2A2A2A2A2A2A2A2A2A2A2A2A2A2A2A2A2A2A2A2A2A2A2A2A2A2A2A2A2A2A2A2A2A2A2A2A2A2A2A2A2A2A2A2B2B2B2B2B2B2B2B2B2B2B2B2B2B2B2B2B2B2B2
B2B2B2B2B2B2B2B2B2B2B2B2B2B2B2B2B2B2B2B2B2B2B2B2B2B2B2B2B2B2B2B2B2B2B2B2B2B2B2B2B2B2B2B2C2C2C2C2C2C2C2C2C2C2C2C2C2C2C2Z2C2C2C2C2C2C2C2C2C2C2C2C2C2C2C2C2C2C2C2C2C2C2C2C2C2C2C2C2C2C2C2C2C2C2C2C2C2C2C2C2C2C2C2C2C2C2C2D2D2D2D2D2D2D2D2D2D2D2D2D2D2D2D2D2D2D2D2D2
D2D2D2D2D2D2D2D2D2D2D2D2D2D2D2D2D2D2D2D2D2D2D2D2D2D2D2D2D2D2D2D2D2D2D2D2D2D2D2D2D2D2E2E2E2E2E2E2E2E2E2E2E2E2E2E2E2E2E2E2E2E2E2E2E2E2E2E2E2E2E2E2E2E2E2E2E2H1E2E2E2E2E2E2E2E2E2E2E2E2E2E2E2E2E2E2E2E2E280E2E2E2E2E2F2F2F2F2F2F2F2F2F2F2F2F2F2F2F2F2F2F2F2Y2F2F2F2
F2F2F2F2F2F2F2F2F2F2F2F2F2F2F2F2F2F2F2F2F2F2F2F2F2F2F2F2F2F2F2F2F2F2F2F2F2F2F2F2G2G2G2G2G2G2G2G2G2G2G2G2G2G2G2G2G2G2G2C2G2G2G2G2G2G2G2G2G2G2G2G2G2G2G2G2G2G2G2G2G2G2G2G2G2G2G2G2G2G2G2G2G2G2G2G2G2G2G2G2G2G2G2H2H2H2H2H2H2H2H2H2H2H2H2H2H2H2H2H2H2H2H2H2H2H2H2H2
H2H2H2H2H2H2H2H2H2H2H2H2H2H2H2H2H2H2H2H2H2H2H2H2H2H2H2H2H2H2H2H2H2H2H2H2H2H2I2I2I2I2I2I2I2I2I2I2I2I2I2I2I2I2I2I2I2I2I2I2I2I2I2I2I2I2I2I2I2I2I2I2I2I2I2I2I2I2I2I2I2I2I2I2I2I2I2I2I2I2I2I2I2I2I2K1I2I2I2I2I2J2J2J2J2J2J2J2J2J2J2J2J2J2J2J2J2J2J2J2J2J2J2J2J2J2U2J2
J2J2J2J2J2J2J2J2J2J2J2J2J2J2J2J2J2J2J2J2J2J2J2J2J2J2J2J2J2J2J2J2J2J2J2J2K2K2K2K2K2K2K2K2K2K2K2K2K2K2K2K2K2K2K2K2K2K2K2K2K2K2K2K2K2K2K2K2K2K2K2K2K2K2K2K2K2K2K2K2K2K2K2K2K2K2K2N0K2K2K2K2K2K2K2K2K2K2K2L2L2L2L2L2L2L2L2L2L2L2L2L2L2L2L2L2L2L2L2L2L2L2L2L2L2L2L2L2
L2L2L2L2L2L2L2L2L2L2L2L2L2L2L2L2L2L2L2L2L2L2L2L2L2L2L2L2L2L2L2L2L2L2M2M2M2M2M2M2M2M2M2M2M2M2M2M2M2M2M2M2M2M2M2M2M2M2M2M2M2M2M2M2M2M2M2M2M2M2M2M2M2M2M2M2M2M2M2M2M2M2M2M2M2M2M2M2M2M2M2M2M2M2M2M2M2N2N2N2N2N2N2N2N2N2N2N2N2N2N2N2N2N2N2N2N2N2N2N2N2N2N2N2N2N2N2N2
N2N2N2N2N2N2N2N2N2N2N2N2N2N2N2N2N2N2N2N2N2N2N2N2N2N2N2N2N2N2N2N2O2O2O2O2O2O2O2O2O2O2O2O2O2O2O2O2O2O2O2O2O2O2O2O2O2O2O2O2O2O2O2O2O2O2O2O2O2O2O2O2O2O2O2U0O2O2O2O2O2M0O2O2O2O2O2O2O2O2O2O2O2O2O2P2P2P2P2P2P2P2P2P2P2P2P2P2P2P2P2P2P2P2P2P2P2P2P2P2P2P2P2P2P2P2P2P2
P2P2P2P2P2P2P2P2P2P2P2P2P2P2P2P2P2P2P2P2P2P2P2P2P2P2P2P2P2P2Q2Q2Q2Q2Q2Q2Q2Q2Q2Q2Q2Q2Q2Q2Q2Q2Q2Q2Q2Q2Q2Q2Q2Q2Q2Q2Q2Q2Q2Q2Q2Q2Q2Q2Q2Q2Q2Q2Q2Q2Q2Q2Q2Q2Q2Q2Q2Q2Q2Q2Q2Q2Q2Q2Q2Q2Q2Q2Q2Q2Q2Q2Q2R2R2R2R2R2R2R2R2R2R2R2R2R2R2R2R2R2R2R2R2R2R2R2R2R2R2R2R2R2R2R2R2R2R2R2
R2R2R2R2R2R2R2R2R2R2R2R2R2R2R2R2R2R2R2R2R2R2R2R2J0R2R2R2S2S2S2S2S2S2S2S2S2S2S2S2S2S2S2S2S2S2S2S2S2S2S2S2S2S2S2S2S2S2S2S2S2S2S2S2S2S2S2S2S2S2S2S2S2S2S2S2S2S2S2S2S2S2S2S2S2S2S2S2S2S2S2T2T2T2T2T2T2T2T2T2T2T2T2T2T2T2T2T2T2T2T2T2T2T2T2T2T2T2T2T2T2T2T2T2T2T2T2T2
T2T2T2T2T2T2T2T2T2T2T2T2T2T2T2T2T2T2T2T2T2T2T2T2T2T2U2U2U2U2U2U2U2U2U2U2U2U2U2U2U2U2U2U2U2U2U2U2U2U2U2U2U2U2U2U2U2U2U2U2U2U2U2U2U2U2U2U2U2U2U2U2U2J2U2U2U2U2U2U2U2U2U2U2U2U2U2U2U2V2V2V2V2V2V2V2V2V2V2V2V2V2V2V2V2V2V2V2V2V2V2V2V2V2V2V2V2V2V2V2V2V2V2V2V2V2V2V2
V2V2V2V2V2V2V2V2V2V2V2V2V2V2V2V2V2V2V2V2V2V2V2V2W2W2W2W2W2W2W2W2W2W2W2W2W2W2W2W2W2W2W2W2W2W2W2W2W2W2W2W2W2W2W2W2W2W2W2W2W2W2W2W2W2W2W2W2W2W2W2W2W2W2W2W2W2W2W2W2W2W2W2W2W2W2W2X2X2X2X2X2X2X2X2X2X2X2X2X2X2X2X2X2X2X2X2X2X2X2X2X2X2X2X2X2X2X2X2X2X2X2X2X2X2X2X2X2
X2X2X2X2X2X2X2X2X2X2X2X2X2X2X2X2X2X221X2X2X2Y2Y2Y2Y2Y2Y2Y2Y2Y2Y2Y2Y2Y2Y2Y2Y2Y2Y2Y2Y2Y2Y2Y2Y2Y2Y2Y2Y2Y2Y2Y2Y2Y2Y2Y2Y2Y2F2Y2Y2Y2Y2Y2Y2Y2Y2Y2Y2Y2Y2Y2Y2Y2Y2Y2Y2Y2Y2Y2Y2Y2Y2Y2Z2Z2Z2Z2Z2Z2Z2Z2Z2Z2Z2Z2Z2Z2Z2Z2Z2Z2Z2Z2Z2Z2Z2Z2Z2Z2Z2Z2Z2Z2Z2Z2Z2Z2Z2Z2Z2Z2Z2Z2Z2Z2Z2
Z2Z2Z2Z2G2Z2Z2Z2Z2Z2Z2Z2Z2Z2Z2Z2Z2Z2Z2Z2030303030303030303030303030303030303030303030303030303030303030303030303030303030303030303030303030303030303030303030303030303131313131313131313131313131313131313131313131313131313131313131313131313131313131313131313
1313131313131313131313131313131313132323232323232323232323232323232323232323232323232323232323232323232323232323232323232323232323232323232323232323232323232323233333333333333333333333333333333333333333333333333333333333333333333333333333333333333333333333
3333333333333333333333333333333343434343434343434343434343434343434343434343434343434343434343434343434343434343434343434343434343324343434343434343434343434353535353535353535353535353535353535353535353535353535353535353535353535353535353535353535353535353
5353435353535353535353535353636363636363636363636363636363636363636363636363636363636363636363636363636363636363636363636363636363636363636363636363636363737373737373737373737373737373737373737373737373737373737373737373737373737373737373737373737373737373
7373737373737373737373738383838383838383838383838383838383838383838383838383838383838383838383838383838383838383838383838383838383838383838383838383839393939393939393939393939393939393939393939393939393939393939393939393939393939393939393939393939393939393
93939393939393939393A3A3A3A3A3A3A3A3A3A3A3A3A3A3A3A3A3A3A3A3A3A3A3A3A3A3A3A3A3A3A3A3A3A3A3A3A3A3A3A3A3A3A3A3A3A3A3A3A3A3A3A3A3A3A3A3A3A3A3A3A3A3A3B3B3B3B3B3B3B3B3B3B3B3B3B3B3B3B3B3B3B3B3B3B3B3B3B3B3B3B3B3B3B3B3B3B3B3B3B3B3B3B3B3B3B3B3B3B3B3B3B3B3B3B3B3B3B3
B3B3B3B3B3B3B3B3
#timer 0
#CRC 1670640338763444973
*
m| m[ 59:0:1:1 23:0:1:1 59:0:1:1 23:0:1:1 22:0:1:1 23:0:1:1 59:0:1:1 23:0:1:1 59:0:1:1 22:0:1:1 45:0:1:1 22:0:1:1 59:0:1:1 23:0:1:1 59:0:1:1 
23:0:1:1 22:0:1:1 23:0:1:1 59:0:1:1 23:0:1:1 59:0:1:1 45:0:1:1 m] m[ 23:0:1:1 3:0:1:1 23:0:1:1 3:0:1:1 19:0:1:1 3:0:1:1 23:0:1:1 
3:0:1:1 23:0:1:1 19:0:1:1 30:0:1:1 19:0:1:1 23:0:1:1 3:0:1:1 23:0:1:1 3:0:1:1 19:0:1:1 3:0:1:1 23:0:1:1 3:0:1:1 23:0:1:1 30:0:1:1 m] 
m[ 19:0:1:1 2:0:1:1 19:0:1:1 2:0:1:1 8:0:1:1 2:0:1:1 19:0:1:1 2:0:1:1 19:0:1:1 8:0:1:1 20:0:1:1 8:0:1:1 19:0:1:1 2:0:1:1 19:0:1:1 
2:0:1:1 8:0:1:1 2:0:1:1 19:0:1:1 2:0:1:1 19:0:1:1 20:0:1:1 m] m[ 23:0:1:1 19:0:1:1 23:0:1:1 19:0:1:1 3:0:1:1 19:0:1:1 23:0:1:1 
19:0:1:1 23:0:1:1 3:0:1:1 8:0:1:1 3:0:1:1 23:0:1:1 19:0:1:1 23:0:1:1 19:0:1:1 3:0:1:1 19:0:1:1 23:0:1:1 19:0:1:1 23:0:1:1 8:0:1:1 m] 
m[ 19:0:1:1 20:0:1:1 19:0:1:1 20:0:1:1 8:0:1:1 20:0:1:1 19:0:1:1 20:0:1:1 19:0:1:1 8:0:1:1 39:0:1:1 8:0:1:1 19:0:1:1 20:0:1:1 19:0:1:1 
20:0:1:1 8:0:1:1 20:0:1:1 19:0:1:1 20:0:1:1 19:0:1:1 39:0:1:1 m] m[ 23:0:1:1 30:0:1:1 23:0:1:1 30:0:1:1 22:0:1:1 30:0:1:1 23:0:1:1 
30:0:1:1 23:0:1:1 22:0:1:1 3:0:1:1 22:0:1:1 23:0:1:1 30:0:1:1 23:0:1:1 30:0:1:1 22:0:1:1 30:0:1:1 23:0:1:1 30:0:1:1 23:0:1:1 3:0:1:1 m] 
m[ 3:0:1:1 9:0:1:1 3:0:1:1 9:0:1:1 30:0:1:1 9:0:1:1 3:0:1:1 9:0:1:1 3:0:1:1 30:0:1:1 12:0:1:1 30:0:1:1 3:0:1:1 9:0:1:1 3:0:1:1 
9:0:1:1 30:0:1:1 9:0:1:1 3:0:1:1 9:0:1:1 3:0:1:1 12:0:1:1 m] m[ 13:0:1:4 14:0:1:4 13:0:1:4 14:0:1:4 47:0:1:4 14:0:1:4 13:0:1:4 
14:0:1:4 13:0:1:4 47:0:1:4 18:0:1:4 47:0:1:4 13:0:1:4 14:0:1:4 13:0:1:4 14:0:1:4 47:0:1:4 14:0:1:4 13:0:1:4 14:0:1:4 13:0:1:4 18:0:1:4 m] 
m[ 24:0:1:1 50:0:1:4 24:0:1:1 50:0:1:4 37:0:1:1 50:0:1:4 24:0:1:1 50:0:1:4 24:0:1:1 37:0:1:1 44:0:1:1 37:0:1:1 24:0:1:1 50:0:1:4 24:0:1:1 
50:0:1:4 37:0:1:1 50:0:1:4 24:0:1:1 50:0:1:4 24:0:1:1 44:0:1:1 m] m[ 19:0:1:1 24:0:1:1 19:0:1:1 24:0:1:1 2:0:1:1 24:0:1:1 19:0:1:1 
24:0:1:1 19:0:1:1 2:0:1:1 20:0:1:1 2:0:1:1 19:0:1:1 24:0:1:1 19:0:1:1 24:0:1:1 2:0:1:1 24:0:1:1 19:0:1:1 24:0:1:1 19:0:1:1 20:0:1:1 m] 
m[ 19:0:1:1 2:0:1:1 19:0:1:1 2:0:1:1 3:0:1:1 2:0:1:1 19:0:1:1 2:0:1:1 19:0:1:1 3:0:1:1 8:0:1:1 3:0:1:1 19:0:1:1 2:0:1:1 19:0:1:1 
2:0:1:1 3:0:1:1 2:0:1:1 19:0:1:1 2:0:1:1 19:0:1:1 8:0:1:1 m] m[ 23:0:1:1 3:0:1:1 23:0:1:1 3:0:1:1 10:0:1:1 3:0:1:1 23:0:1:1 
3:0:1:1 23:0:1:1 10:0:1:1 8:0:1:1 10:0:1:1 23:0:1:1 3:0:1:1 23:0:1:1 3:0:1:1 10:0:1:1 3:0:1:1 23:0:1:1 3:0:1:1 23:0:1:1 8:0:1:1 m] 
m[ 23:0:1:1 10:0:1:1 23:0:1:1 10:0:1:1 22:0:1:1 10:0:1:1 23:0:1:1 10:0:1:1 23:0:1:1 22:0:1:1 45:0:1:1 22:0:1:1 23:0:1:1 10:0:1:1 23:0:1:1 
10:0:1:1 22:0:1:1 10:0:1:1 23:0:1:1 10:0:1:1 23:0:1:1 45:0:1:1 m] m[ 42:0:1:4 29:0:1:4 42:0:1:4 29:0:1:4 44:0:1:4 29:0:1:4 42:0:1:4 
29:0:1:4 42:0:1:4 44:0:1:4 45:0:1:1 44:0:1:4 42:0:1:4 29:0:1:4 42:0:1:4 29:0:1:4 44:0:1:4 29:0:1:4 42:0:1:4 29:0:1:4 42:0:1:4 45:0:1:1 m] 
m[ 23:0:1:1 36:0:1:1 23:0:1:1 36:0:1:1 45:0:1:1 36:0:1:1 23:0:1:1 36:0:1:1 23:0:1:1 45:0:1:1 52:0:1:4 45:0:1:1 23:0:1:1 36:0:1:1 23:0:1:1 
36:0:1:1 45:0:1:1 36:0:1:1 23:0:1:1 36:0:1:1 23:0:1:1 52:0:1:4 m] m[ 59:0:1:1 23:0:1:1 59:0:1:1 23:0:1:1 22:0:1:1 23:0:1:1 59:0:1:1 
23:0:1:1 59:0:1:1 22:0:1:1 45:0:1:1 22:0:1:1 59:0:1:1 23:0:1:1 59:0:1:1 23:0:1:1 22:0:1:1 23:0:1:1 59:0:1:1 23:0:1:1 59:0:1:1 45:0:1:1 m] .
