MPUltimate v1.5 120-cell_Mirror(Z) 315 0 315
Puzzle 120-cell_Mirror(Z)
Dim 4
NAxis 1
Faces 3.236068,0,0,0
Group 0,4.472136,-7.236068,0/0,5.854102,-9.472136,8.09017 0,0,1,0/0,0,0,1 -0.618034,1.618034,1,0/0,0,0,1
Axis 3.236068,0,0,0
Twists 0,1,0,0/0,0,1,0/0,0,0,1
Cuts 0.95 -0.95
FixedMask 2
EndPuzzle
2 7560
000000U000W102P100K1N0N000Y0Y0M000000011Q0K1000000J100U000009191000000D20000000000G00091O00000T0O0O0O0O000L0L09100Y0L0K0V0Q1Q1101010P11010U0N010I0X1W11010101010I0W0W0T0P1101010G2101010D010H1101010J1101010N01010H1H1K01010Q0K0K0K0K01010P1V0P1W010M0K1V0V020D0
2020G0V020K1202020K1202020D0202020D020F1202020G020M020L020I0202020G020G1202020202020Q12020U120Q120Q1W12020W1202220W1I0K0K03030303030E030Z130A131H0303030A13051307051G0303071B030H030H030H03030303171D030I13081304130F03051H03130713030H0A1E071305121417040404040
4040404040404040404040402121404021210140014040J040B04070404040400101404040404040B04040D14021B0B07040400140D170704041R050505050V1V1V1V15050V1V150505050505050505050P0P05050508050C0C0C050V150V1P050505050505050504050F0J04150E050A0C0A090A050A0J03181606060606080
6060606060S160606060606060C060A1606060A0606060606060606060606031606060606060606060319090Z0Z06060808060A1S0S0C160S07070707070707070Z1Z170Z1I17070217070707070I17070707070707070707051707030515170Z1M1Z151709070706070X090S1407070407081R05170D1S180E2Y18080E2Y180
80E280E280A1A1J280D1D1H280A1B180B18080Y1S1Y1B180S0S0S0S0808080C080H0C0P0B0808040B0R080B08060S1B160Z080C080M1I190H290H290H290H25290529090D1Y1D1903131J29031Z0Z0Z0Z090A090H0A0P0C1C1909090909052S152C19070909040907070R0906090A0B160S1C190I1M1A0A0A0A0A0A0A090A0A0
A050A050A0X0A081A050A0E0A0A0A0A0A0A0A0A0A0A0A0A0A090A090A0A0A0A0A0A0A0A0A001Z060A0X0A0X0P0C0J030A0Q150Z0A0B0B03232B0B0B032B0B0B0B0B0B0B0B0I1B0B0I1B0I171B0B030B032M13271B0B0B0B0B07171B0B0B0B0B0B080B0B06080S1B06140B0R071B040B040B0S1D1C0C0C0C0C0C0C050C0C0C080
C041C050C0A0C061C030C0C0C080C0C0C0C0C0C0C0C0C0C0C080C0C0C0C0C0C0C0C0C021C061S060C0J0C0W161A0P0P050C0S0D0D0D0D0D0D0D0D0D0D0D0D0D0D0D0D0D0D0D0D0D0D0D0D0D0D0N0D0N010D010D0D0D0D0D0D0F0D0F030F0Z1D0D0D0D0N0N0D0D02011J1U0U0L0D0U0D04120E0E0E0E0E0E0E0E0E0E0E0E0E0E0
E0E0G1G1G1G1G1G1E0E0E0E0G0E0E0G0G0Q10101E0E0E0E0E0E0E0E00101E0E0G1G1G0E0E0E0E0A1E0J03061E0B0305130F0F0F0F0F0F0F0F0F0F0F0F0F1F1F1F1F0F0F0F0F1F121F021F0F0F0F0F02121F0F0F0F0F0F0D0F0F0D0D0W1F0F1F0F1F0F0D0F0F001F03031A1F0J0303071G0G0G0G0G0G0G0G0G0G0G0G0G0G0G0G0
G0G0G0G0G0G0G0G0G0G0E0G0E030E032G0G0G0G0G0G0U0G0U000G000G0G0G0G0G0G0U0U020N0G0N020O0J191G02081H0Q2H0Q2J2H0J2H0H0Q2J2H0H0Q2H0Q2H0Q2H0Q2H0Q2H0903131H0H0H0H0H031H0A180A1A131H0H0H0H0H0A1H0H0H0H0H0H0H0H0H030H0F030X0H0E03070B0I0I0I010I0I0I010I010I0P1I0I0I0J1I0M0
I0I0I0G0I0I0I0I0I0I0I0I0I0I0I0I0I0M0I020I0I0I0I0I0I0I0I0I0M0I0I0I0I0I0O0N011I0M0W0H1I0O0I0J0J0J0J0J0J0J0J0J0J0J0J0J0A0J0A0J0C0J0C04150J081J032J0Z1Z1W1J0Z1J0J041Z12151J03232Q1J032J0J0J001J041J081J050J0A05001J0C0505050K0K0K0N0K0K0K0W0K0K0K0K0K0H1K0L0K011K1O0
U0I0K0K0K0X1K0G2G2J1K0W1K0K011G211K1K0X1U0X111X1K0K0K0L0Q0K1K0K01010K010Q1V010V0K0T010L0L0L0L0L000L000L0M0L0L0L0L0L0K0L000L0U0L0U0L0L0L0L0L0L0L0M0L020L0L0L0L0L0L0L0L0L0M0L0L0L0L0L0L0L0L0L0L0L000L0M0K111L000K1Y0L0M0M0M0M0M0M0M0M0M0M0M0M0M0M0M0M0M0M0M0M0M0M0
M0M0M0M0M000M0L0M010M0M0M0M0M0M0M010M0I0M0D0M0M0M0M0M0M0M0M0M0W1M0U0Q1O0M0N0J111V0N0N0N0N0N0N0N0N0N0N0N0N0Q1G0N011N0N0N0N0Q120N0N0N0N0D0W1D020N000N0N0N0N0N0N0N000N091V020N0Q1N0Q1D0D002D2N0K0N0X1I020N0V0H1W0O0O0O0O091O0O0O0I0O0O0O0O0O0U0O0Y0O0O0V0G0P1N0O0N0
0202O0O0O0O0O0O0O0P1O0D2O0J1O0O0O002P1I0O0D2V0D2T0P1O0Q10000O000K0I000I0O0Q000P0P0P0P0P0P0P0P0P0P0P0P0P0P0P0P0P0P0P0P0P0P0P0P0P0P0P0P0P0P0P0P0P0P0P0P0P0P0P0P0P0P0P0P05050505050905080P0P0P0P0P0P0P0P0P0P0P0Q0Q0G2G2Q0Q0G2G2Q0Q0Q0Q0Q0Q0Q0Q0Q0Q0G2G2Q0Q0Q0G2Q011
Q0G2Q0G2Q0G2Y0Y0Y0Y0Y0L0Q0Q0Q0Q0Y0Y0Q0Q0Q0Q0Q0Q0Q0Q0Q0Q0Q0Q0Y0Y0Q0Y0Q0Q0Q0R0R0R0R0R0R0R0R0R0R0R0R0R0R0R0R0R0R0R0R0R0R0R0R0R0R0R0R0R0R0R0R0R0R0R0R0R0B0R0R0R0R0R0R0R04040R0R040R040R0R0R0R0R0R0R0R0R0R0R0S0S0S0S0S0S0S0S0S0S0S0S0S0S0S0S0S0S0S0S0S0S0S0S0S0S0S0S0
S0S0S0S0S0S0S0S0S0S0S0S0S0S0S0S08080806080C0S0B1S0S0S0S0S0S0S0S08080S0T0T0T0T0T0T0T0T0D2D2D2D2T0T0D2D2T0T0T0T0T0T0W0W0W0W0T0T0T0T0W0W0T0T0D2O0W010T0D2T0D2T0D2T0T0T0T0T0T0T0T0T0W0T0W0T0W0T0T0T0T0T0U0U0W1D0U0U0U0U0U0U0U0U0U0U0U0U0U0U0W120U0U0U0U010H1U0W1U0W1
X1G2U0U0U0U0K000U0U0U0U0U0U0G0Q1G020G0G0U000U0U091K000K1O0K0U0Y002V0V0V0V0V0V0V0V0V0V0O0O0V0V0O0I0V0V0V020V0J1V0V0V0V0V0P1V0W1N000V0V0J1V0V0V0V0D0V0U0V0L0V0V0V0V0D202V0V0V0V0V0P1V0V0V0N0V0V0V0W0W0W0W0W0W0W0W0W0W0W0W0W0W0W0W0W0W0W0W0W0W0T0T0T0T0W0W0W0W0T0T0
W0W0W0W0T0T0W0W0W0W0W0W0W0W0W0W0W0W0W0W0W010W010I0T01010W0V0N0X0X0X0X0X0X0X0X0X0X0X0X0X0X0X0X0X0X0X0X0X0X0X031X031X0A0X0A0X0F0X0X0X0X0X0X0X0X0X0X0X0X0X0X0X0X0X0X0X0X0X0X0X0A0X031X0X0X0A0X0Y0Y0Y0Y0Y0Y0Y0Y0Y0Y0Y0Y0Y0Y0Y0Y0Y0Y0Y0Y0Y0Y0Y0Y0Y0Y0Y0Y0Y0Y0Y0Y0Y0Y0
Y0Y0Y0Y0Q0Q0Q0Q0Q0Q0Y0Y0Y0Y0Y0Y0Q0Q0Y000Y0U0000000Q0Y01100Z0Z0Z0Z0Z0Z0Z0Z0Z0Z0Z0Z0Z0Z0Z0Z0Z0Z0Z0Z0Z0Z0Z0Z0Z0Z090909060Z0C1Z0Z0Z0Z0Z0Z0Z0Z0Z0Z0Z0Z0Z0Z0Z0Z090A0Z0Z0Z0Z090Z0Z0Z0Z0Z0Z090Z001010101010101010101010101010101010101010101I10101E001010101I17041418170
01I1E0F0E03201A1400101J04070014001I101I14101E001404001111111111111111111K011K01111J1111111111111111111112011K0K1L011J11111K0L011J111G011O011H11111111111K011U01111K1G2111111111111112121212121212121212121212121212121212121212181J081B0F030F03021C0I12121F021I1
21212121I1B0402121J0214040B02181F021I12121I14021403131313131313190313131H03131H0X031313131313131313190313031D0X08131313150313131F0312131H031313190H03131013131J2A131313131H2H2D141412222414122224141414141414141W14141W1W1V0412241224122W14141224141414141410101
4141414141C04171J0Z1J0A0414141414141010141J07151515151515151515151515151515151515151515151515151515151515151515151515151517051704070215151515151515151513030E05130513051303061616161616161616161616161616161616161616161616161616161616161616161A1A1616161C061C0
61J061616161616161616161616161A161C06161C07171717171717171717171717171717171717171717171717171B071B070B0J0717171717171717171717171717171717171717171717130303030F0713030818181818181818181818181U1U1U1U1Q181Q11181Q12181218181A0815101C08181818181818181U1U18181
81U1Q181J03281U1812181J08121818181J081919191919191919191919191919191919191919191919191919191919191919191919191919191919191919191919191919191919191O00000U0000000I0K1A1A1A1A1A1A13161A1A1A1H0A1A1A180A1A1A1A1A1A1A1A1E0J0A1A1A180A121A1A1A150A1H0A1A1A180A1A1A130
A1G0H0A16131A1A1E2D1A1A1A1A1J2E2J2B1B1B1B1B1B1B1B1B1B1B1B1B1B1B1B1B1B1B1B1B1B1B1B1B1B1B1B1B1B1B1B1B1B1B1B1B1B18090B1808060B1B1B1B1B1B180B1B1B1B1B1B1B1B1B1B1B1B1C1C1C1C1C1C1C1C1C1C1C1C1C1C1C1C1C1C1C1C1C1C1C1C1C1C1C1C1C1C1C1C1C1C1C1C1C1C190609080C190C1C1C1C1
C1C1C1C1C1C1C1C1C1C190C1C1C1C1D1D1D1D1D1D1D1A1D1D180D1D1D1D131D1D1D1D1D1D1D1D1D161D1D19090D1A0D1D1D1S1D1D1D1D1D1X0D1D1D1D1808052D1D1C0D1D1H2H2D1D1D1D1E2E2E2E1E1E1E1E1E1E1E1E1E1E1E1E1E1E1E1E1E1E1E1E1E1E1E1E1E1E1E1E1E1E1E1E1E1E1E1E1E1E1E1E1E1E1E1E1E1E1E1E1E1
E1E1E1E1E1E1E1E1E1E1E1E1E1F1F1F1F1F1F1F1F1F1F1F1F1F1F1F1F1F1F1F1F1F1F1F1F1F1F1F0F0F1F1F0F0F1F1F1F1F1F1F1F1F1F1F1F1F1F1F1F1F0F0F1F1F1F1F0F0F1F1F1F1F1F0F1G1G1G1G1G1G1G1G1G1G1G1G1G1G1G1G1G1G1G1G1G1G1G1G1G1G1G1G1G1G1G1G1G1G1G1G1G1G1G1G1G1G1G1G1E0E0G1G1E0E0E0E0
G1G1G1G1G1G1G1G1E0E0E0H1H1H1H1H1H1H1H1H1H1H1H1H1H1H1H1H1H1H1H1H1H1H1H1H1H1H1H1H1H1H1H1H1H1H1H1H1H1H1H1H1H1H1H1H1H1H1H1H1H1H1H1H110I0P11010H1N0K02010I1I1I1I1I1I1I1I1I1I1I1I1I1I1I1I1I1I1I1I1I1I1I1I1I1I101010101I1I121212121I1I1B0I1B0B0I1607070I170I160I1M1I130
I130I130I121I10101J1J1J1J1J1J1J1J1J1J1J1J1J1J1J1J1J1J1J1J1J1J1J1K0J111J1J1J1J1J1N0J1J1J1J1J1J1J1J1O0V0J1J1J1J1J1J1J1J1J1L0J1J1G0U02020J120D010N0K1K1K1K1K1K1K1K1K1K1K1K1K1K1K1K1K1K1K1K1K1K1K1K1K1K1K1K1K1K1K1K1K1K1K1K1K1K1K1K1K1K1K1K1K1K111K0X1K01100K1L09100
K100L011001002L1L1L1L1L1L1L1L1L1L1L1L1L1L1L1L1L1L1L1L1L1L1L1L1L1L1L1L1L1L1L1L1L1L1L1L1L1L1L1L1L1L1L1L1L1L1L1L1L1L1L1L1L1L1L1L1L1L1L1L1L1L1L1M1M1M1M1M1M1M1M1M1M1M1M1M1M1M1M1M1M1M1M1M1M1M1M1M1M1M1M1M1M1M1M1M1I1I1M1M1I1M1M1M1M1M1I1M1M1M1M1M1B0M1M1M1M1M1M1M1M1
M1M1M1M1M1N1N1N1N1N1N1N1N1N1N1N1N1N1N1N1N1N1N1N1N1N1N1N1N1N1N1N1N1N1N1N1N1N1N1N1N1N1N1N1N1N1N1N1N1N1N1N1N1N1N1N1N1N1N1N1N1N1N1N1N1N1N1N1O1O1O1O1O1O1O1O1O1O1O1O1O1O1O1O1O1O1O1O1O1O1O1O1O1O1O1O1O1O1O1O1O1O1O1O1O1O1O1O1O1O1O1O1O1O1O1O1O1O1O1O1O1O1O1O1O1O1O1O1
O1O1O1P1P1P1P1P1P1P1P1P1P1P1P1P1P1P1P1P1P1P1P1P1P1P1P1P1P1P1P1P1P1P1P1P1P1P1P1P1P1P1P1P1P1P1P1P1O0P1V0O01002O0P1P110N010I0H11010M020Q1Q1Q1Q1Q1Q1Q1Q1Q1Q1Q1Q1Q1Q1Q1Q1Q1Q1Q1Q1Q1Q1Q1Q1Q1Q1N0N0Q1O0N0N08181Q1J0Q1Q1Q1Q1Q1Q18170Q1Q1Q1Q1Q1O0Q1Q120Q1M0E0Q120U0G0L011
D0R1R1R1R1R1R1R1R1R1R1R1R1R1R1R1R1R1R1R1R1R1R1R1R1R1R1R1R1R1R1R1R1R1R1R1R1R1R1R1R1R1R1R1R1R1R1R1R1R1R1R1R1R1R1R1R1R1R1R1R1R1R1R1S1S1S1S1S1S1S1S1S1S1S1S1S1S1S1S1S1S1S1S1S1S1S1S1S1S1S1S1S1S1S1S1S1S1S1S1S1S1S1S1S1S1D1D1S1S1S1S1S1S16060S1S1S1S1D1D1S190606090T1
T1T1T1T1T1T1T1T1T1T1T1T1T1T1T1T1T1T1T1T1T1T1T1T1T1T1T1T1T1T1T1T1T1T1T1T1T1T1T1T1T1T1T1T1T1T1T1T1T1T1T1T1T1T1T1T1T1T1T1T1T1T1U1U1U1U1U1U1U1U1U1U1U1U1U1U1U1U1U1U1U1U1U1U181818181U1U1U1U18181U1U1U1U1U1U1U1U1U1U1U1U1U1U1U1U1U1U1U1U1U181U181U181U1U1U1U1U1V1V1V1
V1V1V1V1V1V1V1V1V1V1V1V1V1V1V1V1V1V1V1V1V1V1V1V1V1V1V1V1V1V1V1V1V1V1V1V1V1V1V1V1V1V1V1V1V1V1V1V1V150505050V1V150V1505050W1W1W1W1W1W1W1W1W1W1W1W1W1W1W1W1W1W1W1W1W1W141W141J0W1W1W1W141B0W1W1W1W1W1W1U0U0W1K0U0U0W1W1W1W1W1W1W1K020W1N0D0W120M0F02010X1X1X1X1X1X1
X1X1X1X1X1X1X1X1X1X1X1X1X1X1X1X1X1X1X1X1X1X1X1X1X1X1X1X1X1X1X1X1X1X1K0K0K0K0K1X1X1X1X1X1X1X100X1X1X1X1X1X110P1X1X1K0Y1Y1Y1Y1Y1Y1Y1Y1Y1Y1Y1Y1Y1Y1Y1Y1Y1Y1Y1Y1Y1Y1Y1Y1Y1Y1Y1Y1Y1Y1Y1Y1Y1Y1Y1Y1Y1Y1Y1Y1Y1Y1Y1Y1Y1Y1Y1Y1Y1Y1Y1Y1808090D1Y1Y180Y1Y180Y1Z1Z1Z1Z1Z1Z1Z1
Z1Z1Z1Z1Z1Z1Z1Z1Z1Z1Z1Z1Z1Z1Z1Z1Z1Z1Z1Z1J0J041Z1J0Z1Z1Z1Z1Z1Z1Z1Z1Z1Z1Z1Z1Z1Z1Z1Z1Z170Z1Z170Z1Z1J070Z1Z1I170J0E0020202020202020202020202020202020202020202020202020202O0O0O0V0P10202020202020202020202020202020202100202020200J10202020202O002121212121212121212
1212121212121212121212121212121212121212121212121212121212121212121212121212121212121212121212121212121212122222222222222222222222222222222222222222222222222222222222222222414141412222222222224141222222222222222222222222414122412222223232323232323232323232
32323232323232323232323232323232323232323232323232323232J0J08132J032323232323232B0B0B03270323232J0B0F0J042424242424242424242424242424242424242424242424242424242424242424242424242424242424242424242424242424242424242424242424242424252525252525252525252525252
525252525252525252525252525252525252525252525252525252525252525252525252525252905290529052D180525290626262626262626262626262626262626262626262626262626262626262626262626262626262626262626262626262626262626262626262626262626262727272727272727272727272727272
7272727272727272727272727272727272727272727272727272727272727272727272727272727272727272727272728282828282828282828282828282828282828282828282828282828282828282828282828282828282828282828282828282828282828282828282828282829292929292929292929292929292929292
92929292929292929292929292929292929292929292929292929292929292929292929292929292929292929292A2A2A2A2A2A2A2A2A2A2A2A2A2A2A2A2A2A2A2A2A2A2A2A2A2A2A2A2A2A2A2A2A2A2A2A2A2A2A2A2A2A2A2A2A2A2A2A2A2A2A2A2A2A2A2A2A2A2A2A2A2A2A2B2B2B2B2B2B2B2B2B2B2B2B2B2B2B2B2B2B2B2
B2B2B2B2B2B2B2B2B2B2B2B2B2B2B2B2B2B2B2B2B2B2B2B2B2B2B2B2B2B2B2B2B2B2B2B2B2B2B2B2B2B2B2B2C2C2C2C2C2C2C2C2C2C2C2C2C2C2C2C2C2C2C2C2C2C2C2C2C2C2C2C2C2C2C2C2C2C2C2C2C2C2C2C2C2C2C2C2C2C2C2C2C2C2C2C2C2C2C2C2C2C2C2C2C2C2C2D2D2D2D2D2D2D2D2D2D2D2D2D2D2D2D2D2D2D2D2D2
D2D2D2D2D2T0T0T0T0T0T0D2D2D2D2D2D2D2D2D2D2D2D2D2O0V0O0O0T0D2N0D2D2T0T0D2D2D2D2D2O0I0E2E2E2E2E2E2E2E2E2E2E2E2E2E2E2E2E2E2E2E2E2E2E2E2E2E2E2E2E2E2E2E2E2E2E2E2E2E2E2E2E2E2E2E2E2E2E2E2E2E2E2E2808080A180D1E2Y18080E2F2F2F2F2F2F2F2F2F2F2F2F2F2F2F2F2F2F2F2F2F2F2F2
F2F2F2F2F2F2F2F2F2F2F2F2F2F2F2F2F2F2F2F2F2F2F2F2F2F2F2F2F2F2F2F2F2F2F2F2F2F2F2F2G2G2G2G2G2G2G2G2G2G2G2G2G2G2G2G2G2G2G2G2G2G2G2G2G2G2G2G2G2G2G2G2G2G2G2G2G2G2Q0Q0Q0Q0Q0Q0G2K0K0K0G2U0K0Q0G2G2G2G2G2G2Q0Q0G2L0K0H2H2H2H2H2H2H2H2H2H2H2H2H2H2H2H2H2H2H2H2H2H2H2H2H2
H2H2H2H2H2H2H2H2H2H2H2H2H2H2H2H2H2H2H2H2H2H2H2H2H2H2H29090H25290D1903190H290I2I2I2I2I2I2I2I2I2I2I2I2I2I2I2I2I2I2I2I2I2I2I2I2I2I2I2I2I2I2I2I2I2I2I2I2I2I2I2I2I2I2I2I2I2I2I2I2I2I2I2I2I2I2I2I2I2I2I2I2I2I2I2J2J2J2J2J2J2J2J2J2J2J2J2J2J2J2J2J2J2J2J2J2J2J2J2J2J2J2
J2J2J2J2J2J2J2J2J2J2J2J2J2J2J2J2J2J2J2J2J2J2J2J2J2H0H0H090H0H0H080J2J2J2K2K2K2K2K2K2K2K2K2K2K2K2K2K2K2K2K2K2K2K2K2K2K2K2K2K2K2K2K2K2K2K2K2K2K2K2K2K2K2K2K2K2K2K2K2K2K2K2K2K2K2K2K2K2K2K2K2K2K2K2K2K2K2L2L2L2L2L2L2L2L2L2L2L2L2L2L2L2L2L2L2L2L2L2L2L2L2L2L2L2L2L2
L2L2L2L2L2L2L2L2L2L2L2L2L2L2L2L2L2L2L2L2L2L2L2L2L2L2L2L2L2L2L2L2L2L2M2M2M2M2M2M2M2M2M2M2M2M2M2M2M2M2M2M2M2M2M2M2M2M2M2M2M2M2M2M2M2M2M2M2M2M2M2M2M2M2M2M2M2M2M2M2M2M2M2M2M2M2M2M2M2M2M2M2M2M2M2M2M2N2N2N2N2N2N2N2N2N2N2N2N2N2N2N2N2N2N2N2N2N2N2N2N2N2N2N2N2N2N2N2
N2N2N2N2N2N2N2N2N2N2N2N2N2N2N2N2N2N2N2N2N2N2N2N2N2N2N2N2N2N2N2N2O2O2O2O2O2O2O2O2O2O2O2O2O2O2O2O2O2O2O2O2O2O2O2O2O2O2O2O2O2O2O2O2O2O2O2O2O2O2O2O2O2O2O2O2O2O2O2O2O2O2O2O2O2O2O2O2O2O2O2O2O2O2O2P2P2P2P2P2P2P2P2P2P2P2P2P2P2P2P2P2P2P2P2P2P2P2P2P2P2P2P2P2P2P2P2P2
P2P2P2P2P2P2P2P2P2P2P2P2P2P2P2P2P2P2P2P2P2P2P2P2P2P2P2P2P2P2Q2Q2Q2Q2Q2Q2Q2Q2Q2Q2Q2Q2Q2Q2Q2Q2Q2Q2Q2Q2Q2Q2Q2Q2Q2Q2Q2Q2Q2Q2Q2Q2Q2Q2Q2Q2Q2Q2Q2Q2Q2Q2Q2Q2Q2Q2Q2Q2Q2Q2Q2Q2H0H0H0H0H0H0H0H0Q2Q2Q2R2R2R2R2R2R2R2R2R2R2R2R2R2R2R2R2R2R2R2R2R2R2R2R2R2R2R2R2R2R2R2R2R2R2R2
R2R2R2R2R2R2R2R2R2R2R2R2R2R2R2R2R2R2R2R2R2R2R2R2R2R2R2R2S2S2S2S2S2S2S2S2S2S2S2S2S2S2S2S2S2S2S2S2S2S2S2S2S2S2S2S2S2S2S2S2S2S2S2S2S2S2S2S2S2S2S2S2S2S2S2S2S2S2S2S2S2S2S2S2S2S2S2S2S2S2S2T2T2T2T2T2T2T2T2T2T2T2T2T2T2T2T2T2T2T2T2T2T2T2T2T2T2T2T2T2T2T2T2T2T2T2T2T2
T2T2T2T2T2T2T2T2T2T2T2T2T2T2T2T2T2T2T2T2T2T2T2T2T2T2U2U2U2U2U2U2U2U2U2U2U2U2U2U2U2U2U2U2U2U2U2U2U2U2U2U2U2U2U2U2U2U2U2U2U2U2U2U2U2U2U2U2U2U2U2U2U2U2U2U2U2U2U2U2U2U2U2U2U2U2U2U2U2V2V2V2V2V2V2V2V2V2V2V2V2V2V2V2V2V2V2V2V2V2V2V2V2V2V2V2V2V2V2V2V2V2V2V2V2V2V2V2
V2V2V2V2V2V2V2V2V2V2V2V2V2V2V2V2V2V2V2V2V2V2V2V2W2W2W2W2W2W2W2W2W2W2W2W2W2W2W2W2W2W2W2W2W2W2W2W2W2W2W2W2W2W2W2W2W2W2W2W2W2W2W2W2W2W2W2W2W2W2W2W2W2W2W2W2W2W2W2W2W2W2W2W2W2W2W2X2X2X2X2X2X2X2X2X2X2X2X2X2X2X2X2X2X2X2X2X2X2X2X2X2X2X2X2X2X2X2X2X2X2X2X2X2X2X2X2X2
X2X2X2X2X2X2X2X2X2X2X2X2X2X2X2X2X2X2X2X2X2X2Y2Y2Y2Y2Y2Y2Y2Y2Y2Y2Y2Y2Y2Y2Y2Y2Y2Y2Y2Y2Y2Y2Y2Y2Y2Y2Y2Y2Y2Y2Y2Y2Y2Y2Y2Y2Y2Y2Y2Y2Y2Y2Y2Y2Y2Y2Y2Y2Y2Y2Y2Y2Y2Y2Y2Y2Y2Y2Y2Y2Y2Y2Y2Z2Z2Z2Z2Z2Z2Z2Z2Z2Z2Z2Z2Z2Z2Z2Z2Z2Z2Z2Z2Z2Z2Z2Z2Z2Z2Z2Z2Z2Z2Z2Z2Z2Z2Z2Z2Z2Z2Z2Z2Z2Z2Z2
Z2Z2Z2Z2Z2Z2Z2Z2Z2Z2Z2Z2Z2Z2Z2Z2Z2Z2Z2Z2030303030303030303030303030303030303030303030303030303030303030303030303030303030303030303030303030303030303030303030303030303131313131313131313131313131313131313131313131313131313131313131313131313131313131313131313
1313131313131313131313131313131313132323232323232323232323232323232323232323232323232323232323232323232323232323232323232323232323232323232323232323232323232323233333333333333333333333333333333333333333333333333333333333333333333333333333333333333333333333
3333333333333333333333333333333343434343434343434343434343434343434343434343434343434343434343434343434343434343434343434343434343434343434343434343434343434353535353535353535353535353535353535353535353535353535353535353535353535353535353535353535353535353
5353535353535353535353535353636363636363636363636363636363636363636363636363636363636363636363636363636363636363636363636363636363636363636363636363636363737373737373737373737373737373737373737373737373737373737373737373737373737373737373737373737373737373
7373737373737373737373738383838383838383838383838383838383838383838383838383838383838383838383838383838383838383838383838383838383838383838383838383839393939393939393939393939393939393939393939393939393939393939393939393939393939393939393939393939393939393
93939393939393939393A3A3A3A3A3A3A3A3A3A3A3A3A3A3A3A3A3A3A3A3A3A3A3A3A3A3A3A3A3A3A3A3A3A3A3A3A3A3A3A3A3A3A3A3A3A3A3A3A3A3A3A3A3A3A3A3A3A3A3A3A3A3A3B3B3B3B3B3B3B3B3B3B3B3B3B3B3B3B3B3B3B3B3B3B3B3B3B3B3B3B3B3B3B3B3B3B3B3B3B3B3B3B3B3B3B3B3B3B3B3B3B3B3B3B3B3B3B3
B3B3B3B3B3B3B3B3
#timer 0
#CRC 6290817343000755376
*
m| m[ 2:0:1:1 0:0:1:1 1:0:1:1 20:0:1:1 24:0:1:1 3:0:1:1 19:0:1:1 10:0:1:1 12:0:1:1 39:0:1:1 46:0:1:1 18:0:1:1 31:0:1:1 21:0:1:1 37:0:1:1 
6:0:1:1 49:0:1:1 27:0:1:1 58:0:1:1 m] m[ 2:0:1:1 0:0:1:1 1:0:1:1 20:0:1:1 24:0:1:1 3:0:1:1 19:0:1:1 10:0:1:1 12:0:1:1 39:0:1:1 
46:0:1:1 18:0:1:1 31:0:1:1 21:0:1:1 37:0:1:1 6:0:1:1 49:0:1:1 27:0:1:1 58:0:1:1 m] m[ 2:0:1:1 0:0:1:1 1:0:1:1 20:0:1:1 24:0:1:1 
3:0:1:1 19:0:1:1 10:0:1:1 12:0:1:1 39:0:1:1 46:0:1:1 18:0:1:1 31:0:1:1 21:0:1:1 37:0:1:1 6:0:1:1 49:0:1:1 27:0:1:1 58:0:1:1 m] m[ 
2:0:1:1 0:0:1:1 1:0:1:1 20:0:1:1 24:0:1:1 3:0:1:1 19:0:1:1 10:0:1:1 12:0:1:1 39:0:1:1 46:0:1:1 18:0:1:1 31:0:1:1 21:0:1:1 37:0:1:1 6:0:1:1 
49:0:1:1 27:0:1:1 58:0:1:1 m] m[ 2:0:1:1 0:0:1:1 1:0:1:1 20:0:1:1 24:0:1:1 3:0:1:1 19:0:1:1 10:0:1:1 12:0:1:1 39:0:1:1 46:0:1:1 
18:0:1:1 31:0:1:1 21:0:1:1 37:0:1:1 6:0:1:1 49:0:1:1 27:0:1:1 58:0:1:1 m] m[ 2:0:1:1 0:0:1:1 1:0:1:1 20:0:1:1 24:0:1:1 3:0:1:1 
19:0:1:1 10:0:1:1 12:0:1:1 39:0:1:1 46:0:1:1 18:0:1:1 31:0:1:1 21:0:1:1 37:0:1:1 6:0:1:1 49:0:1:1 27:0:1:1 58:0:1:1 m] m[ 2:0:1:1 
0:0:1:1 1:0:1:1 20:0:1:1 24:0:1:1 3:0:1:1 19:0:1:1 10:0:1:1 12:0:1:1 39:0:1:1 46:0:1:1 18:0:1:1 31:0:1:1 21:0:1:1 37:0:1:1 6:0:1:1 49:0:1:1 
27:0:1:1 58:0:1:1 m] m[ 2:0:1:1 0:0:1:1 1:0:1:1 20:0:1:1 24:0:1:1 3:0:1:1 19:0:1:1 10:0:1:1 12:0:1:1 39:0:1:1 46:0:1:1 18:0:1:1 
31:0:1:1 21:0:1:1 37:0:1:1 6:0:1:1 49:0:1:1 27:0:1:1 58:0:1:1 m] m[ 2:0:1:1 0:0:1:1 1:0:1:1 20:0:1:1 24:0:1:1 3:0:1:1 19:0:1:1 
10:0:1:1 12:0:1:1 39:0:1:1 46:0:1:1 18:0:1:1 31:0:1:1 21:0:1:1 37:0:1:1 6:0:1:1 49:0:1:1 27:0:1:1 58:0:1:1 m] m[ 2:0:1:1 0:0:1:1 
1:0:1:1 20:0:1:1 24:0:1:1 3:0:1:1 19:0:1:1 10:0:1:1 12:0:1:1 39:0:1:1 46:0:1:1 18:0:1:1 31:0:1:1 21:0:1:1 37:0:1:1 6:0:1:1 49:0:1:1 27:0:1:1 
58:0:1:1 m] m[ 2:0:1:1 0:0:1:1 1:0:1:1 20:0:1:1 24:0:1:1 3:0:1:1 19:0:1:1 10:0:1:1 12:0:1:1 39:0:1:1 46:0:1:1 18:0:1:1 31:0:1:1 
21:0:1:1 37:0:1:1 6:0:1:1 49:0:1:1 27:0:1:1 58:0:1:1 m] m[ 2:0:1:1 0:0:1:1 1:0:1:1 20:0:1:1 24:0:1:1 3:0:1:1 19:0:1:1 10:0:1:1 
12:0:1:1 39:0:1:1 46:0:1:1 18:0:1:1 31:0:1:1 21:0:1:1 37:0:1:1 6:0:1:1 49:0:1:1 27:0:1:1 58:0:1:1 m] m[ 2:0:1:1 0:0:1:1 1:0:1:1 
20:0:1:1 24:0:1:1 3:0:1:1 19:0:1:1 10:0:1:1 12:0:1:1 39:0:1:1 46:0:1:1 18:0:1:1 31:0:1:1 21:0:1:1 37:0:1:1 6:0:1:1 49:0:1:1 27:0:1:1 58:0:1:1 
m] m[ 2:0:1:1 0:0:1:1 1:0:1:1 20:0:1:1 24:0:1:1 3:0:1:1 19:0:1:1 10:0:1:1 12:0:1:1 39:0:1:1 46:0:1:1 18:0:1:1 31:0:1:1 21:0:1:1 
37:0:1:1 6:0:1:1 49:0:1:1 27:0:1:1 58:0:1:1 m] m[ 2:0:1:1 0:0:1:1 1:0:1:1 20:0:1:1 24:0:1:1 3:0:1:1 19:0:1:1 10:0:1:1 12:0:1:1 
39:0:1:1 46:0:1:1 18:0:1:1 31:0:1:1 21:0:1:1 37:0:1:1 6:0:1:1 49:0:1:1 27:0:1:1 58:0:1:1 m] .
