MPUltimate v1.5 120-cell_Mirror(Z) 7404 2400 7404
Puzzle 120-cell_Mirror(Z)
Dim 4
NAxis 1
Faces 3.236068,0,0,0
Group 0,4.472136,-7.236068,0/0,5.854102,-9.472136,8.09017 0,0,1,0/0,0,0,1 -0.618034,1.618034,1,0/0,0,0,1
Axis 3.236068,0,0,0
Twists 0,1,0,0/0,0,1,0/0,0,0,1
Cuts 0.95 -0.95
FixedMask 2
EndPuzzle
2 7560
00U2Z200E100003200000003430000P15300005300M0630000W01300007000B3530000X100M2000000A10071O0000090008300B2L00000F2009300E000A02010I0H110K01010K2931010Z0531010E13310103010E203101042N01010B210W13310101210X1W21010J210O0L11010Q010V11081P110105010V2104310O05120D0
9320G02020S1732020Z221202061012020X020C0232020M1R02020B020M10320206320N0202020E220F1G02020F120B020Y020202073203020K120I09030M2V230X1303043H03030W0433030I23030301230O2303030503030306330X0133030U03082V23030K130Q1303030823092303230303051303230L030B0Q040626341
B062W0V0J2J2L2J201M1P04221E1Y2S2W0W113H1K0W2T14040B240Y140S080O0W2C240J2C2Y0W2E0A340409140A140J1B34040G040I240U140708350502350835050T2C05050P050505040115050C150B0635050J1A35050E250H0035050C050E2X25050435092V1505011501150S1B35050U25043505050D0036060H013A392
73G16060N1Z260E26081T26373V1P150X2J2A1A2M0631360Q2506082R0I1X092J260600260X27260609160O26081E26060Q2606060836043C2704070R070B3N21173C12382W0Z0F2U18153I062E0K1I1O1H2D0Z17070B370L1U212P0A0H2B043U170B11203A270704170U170M0D270702070A3703070A3J080B3C03180T122H0
Q0N2I213803280K113G211R08070B1J061E223Y18072S2B2D1R1Z2U180008080800080728380807380N180U1928080N080A280H280204290H2N1E1A27082G1B2D021C290Z0O0J19092R2R192Y2L2Y0Z021A090905190H231Z1J2N281V2M2B1J1Q1U1T09090902290X29040A39090K190C090Z190T1U1A0I2A0V0909352W1A0B3
S031H142W1C2J1H2M2Q0A0D0A0S181T1G2L1Y2W2A040J1X12351H16353D1M0R2T22293A0A002A0B1A04150A0A071A012A0O2A002C1B0G2B0D0B0T2B231B0R02113B051J030I1Y0K1U1O0V171X071E03351I14141H0X261Y0H0Y0Q1B0B0B0F0B06142B0B082B030B090A3B0B0X1B0W0B0H2B0S161C0C0O0S2Y1F0G25182B2P023
C0O22120C0Q29173C0B2M2L2024232B15362Y0D19193R0S2Y083R1R1G0A161M2F2C0C042C0B1C002K2C0C001C023C010C0H2B1D0W1525282C060C0N0W032K2U2F2N083G293M1U0L171V0Z1C0Z2H2J1P2S0Z0H2O153T131U2234290Q121Q0F2D0V0402053N253Q0D0D0D0L2D052D0Y0D0N1S1E00223P2323211B2E0Y041L2E093
T0Q0U2B381A3Y022S0P2G2J1G0X060Q1E0C1E00140G1Z2S2H263N1E1W16173E0E0G0E063E0P202E0E0R0E0W1E093E093H0F0F0F03370N270M0F0A3X2P2O2L0Q0R0F0S2F042W061F042X0N103B0T1Q0T131T223I2E182W1F0X2F0G2A260F2F0F0W2F0F0F0H2A3F0F0B1F0C0F0I2F0I1D1G0A3U0C05303C210E083G0T2O1A3I2T2
J2I0E2F2T011D2O173D0Y1B303R071F0R293R172R252W2J1R191V1A3Z1224003U2F0V1I1Q1G0G0O1G0M0G0S2G0N151H03062O1J2M163Y1I01251L1I2O1E0N2A1E1L061I28131C1P0H1H0B380K270Z1F1Z032H2K000L0S031A0B07260H0H0P0H0U2H0T0Q2H0H0H0H0V1H0B1H0Q2O0I010I0Y0I0D2V2G1I0R0T153I0Q1L192U1T0
P2Y00210Q171X2H2I0I06092Y2P2M011R0V2M0E2I0B0I1J1I01052D0B2S0I181L242B3I0I0Y2I0S2I0F2I0W2U0J0J0J0O240N1T1Z0L0J0I1239112Z132M2U1Q2P0N2309170J2Y2L0Y0Z1E1N2534140N1Y122A0J0P1J0V0J02093J0J092J0B2J020O2J0J081J0A2J0X2J0T2Q0K083S2K0E07123R2R1G0N0W2U0V1A17211A361F0
11B2K0H1Z0X043J2P1F1K050F2V0R1C1N2I0K0R1G1M0V020T162P141K0E1I00110K0K0A3K0U2K0N2K0U0Q0L00003A333J0V2O242A0Q201L0Y2W141R0C20302W172T2E113V2M0Q2F173G1B3L0V0R2O2B281L0L041X0L1K0Z153V09322V1Y1M1K1L0L073L0H1L0D0L090X2M020A2Q2O2V1H1U142715121E1Z2L052M0G113P1W170
M2M2A1J1M0W2M0O2M0L231Q233H1K112M0R2D1P1M060O2E1D2I063O1N1T2M1M0M012M0B1M0J1M051V0N010V2X2N0734363D06323W0Q2Q2U2O2K1F1J0C1N0H0N0V253A2N0O282U1N0E0C201Y0X282E112E1Q1A2V290S1S1N1Q2H2D2N0Y1N0N0N0N1N0F1N0P2N0F110O0Y222I2C0L2J0J2F092I1F1Q083L1H1O0J262D0J1J072A1
H1I1E2T1B1M1H0V2P2L270C23110N0G2Q0H2C201C0R1K0U0E2D1V26300O0O0F1O0G1O032O01052P0I1I0W2S2M1S2H0T2926250H2H202F2G140E0A2S0L1P0V0H2J2W1V0X143R081G1E2A1H171R0F2P13103F2H1506343F0S2Y0D10253I1G0120363I0B053G0R0Q0Q0D053N2Z1S0Z2O0F1N11061H1B2H2Q1A3M1Z042R2I2710191
02L2F0P142616280E2D0Q173D0M2F070R0M1Q0M2S1B070H1K2B1H1Q0Q0S0Q0D0Q0L0Q023T1R0V2R090R0V2Y2J2C2B1U1E1E2A3S083E1Y2G0L2E2F2L1I131W0Z2U2T083G181I212C241E2B302P1H0G1P0B0R0R0U0Y2E0E2R0M173R0R010R0E1R0D2R0O2O2S01072Q280B072B3K211M162Y0O0K2U0K1U2Z0Y0Z1E02211J2A2Y283
D23062A252Z04200P1V1S002G0C2I100806351N04391G2C11012D0H071H272X0Q113A3T00092P2030233Q0X2C1T0D012Y2X282X0A2F161W0P2O29203X0T0I2G0X1E1L0K2K1G0A0Z183X1Z0W043X152T060P1C2V1M1K040T0T0T0Y1T0S0T0Z0T0G150U0F1U0U0V1M2J2M1U0F1L2W1U1W0I230P1O2M2M081G0V2G2Q0L1U012K161
Y1S0P1C18003M2U0Q2W1Q2U0Y1S0G073C0K0F090U07293U0U0E1U0V2U0E0U0Z203V050D0Z1W2F2Y253V073Z0I291C2U0Q2A282X0P2T1R2C2E2H0F0P1T2G1L0P1K1J1X0V1M10132D0J2Y0Y0H2203061E28152Q0A131X2G0C1D2A2Y160D0W2W0R2W0W002W0N2V1F2S070L1Y2S1T07252D132C1W0P2A2O0W0Z013T1Z262B003H033
W0W0B1I0H2C10202O2629192A0R0P1Z2R1N0J17363M0Y131V263A3R011L1H1X020T0U071Y1Z2N2U221X1P2X0J192D262D1C1I2A27102G1Y1S1X0616260J1B03262S0O1V0U2P1M0K1Y2Z1Z1X0G0H0S2G0N26141X0F2515183R2S161Z2T051Y031Q023L2W1K250T2T2E2I222T0S0Z1P133D152Z0T2Y0Q0P0F2J1H1P150J192B1E0
B10151P2Q183P093O2L1Y053Z183N1W041S100B3Z2W043Y0Y0B363R0D1Z023J2V2T2X281W2L282Z0S2Q1L112N2P1Z0H1L2U0K1Z0N2N271D17352D0N0K2G2K1R1A0A1E0Z0J2Q163C1Y0I2X242E2T1I2F0B0Z0Q1D0R1Z0K1H2E2T0J2B20143O232C113Z2E1U0P1A0S092D0S0G241Y1O1J2D1O192I2927182M2N0L0U0M1O1222122
V18201G1P2T2P0V101C270A1W2M1G19201L2K253C2B011X1P2Q260115111R2B190L0R211B2L222G1Y2P2B3821311E18110J1W272N1K0W1P2I0A120H1U1V0X2Y1Z111B3J2D1J2M25003E0J0B2Q2Y1Q033W0D1N09052T2Q2B2K0812133K1B0Y233B191O292C0E0B293F1U2I1I152Z2N1Q1O1K0W2I2F0N2X2U0H2V1L1L1E28182Q1
21X2M11072S0W282D0Z2S123U08021113113X022X0F062N2U031Y031B3R2W0D1W1H013C1J031A2X032518352B3R1N102I0F162P231U2W2T061T1C2X1Z092W2D2N2Y2K2M0D1C131J243U0K1310263J1D1S1E1T0Q293U200Z1410022M1P2J0N0C0R2B0V250K270Y0F2W15322T1W04041G2W240S262J2V0B0C1A2M0A262K1T2F2M1
Q16031A2J0R0U0T192C02142Z0Q0A3O123L0F0K1H1V0M15113701361B2H0T0Z0V052M232S132Q031L0X1Z2227151O002G05152L1L1K1F1C2E1E113M1Z0514172R092A3Y24061G0G2J042633033A001131152V1N0A0O26143Q2V0X26322B1A2Q0Z2A1D1R1P16161C2Q2J1V1I0Z161L1Z0K1U2V1T0Y0L1V152L293M16091M0D231
G2H061I093S06091X2I22053A2U242K0C070F0T0V07143S0Y1Z2A2Y25241O1W101T1J20210N123D2R211J0A1G2Q132S20333N1R2N1G1X1S192H1E271S0A1X002T160P271Y1P033X2Z1W240W283G1A213E1U073X181S0E1M0U2707042J0V202932132V260Q1C2811272M0U121Q2B2811231G2F2B142C1C1C0D100I2W1R233R0R1
70S2D07102A1R09381B1P0D2A3I1W04312T1M09173P0P0R213R2F2L2L2R20291Z041K09152G1K1S141V09141H2N203V273U0G0B121H0404162P0B06290Y1Q0R262D011L2K2C0P17341J141M2O07380K1W061A1A1B2A0H0H011O2A1A3F1Z0M0A3X0M2Q171I1N1C2M2A1T2A1Q0A1X1L1O113Z071X271M182Z0A1V1M2X1U1T2F1S2
62M0H0J20280A1S0C112E0T06061P0J2N1B1B1V2A1508103U2Y053P2P0R1W1L1S29182K273F262A213B1A2H2P1B16232D102M20270526280W0R1P0L2F011D1Z283O03380V1B1402102D0L021O2Y2J083C1C1C1R213I23351W0F0N0A1H1F2J2828151Z0V221O0H141X0A332A34122H1J281S061C2S100V231M2J1W280T2C183Q1
C1F053L2V0S1E223V0A070K2B3P0G2D1P0X032S0A0X0Z1W2A1B2W0L163R1R1O173N1302160D161C1L2Z0E1O0V1N0D2D1Q0I2G0T1N132Y2B1D0S1E1P2L1J1U1P292J0W0D1I0C0J1Q262T241S030U0E183H2O0R2G0T282E1M2P030I13131Z2D1X0R043J162I131C1Y2M2G2E1Y271P062E143Z2C2H18133W1K0P181J2T1R1F0W162
H271O0C2B3N0Z071V1O2U221S2F1F1F171L2W111M22102F173D253B2H0F1B29240Z1Y2H1U2P012F1L032Y2P0R1N1S2W263F123F1O2L1Y162A2A1U191B0Q1P042W1U023Z20302L260P2Q2G2H0G1X291V201A322D0G1P2W0U2426102Z1Z123S1U2L10311G24331P2R103X0722271E0H033G170G22291X271Q1U272S1P0G1U1D033
G1A3O101G140934321F0T0H173M173H1E262D0U2X06233H1D2X0Q0X1W2S1S2B1V2D2W1T1M2H1M171Y1Q2L0S1M201Y0N1R18283W0Z2O131M2T1X1M0U1J0226010K2U1I2C1S0B1K2K23370I153X2Y0Z2U1L2P152W10160N16391A021V2Y1I171R0R1F070P1E1B3P1A3O1M0I121N272D1J1B0T1D1S171O1W0N1G082Z282K0F230J1
W183P0R153W1P08280J1J1A283Y2V292X0J1L140N2J1E0V1S2S1T1E1C2X1B372P1D0I2Y09303G2E2T0O1Q0B071Q1X1J171V0U262O1W0H2K272G0A313Z220J141G0O2S0J1B3L2J021K1A3C2R2L2Q112M0I2K2J192K1H2K261K1G2P153P022C1Y223R1Q090K2S1Y003S08061U1H2X021C201515153K023C0919222H1N2L06022G0
Y1T0F063T290G1L1L1L1D2J2A3U1B041W2V0U212Q1E1A1722192I0Y17061C042P2R0B302T0Q181L1Y2A1G0A120D262421321B1V02393O0R02331E283A3U0B023D2T2Q1K1P2O0M1S2M1M0Z0X1I2S2M1G2D060V061E0Y0N160Z1U102J1C201D2U0S0A3R1U222M0I1X2S1Y0M1W011Y2L2D0V1H1I2C2M100Z001T2M2M0S272L0S1X0
O1Z0M011V2N140M2S1232342K122F1S1M0V1R151P1U1C2T000J193V1C0J1025122C1Z1F1Q1Z193K1M2U1O190B13352N1C080Z2A3B1N2Z2N0R2N1S1B1P1A2W2H2A1D20251O1O1F2Q2Q0W1F2G2T0P2I2H22123O102J18341O0I1T2U1H103E0X273O1R111U1T1H2G0A1M1120140U1I1V1K0Z2B0G2O15140O1C0H0U19221R0D2F2L0
K25061P11042L0V0D0X09001Z2V0K1Z0R2T1G2Z1K1H23091H05152V01301T0K142W1A2Y0C1J102G2B2K2T063J0C1G1O033B2134173S213I0R2G1H1800291V0U2V2K0Q120Y062F2W1E2N0Q2Z0L1L082E0D2D24242A260L1X2A18272Q1Q163D211C283C1X2L2L2H1W06241F0P2E1P0P032V0W2V0L1J2Y0P2L1Q1Y1C1Y1Y0V1R2C1
R2R17333U1G280F263B1E0M0T2I173X0J0R1C1C1K2A153M1D2S1O0W141Q0C202A2R1T212J0Z1I033B1R1L291C2K0D181Z0B153S03073D1S2T073K063T263K2G1S170I223S1M0S1B102B1M0O1Y173F1B3T1N0M2I171I2C1B00103S133C2P0E2G2J14032N0428233N1R2U1S1I0S1Q2T1R152G2I2Y1S1X2N020O1Y242N0N06023T1
J0T15123U0I2T1T122E2W1Q172L0X0D1N152R261B0T1L1A1K1T152T273O2H0S1N2M1A1Q1E0W1E2Q132N171K0P2G2Q0W05181I1J053S062H0D1V2R0Z2F2L1U1U1J2R113U1D2V0U1P2K0O0O111C2L1N1S1U180O1Z081O2H1P2V2K0922091H1G1I0H0X2X1X0U1D212Q0X113A2H1O243A0S2F2Q150W2T2C0X1B3Q050C0Y132V1O261
42W2L1S0R2H2B3E2Z1V19202H2M1M0G150W1Y1V1O0G03313G113U1A2O1R133A0O0F2D0B2F0A2X2C1S2E2E2X2O2D0A0M042V121B3P2V153B2S07371V2W1L2W1M1P011J1D2W0O2O15341324193515101L2T122B141A2X11240K012T0B2W11151E0O1M0U063I0U192F1W1B0T2B2L0B1Q2I2B3R191D1Y0R0L2Z0Y2E030X1A3S2A3C2
R2K031J2X1Q0Q1C1H1Y093A152Q0801183Y1G1G130S0Y0B223Y0R2X1B1M273N143K0227130K1Z2X1A2U2B2S0I1O2G030X2A3O2Y2F1937382F041Y1F2H003639271H1G290T2P1X1Q0Y131Y1B1L233R1L1S1S25380Y1532193S0Q27260Q2Y1R16303H0P2B0R062A2N1Q1F2A2M271K293C171N1U2T241R0V0T0P1Z173H273G0F2C2
S2Z121E1K2Z1R1J0E17171W0B3613312K2Z1503372L080Q132U11362I0T1T2B1A1I211Z0M1C253U2L2C1C0N09170Q1X0R171A3Z2O11333S10230W0W08201U131S2S2T160F293H0S0S122S190I183F2V173Y1O0O072P061X252B1N291B152Z0J2F1R05193X2C140W0O2D1R023E0W202S1E0Y2P0U0X1O14012G2V2J0127152B3T0
B0E1I06180K1N21112O0T142Z1L1L161O1O281J272T092H1U212J1J1D212V233O2M1J0H0D1U2S1013281C04061536381R18121P1G0X022I2N0T0L0A2Z122S0E222D232522230O1A0O08091Z2N15191N1X1L2C2B1U11301B0I0C1A2J0O093K233P2402252805122E2L071A0U0S241F2A0H272P181T132E032O25373U200K1K0H2
1122T022L0X0Y1S061D103F1S15101E2I03280X1K0D1Y2X033R1M13263B1R1B1S132M0L2R08212F2H0B21103521133V2918203Y14280T08342X2Q092W2C222K04243T2P1C101B143B2T211H061N0W2U2W2K24243Q1S2O0B281L24273X1C1O2P1525181R032Z0P18283Z2V0W1G212611251H1Y25293D24363N2Z06023M1236152
9052N25211524001K201K1011223H0N1W2H091B191Q031E1T071Y17281N17063B361K1F2H1Y2J1A0Z19351B003L2C213505362D2O2Q1Y1G2F1G162B303Y0M16291V2E1W2D1F1F17062C222D2U0J1A2R2O100E1B1U0X2V0A1Q0U10113R190H0M011K1U1G1214062I2P2Q2X012Z04340E1I07260Q2N172U23231S2H2J0T172J192
2321T1N2L0B221G1E101Z172G272Z2A182Y1B171E0C1T07272G0U0I1027283325223O2U22372N260R1T1M1M2O0L0F2W1828282X2C0C002Z0U0U0M2K071W0M27112338153720282S2I0M2N2A3B29171W21232F2R1126202U082B3E170D021G2Y213S0R2X270T221V1A2230241O073F292E2T0D192E2311192M0D1M20131D2T1V0
V1B203I1E0E11201W0Z0Q1D2L0T10192V2A2J132T292S2E113K2R292933301M0T1K00380Y243Q063X2G1X1R2G2E2A283I070Y1A153J2Q0Q051G0R182W1E0V0V2J2O2X0E041E1T2P1K1P1Q0J0W1N092B3O0O1W1S213I0H1W2U1T0A23202I0G222Z1C1828361I2F2F133B3K002Z1B290P2F2B2513252P0J073G1B282T013V1A1P2
F282U081K0O172B2P0Y090D2B2X183R2A212E2B2K0L2S031Y0E0M17332B2U2F2Z05252G0H242Q0K0F1F1Z041C242M233A012K1O1Z2C2A0S0M142V0Y23180Q1L231B162110101X193T152G1E0C2L0C2925123N0O20101E1W1C291V291I0R2U0U0C201U2I1Y2I0S1I1128022D240L1L1O023C0C1D2D2U0I1F193F1K15212Z0B332
M2H2Q1L231O1I2E0P0X262D21163U2D2V0N2L1P090G241D290K1T103C112S270I1412181H0Q0L1B37260E2B3U0E003L2N1Q1K2N1Y1I0C17262T2G2731162H2F1E2N20323L1K2X13162F0E291M1D2P053E2Y0C04372K2E2T1F0L0R2D1T0F260B153A1G2N0F2Y2439391F2C0P0W2F0V081A1F2Y1W032X0M272A322R241H2J1X031
H233E2K1E1K142F1O041O1O1L2B1X0Y283Q2F0I052F282O1A0Y0J1129293Z2K1G2915153C04333K0G212O1U1K0C2E000G29043G1P103M053E2X2X1W052Q2Y1O11350A1H0U0Q151R19131G1G2G2M0Q0Q260W0D0L1A05191E1U131M1F04041S051N2A3Z2006103U0H290H2G2E083S220V1B2S0J0F172A003P133L1X2J2W0P0D2F1
Z113N2G0V2N2U1Z1I1Y2W1G111R0I2H1D2Q083H2M2P271E0C1I0R090D151X1B3L153F1A2N082I222F053S103M2N031917153A2A3P1D181D002X112W261M123L1I28331K0T031R0T051E0X013M192K2I1I2A1S103Q2B1S110Z032B3B360U283N1G0O013Y1V0J2R1U2U2J2J1V010G0G031R1J2S2L0K2W0F1D042E2V1X101E2F1E1
P1Z0J2A141U153U1R2P1N2L1O0O2X1Z01093G1F1C15250T1K0R1S0Z2E2O0P073P2O2N0E0K2K2H0A3K2K291K1M1H1V1W1R0M2Y221P1W2F2J2I2Q2E2Q0E2T0E0A1O1E2U2D1X0X0S0F081R0K2K272G0K091K2K2I2X0I12122A0A3O2A360K1A3D150A3I2N2L2B3B0I1D1A290P0N2J0Z0G2K1L2M2D0K2E1K241K200L2P14332L2I122
Z2J0E1L202O0L2F2U2Y0G2I15221B1W2P1D2Z292I2D190L2L1W133F1C0I1H270F2H1M2B3H1V290I290G2Y043T213M0S0E1Z0M2N2B222N0S1G2W1I2K0T2P2J1X1P0K1N0N0V180Q221418341H0P1T103T0K272W2W1T0R2M2Y2C0W22123J25003S052N2N2A0X1N1Y1I19181J252W18293K1T0M0Q2W0V201R0N20103N1J022R2G181
I0N2N181W2Y1V2Y273H242H1O280A2Z0E1I0H180A1X1B3T1W083C2G142K24312O283E011538363W121L0X233W1E1H1N0Y0V1J2L042M2W1P281K0F1I0L210M1V0O2K241V0R1R2G182I18041J260M2628282N0C140J0V12382G092I0I2P0U213P220J0Q1S083A2V1P2231363H0X1T061B2P2U151I280G1Z1K052P202H281S2Y0P1
D2T121L2X2P2Z2I2P012P2133171H2V111H1R2P2T290V0B310M2Y2Z100U0Q2836183Q293L090Q2A0Z1Q2N0M1P0M2S0O172M031G192L092Y0Q2X0D120J2Z1W1A1V292S06361K242N26153Q240R0B2A042N1K283X2O1R1M1Y0L0G0P0F1U0R2P131K14162L0B2R2U2O092E1K1F0M2C013Q2M1X193G0I163S1R2O2O271M1B3Q2F2Q2
V0W221R202B2A290L2B0G0S2N10393P270R2V0X2A0I2L132L0D2Q2G2S2S28123D1S263N07142030202D0S2K0T0N0R0F0S2A0Q05133X0R281S2L1R022X1I26263A2Q1S2L0817312D063W2K0Y2X0A3F0S2M0O0M1M1L1J1A2H2S2I1W2T2T2Z0G171T2D2P0T2S0U1Q2M2Q1E201B2R2G09342N2C0U0F1Y14062510213K2L0P001E161
23M1T290A182B2Z2Y0L002Q2V0X2C210H101101101G0B0W0A3U1U2K151K1U2E2U272A09172A1J2F2V1R1G1R0H2N1Z211L152Y111X0I0T2Q1Y2X1O2G1M040Q163S2H0U2C1U243U2F2Z2A0R152F1Z100P0612002Z1K1D1B1A020V2P0V29320I1A19190T1V1116293J013O0E2U21182S1K0U2E2F1V2H2O0U1X13222N0L1M182B1B1
B3A1Q1A1V2J1628301V1E2X14230H1A0P0811182I0O1W2H0W210Y2K2V043I180Z002W2I1L0Q22241V1K0Z1K191M2222143109062C0W190G1G0F2W2B3B2S04021N1L1N2V07183V1K2O0F2D0V2W2Q0S201V2K021P0U1K0R1X293I122V0N0V0E251A3L1P1G0F0Y1Z0X2P1A1N2L033G0S113J15103S170T0T1L0C163032101L283J1
Z1Q1702323A2Z21272X262X29311J0K1J0N0T2C0V2A3Y200W09121D240T16043F021Y2E0X0P2Q1P2F112O290K2W0Q030Y213F2C2S000Y2Q1Y29091V1N233D0I1I0I2W2K243I042X132O0E1Q042E1L0D173T2W181A3Z200T231Z2Z2J240I141H2I2R0F1O2O1Z2Q0Y1S2K221R0O232J27033A0J123J0G2C0W0J2G290X0I163I1D0
L0B173Z280O081R211U0K1E0Q1O1F04312S1B0L20303N13361G233Q2Z2B2G1X0O0N2K1X1Y12390B1I1V1O0B0O06003A0Z2N211U26291B2U062H0T073V1X1H1J220424341V27143Y053O0S0L2P1638100A0X2931313P2P21113D1O1C1V03371V1A0A0V1I0I2V290W0S2D0D142N1400340A0Z1M0U1I0Y113D033D143D080P2C233
9381G111C293E0918191V0H1C2X1J23273C0232350T233D1Z1Q2N292C2P1125123V1K07032X2Z2K252Y28380N1N1T1G212Y1T1A2N273G1T0C1806121Y0A223X0H2D1701083J14152316123T1Z08333Q0I03310R1K251W033E22033U1N2I2A38213J0R2N2D2B082B0D291Y2X09073G0N170J0P0R0P1U053D232O0G0R1D2119131
22B2Y2P2P1W0O272C043I1A172H2A1A243Y043N26160N2C1V0T2R2P24343G2S043Z143F1M2O0R143P2B371708232W2P143J0V2N032M2N0Z1K0N03252034261D003J283H131H0F17363P1N08201F1P25341P0D28123S0S1M063O2D1C0W261L0G001R2L1D0W053J2H10053Q2T222C0L0Z140Y1D2T242I1J0Y120Z1T1S0M11320U0
C1X1R000A2Y0F053H2B382S2A3S16300N1E2639063W1P0G172B06380W1A0D092L0C0K162G0X063G2S2I1523060P0D0X2P0A2T2G06393Z2G2O28310A37231W0X2W18043X0I2A203V0O2X0V272Z173916092Q0A333H0R013J112F0X2R2533273D100Z2X1Z1R1N1U2V2V2A1D1F0L27312R041Z1X2H0R1J2A0R2H173H121Y2V211W2
V0T0B3W091I231X1T2R293D283Y250N2T2E1J042Q2Z2T071B0Y0Y14383D2X2D243F2C2V18170O1O1S20101219082X0C2M2N250D1J1N1F132K043Z2A331B0T2S183W1S0702140J1Q28330I093Z2Y1W2M1B3W28310X1H0H1T14191M15293D2M0B2C14043J2X1G1V0X2M0I132B282V192E1218093Q12093J2935351G2D27293C093
M2M2G1N1Q292U2M0V140A3A3F001Q1B2M1C0U1B3U0B2H2J0L2O0B0U212Q2H2I1607272G150N2O170H1Q112D103V00322N2X163F2G1O2A3A3A0534151T040U2Z122D1S272C2V2B2Q2W2B3B3A073W1L22251B3N0Y22170B3U12280A1Y081O2O0B3Z141W2E0B3V0D0K04292F0Y1V243C222B3Z1G092912053C290F123N0Y0R2I0E0
I231M242J0L1A1O1
#timer 7412213
#CRC 10701475502001902856
*
36:0:1:1 57:0:1:1 16:0:1:5 23:0:1:4 28:0:1:1 46:0:1:5 55:0:1:5 48:0:1:4 53:0:1:5 43:0:1:1 51:0:1:5 36:0:1:4 32:0:1:1 6:0:1:5 9:0:1:5 30:0:1:1 
54:0:1:5 32:0:1:5 39:0:1:5 3:0:1:5 57:0:1:4 3:0:1:5 39:0:1:1 1:0:1:1 46:0:1:5 17:0:1:1 26:0:1:4 37:0:1:5 30:0:1:5 27:0:1:5 48:0:1:4 27:0:1:4 
21:0:1:4 16:0:1:1 22:0:1:5 55:0:1:4 49:0:1:5 3:0:1:4 46:0:1:4 16:0:1:5 42:0:1:5 3:0:1:5 2:0:1:5 35:0:1:5 38:0:1:4 9:0:1:4 34:0:1:1 46:0:1:4 
15:0:1:4 12:0:1:1 25:0:1:5 12:0:1:4 12:0:1:1 41:0:1:1 44:0:1:5 26:0:1:1 33:0:1:1 10:0:1:1 55:0:1:5 54:0:1:4 57:0:1:5 46:0:1:4 44:0:1:4 9:0:1:4 
0:0:1:1 2:0:1:1 19:0:1:1 14:0:1:4 34:0:1:1 41:0:1:5 36:0:1:4 47:0:1:1 42:0:1:1 43:0:1:4 34:0:1:4 21:0:1:5 24:0:1:1 3:0:1:1 19:0:1:5 59:0:1:5 
38:0:1:5 35:0:1:4 51:0:1:4 4:0:1:4 51:0:1:1 41:0:1:4 34:0:1:5 29:0:1:4 21:0:1:1 25:0:1:5 23:0:1:5 18:0:1:4 9:0:1:5 46:0:1:4 44:0:1:4 53:0:1:5 
5:0:1:4 35:0:1:5 49:0:1:5 25:0:1:5 35:0:1:5 47:0:1:1 29:0:1:5 18:0:1:1 10:0:1:1 59:0:1:5 5:0:1:1 18:0:1:5 9:0:1:1 40:0:1:5 13:0:1:1 17:0:1:4 
19:0:1:1 53:0:1:4 54:0:1:5 51:0:1:1 37:0:1:1 48:0:1:1 59:0:1:1 48:0:1:5 23:0:1:4 35:0:1:1 55:0:1:5 37:0:1:4 5:0:1:1 14:0:1:5 13:0:1:4 3:0:1:5 
0:0:1:5 47:0:1:4 50:0:1:4 16:0:1:5 40:0:1:1 40:0:1:1 51:0:1:5 54:0:1:4 26:0:1:5 42:0:1:5 46:0:1:1 2:0:1:5 9:0:1:4 23:0:1:4 56:0:1:5 39:0:1:1 
48:0:1:5 1:0:1:1 13:0:1:1 44:0:1:4 54:0:1:1 48:0:1:5 43:0:1:1 50:0:1:1 16:0:1:1 48:0:1:4 23:0:1:1 32:0:1:5 43:0:1:5 35:0:1:5 36:0:1:4 33:0:1:1 
37:0:1:5 25:0:1:4 6:0:1:4 0:0:1:5 50:0:1:4 1:0:1:5 53:0:1:1 11:0:1:1 42:0:1:4 25:0:1:4 30:0:1:5 28:0:1:4 58:0:1:1 48:0:1:4 53:0:1:1 32:0:1:4 
21:0:1:4 6:0:1:1 58:0:1:1 47:0:1:5 27:0:1:1 13:0:1:5 4:0:1:5 34:0:1:4 9:0:1:5 43:0:1:4 24:0:1:4 11:0:1:5 45:0:1:4 40:0:1:4 11:0:1:5 56:0:1:4 
28:0:1:5 4:0:1:5 45:0:1:4 39:0:1:1 14:0:1:1 9:0:1:4 59:0:1:4 49:0:1:5 31:0:1:4 28:0:1:5 31:0:1:1 16:0:1:4 39:0:1:4 34:0:1:1 29:0:1:1 39:0:1:4 
21:0:1:4 59:0:1:1 56:0:1:1 36:0:1:1 7:0:1:5 49:0:1:1 59:0:1:1 26:0:1:1 38:0:1:4 25:0:1:4 12:0:1:1 18:0:1:4 0:0:1:4 21:0:1:4 22:0:1:4 45:0:1:4 
11:0:1:5 56:0:1:5 36:0:1:5 25:0:1:4 55:0:1:4 34:0:1:1 29:0:1:1 54:0:1:1 12:0:1:4 4:0:1:4 46:0:1:4 51:0:1:4 14:0:1:1 57:0:1:1 23:0:1:5 3:0:1:1 
14:0:1:5 26:0:1:4 19:0:1:5 13:0:1:5 1:0:1:4 47:0:1:5 46:0:1:1 44:0:1:5 5:0:1:5 31:0:1:1 10:0:1:5 49:0:1:4 43:0:1:4 32:0:1:1 53:0:1:4 11:0:1:4 
38:0:1:5 5:0:1:4 26:0:1:1 59:0:1:1 53:0:1:1 8:0:1:5 14:0:1:1 1:0:1:1 35:0:1:4 23:0:1:1 54:0:1:4 1:0:1:1 41:0:1:5 21:0:1:4 46:0:1:5 35:0:1:4 
28:0:1:1 54:0:1:5 21:0:1:1 48:0:1:4 11:0:1:4 37:0:1:4 33:0:1:5 43:0:1:4 40:0:1:1 58:0:1:5 12:0:1:1 42:0:1:5 3:0:1:1 33:0:1:4 34:0:1:5 49:0:1:4 
47:0:1:5 17:0:1:4 4:0:1:1 25:0:1:5 27:0:1:4 47:0:1:1 25:0:1:1 28:0:1:5 26:0:1:1 6:0:1:1 27:0:1:1 0:0:1:4 48:0:1:1 44:0:1:4 16:0:1:1 9:0:1:5 
49:0:1:4 5:0:1:5 18:0:1:5 49:0:1:1 57:0:1:5 1:0:1:5 12:0:1:1 52:0:1:4 19:0:1:4 26:0:1:4 10:0:1:1 44:0:1:4 30:0:1:1 29:0:1:5 15:0:1:1 10:0:1:4 
29:0:1:1 7:0:1:1 45:0:1:4 29:0:1:1 44:0:1:1 17:0:1:1 43:0:1:4 2:0:1:4 9:0:1:4 30:0:1:4 42:0:1:1 43:0:1:5 38:0:1:4 7:0:1:5 13:0:1:1 59:0:1:1 
23:0:1:5 18:0:1:5 10:0:1:4 30:0:1:4 38:0:1:5 50:0:1:4 4:0:1:5 37:0:1:1 17:0:1:1 17:0:1:5 43:0:1:1 48:0:1:1 5:0:1:4 0:0:1:5 42:0:1:1 45:0:1:4 
56:0:1:4 49:0:1:1 17:0:1:4 22:0:1:4 18:0:1:4 45:0:1:1 43:0:1:5 21:0:1:5 51:0:1:4 12:0:1:1 59:0:1:1 3:0:1:5 53:0:1:5 21:0:1:1 5:0:1:1 1:0:1:4 
6:0:1:1 22:0:1:4 14:0:1:1 52:0:1:4 51:0:1:4 44:0:1:1 48:0:1:1 59:0:1:5 48:0:1:1 9:0:1:1 29:0:1:5 0:0:1:1 38:0:1:5 21:0:1:4 29:0:1:5 0:0:1:4 
41:0:1:1 12:0:1:1 36:0:1:1 53:0:1:1 41:0:1:4 45:0:1:4 20:0:1:4 19:0:1:5 45:0:1:5 1:0:1:1 12:0:1:5 49:0:1:5 58:0:1:4 5:0:1:5 33:0:1:5 58:0:1:5 
13:0:1:4 28:0:1:1 6:0:1:5 15:0:1:1 45:0:1:4 45:0:1:1 43:0:1:4 24:0:1:5 58:0:1:4 30:0:1:5 36:0:1:1 16:0:1:4 46:0:1:5 6:0:1:4 38:0:1:1 17:0:1:5 
24:0:1:5 44:0:1:4 12:0:1:4 13:0:1:4 52:0:1:4 10:0:1:1 41:0:1:4 43:0:1:1 46:0:1:5 48:0:1:5 39:0:1:5 50:0:1:5 2:0:1:1 8:0:1:1 31:0:1:4 43:0:1:1 
6:0:1:5 1:0:1:5 2:0:1:1 34:0:1:1 45:0:1:1 20:0:1:4 31:0:1:5 43:0:1:4 58:0:1:4 51:0:1:1 40:0:1:4 26:0:1:5 38:0:1:5 44:0:1:5 20:0:1:5 50:0:1:5 
47:0:1:4 44:0:1:5 32:0:1:4 45:0:1:4 34:0:1:1 32:0:1:1 0:0:1:5 43:0:1:1 53:0:1:5 59:0:1:5 28:0:1:5 4:0:1:4 32:0:1:5 7:0:1:1 31:0:1:1 14:0:1:5 
25:0:1:5 48:0:1:4 53:0:1:1 8:0:1:4 58:0:1:1 8:0:1:5 15:0:1:5 57:0:1:4 59:0:1:1 45:0:1:4 57:0:1:5 37:0:1:1 10:0:1:1 5:0:1:5 4:0:1:4 24:0:1:5 
16:0:1:4 20:0:1:5 36:0:1:4 24:0:1:4 48:0:1:5 49:0:1:1 48:0:1:5 36:0:1:5 51:0:1:1 10:0:1:5 23:0:1:5 26:0:1:5 30:0:1:4 55:0:1:5 28:0:1:5 29:0:1:5 
5:0:1:1 58:0:1:4 39:0:1:4 8:0:1:4 53:0:1:5 17:0:1:5 29:0:1:5 35:0:1:1 30:0:1:5 30:0:1:4 13:0:1:1 25:0:1:1 37:0:1:4 41:0:1:4 12:0:1:4 40:0:1:5 
30:0:1:5 3:0:1:1 46:0:1:5 26:0:1:5 40:0:1:5 15:0:1:1 29:0:1:4 36:0:1:1 42:0:1:4 31:0:1:4 26:0:1:1 21:0:1:5 9:0:1:1 28:0:1:4 50:0:1:4 50:0:1:1 
54:0:1:5 22:0:1:4 59:0:1:1 30:0:1:4 19:0:1:5 43:0:1:4 14:0:1:1 14:0:1:4 25:0:1:4 6:0:1:5 29:0:1:1 3:0:1:5 24:0:1:5 32:0:1:4 21:0:1:1 2:0:1:1 
24:0:1:5 55:0:1:5 43:0:1:5 5:0:1:5 39:0:1:4 15:0:1:4 1:0:1:5 42:0:1:4 24:0:1:4 22:0:1:4 34:0:1:4 16:0:1:1 26:0:1:1 39:0:1:5 25:0:1:1 43:0:1:1 
24:0:1:4 51:0:1:5 15:0:1:5 4:0:1:5 14:0:1:5 31:0:1:1 7:0:1:4 29:0:1:5 42:0:1:4 40:0:1:5 56:0:1:5 9:0:1:5 35:0:1:4 48:0:1:4 16:0:1:1 23:0:1:5 
56:0:1:1 22:0:1:5 21:0:1:5 4:0:1:5 40:0:1:4 48:0:1:4 12:0:1:5 46:0:1:5 34:0:1:1 6:0:1:5 55:0:1:4 58:0:1:5 14:0:1:4 50:0:1:1 40:0:1:5 49:0:1:4 
13:0:1:1 2:0:1:1 38:0:1:5 27:0:1:5 22:0:1:4 12:0:1:5 44:0:1:5 2:0:1:1 47:0:1:1 50:0:1:5 47:0:1:1 58:0:1:1 25:0:1:1 59:0:1:4 56:0:1:5 51:0:1:4 
53:0:1:4 16:0:1:1 57:0:1:1 42:0:1:5 5:0:1:5 45:0:1:1 11:0:1:5 3:0:1:4 40:0:1:1 5:0:1:4 11:0:1:5 38:0:1:5 34:0:1:5 13:0:1:4 13:0:1:4 53:0:1:4 
4:0:1:5 0:0:1:4 16:0:1:1 58:0:1:1 50:0:1:5 53:0:1:5 55:0:1:1 52:0:1:4 43:0:1:4 15:0:1:4 27:0:1:5 1:0:1:1 2:0:1:1 47:0:1:5 2:0:1:1 43:0:1:1 
55:0:1:1 13:0:1:5 12:0:1:1 19:0:1:5 5:0:1:1 57:0:1:4 22:0:1:5 44:0:1:1 50:0:1:5 3:0:1:5 9:0:1:4 49:0:1:4 16:0:1:1 5:0:1:5 6:0:1:4 42:0:1:1 
48:0:1:5 8:0:1:4 12:0:1:4 19:0:1:4 33:0:1:1 22:0:1:5 53:0:1:4 32:0:1:4 10:0:1:4 10:0:1:4 34:0:1:4 21:0:1:1 9:0:1:5 44:0:1:1 13:0:1:1 50:0:1:1 
0:0:1:4 7:0:1:1 53:0:1:5 49:0:1:1 51:0:1:1 1:0:1:5 27:0:1:4 34:0:1:4 22:0:1:1 56:0:1:4 20:0:1:4 27:0:1:5 0:0:1:1 25:0:1:1 5:0:1:1 14:0:1:4 
17:0:1:4 53:0:1:4 58:0:1:4 38:0:1:4 50:0:1:5 20:0:1:5 14:0:1:4 50:0:1:5 18:0:1:1 50:0:1:1 39:0:1:5 45:0:1:1 54:0:1:4 12:0:1:5 41:0:1:1 19:0:1:1 
4:0:1:4 40:0:1:1 47:0:1:5 15:0:1:4 40:0:1:1 58:0:1:4 7:0:1:5 25:0:1:1 2:0:1:1 49:0:1:1 33:0:1:1 4:0:1:4 56:0:1:1 2:0:1:4 47:0:1:4 47:0:1:1 
6:0:1:5 22:0:1:4 18:0:1:1 17:0:1:5 50:0:1:1 47:0:1:1 42:0:1:4 20:0:1:4 44:0:1:4 36:0:1:1 47:0:1:1 42:0:1:4 19:0:1:4 32:0:1:1 16:0:1:5 14:0:1:4 
32:0:1:5 18:0:1:4 24:0:1:1 13:0:1:5 9:0:1:5 48:0:1:4 38:0:1:1 9:0:1:1 2:0:1:1 36:0:1:5 7:0:1:4 0:0:1:1 47:0:1:4 54:0:1:5 50:0:1:1 29:0:1:5 
12:0:1:5 4:0:1:4 49:0:1:4 44:0:1:4 59:0:1:5 22:0:1:1 50:0:1:5 9:0:1:1 17:0:1:4 7:0:1:5 46:0:1:5 39:0:1:1 5:0:1:4 33:0:1:5 10:0:1:4 45:0:1:5 
33:0:1:1 18:0:1:1 6:0:1:4 31:0:1:4 30:0:1:4 59:0:1:4 4:0:1:1 59:0:1:5 49:0:1:4 23:0:1:5 18:0:1:5 16:0:1:1 29:0:1:4 26:0:1:4 59:0:1:5 54:0:1:1 
4:0:1:1 11:0:1:1 59:0:1:5 19:0:1:1 28:0:1:5 26:0:1:1 19:0:1:4 7:0:1:5 52:0:1:1 22:0:1:5 26:0:1:1 50:0:1:4 33:0:1:1 21:0:1:4 54:0:1:4 57:0:1:5 
29:0:1:4 34:0:1:4 24:0:1:4 37:0:1:4 4:0:1:5 40:0:1:1 46:0:1:5 54:0:1:1 38:0:1:5 46:0:1:5 45:0:1:1 23:0:1:1 32:0:1:1 27:0:1:5 27:0:1:5 26:0:1:4 
17:0:1:1 51:0:1:5 23:0:1:4 17:0:1:1 50:0:1:1 31:0:1:1 50:0:1:4 28:0:1:1 31:0:1:1 30:0:1:1 10:0:1:4 7:0:1:4 33:0:1:5 45:0:1:1 18:0:1:1 38:0:1:5 
52:0:1:4 38:0:1:4 34:0:1:5 40:0:1:1 11:0:1:5 9:0:1:5 37:0:1:4 16:0:1:5 27:0:1:5 3:0:1:4 25:0:1:5 46:0:1:4 3:0:1:5 41:0:1:4 25:0:1:1 45:0:1:5 
7:0:1:1 44:0:1:5 53:0:1:5 6:0:1:5 53:0:1:4 3:0:1:5 13:0:1:5 3:0:1:5 25:0:1:1 40:0:1:1 11:0:1:5 12:0:1:1 11:0:1:1 49:0:1:1 29:0:1:5 21:0:1:5 
15:0:1:4 28:0:1:4 17:0:1:1 0:0:1:5 52:0:1:4 28:0:1:5 54:0:1:5 4:0:1:4 58:0:1:5 20:0:1:5 59:0:1:1 17:0:1:1 57:0:1:4 36:0:1:5 0:0:1:1 47:0:1:5 
47:0:1:5 2:0:1:5 30:0:1:4 47:0:1:5 44:0:1:1 29:0:1:4 30:0:1:4 10:0:1:5 44:0:1:5 1:0:1:4 37:0:1:4 37:0:1:5 32:0:1:4 1:0:1:1 1:0:1:1 44:0:1:4 
51:0:1:1 51:0:1:1 5:0:1:4 11:0:1:1 57:0:1:5 50:0:1:1 20:0:1:5 29:0:1:4 15:0:1:4 11:0:1:4 25:0:1:4 26:0:1:4 22:0:1:5 45:0:1:1 2:0:1:4 29:0:1:4 
52:0:1:5 25:0:1:5 15:0:1:1 44:0:1:5 7:0:1:1 33:0:1:5 47:0:1:5 52:0:1:5 58:0:1:1 40:0:1:5 28:0:1:5 44:0:1:4 25:0:1:1 43:0:1:1 46:0:1:1 24:0:1:5 
51:0:1:4 21:0:1:4 3:0:1:4 30:0:1:1 35:0:1:5 17:0:1:5 58:0:1:5 36:0:1:1 53:0:1:4 54:0:1:4 42:0:1:4 16:0:1:1 57:0:1:1 45:0:1:5 50:0:1:5 10:0:1:4 
21:0:1:4 6:0:1:4 27:0:1:5 35:0:1:5 26:0:1:5 27:0:1:5 32:0:1:4 48:0:1:4 49:0:1:4 18:0:1:1 4:0:1:5 16:0:1:5 31:0:1:1 18:0:1:5 9:0:1:5 44:0:1:4 
23:0:1:4 21:0:1:5 48:0:1:4 27:0:1:1 53:0:1:4 30:0:1:5 46:0:1:5 0:0:1:4 37:0:1:1 58:0:1:5 16:0:1:5 21:0:1:4 36:0:1:1 56:0:1:5 21:0:1:1 58:0:1:4 
52:0:1:4 14:0:1:4 32:0:1:1 19:0:1:4 27:0:1:5 38:0:1:4 32:0:1:4 26:0:1:1 40:0:1:5 54:0:1:4 54:0:1:1 18:0:1:1 27:0:1:5 0:0:1:1 25:0:1:4 18:0:1:1 
23:0:1:4 23:0:1:1 0:0:1:1 16:0:1:5 39:0:1:5 22:0:1:5 43:0:1:4 52:0:1:1 26:0:1:1 39:0:1:1 34:0:1:1 17:0:1:5 41:0:1:4 35:0:1:5 33:0:1:5 41:0:1:5 
52:0:1:5 19:0:1:4 16:0:1:4 29:0:1:5 2:0:1:1 1:0:1:1 15:0:1:5 9:0:1:1 52:0:1:1 31:0:1:5 28:0:1:5 30:0:1:4 48:0:1:1 41:0:1:4 47:0:1:1 31:0:1:4 
50:0:1:5 9:0:1:1 2:0:1:4 15:0:1:5 29:0:1:4 51:0:1:1 52:0:1:1 16:0:1:4 55:0:1:5 11:0:1:4 6:0:1:5 29:0:1:5 50:0:1:5 37:0:1:5 5:0:1:5 10:0:1:5 
25:0:1:1 54:0:1:4 33:0:1:5 47:0:1:5 32:0:1:4 10:0:1:5 43:0:1:1 14:0:1:5 29:0:1:1 36:0:1:5 58:0:1:1 28:0:1:4 26:0:1:5 25:0:1:4 10:0:1:4 3:0:1:1 
3:0:1:5 13:0:1:5 38:0:1:4 44:0:1:4 47:0:1:5 36:0:1:4 15:0:1:4 18:0:1:4 33:0:1:5 56:0:1:4 16:0:1:5 16:0:1:5 20:0:1:4 22:0:1:1 35:0:1:5 38:0:1:5 
30:0:1:1 49:0:1:5 38:0:1:1 57:0:1:4 38:0:1:4 17:0:1:5 3:0:1:4 46:0:1:4 23:0:1:5 18:0:1:1 2:0:1:5 55:0:1:4 33:0:1:5 2:0:1:1 35:0:1:4 39:0:1:1 
47:0:1:1 24:0:1:5 29:0:1:1 31:0:1:1 58:0:1:4 40:0:1:4 18:0:1:5 39:0:1:4 44:0:1:4 51:0:1:1 59:0:1:1 26:0:1:1 57:0:1:5 0:0:1:4 2:0:1:1 8:0:1:1 
7:0:1:4 31:0:1:4 2:0:1:4 10:0:1:4 41:0:1:1 20:0:1:5 10:0:1:1 0:0:1:4 51:0:1:1 19:0:1:1 33:0:1:1 10:0:1:4 56:0:1:4 3:0:1:5 55:0:1:4 45:0:1:5 
23:0:1:5 32:0:1:5 12:0:1:1 6:0:1:5 13:0:1:1 21:0:1:5 4:0:1:5 33:0:1:1 19:0:1:1 14:0:1:1 25:0:1:4 15:0:1:5 55:0:1:1 33:0:1:4 28:0:1:1 21:0:1:1 
44:0:1:1 19:0:1:4 8:0:1:4 18:0:1:4 30:0:1:5 14:0:1:5 21:0:1:5 24:0:1:1 1:0:1:1 8:0:1:4 50:0:1:1 10:0:1:1 46:0:1:1 28:0:1:5 29:0:1:1 49:0:1:5 
3:0:1:5 33:0:1:4 11:0:1:4 52:0:1:1 54:0:1:1 11:0:1:5 17:0:1:1 52:0:1:5 32:0:1:5 48:0:1:5 21:0:1:1 13:0:1:4 29:0:1:4 34:0:1:5 5:0:1:1 16:0:1:4 
24:0:1:4 22:0:1:1 5:0:1:1 47:0:1:5 51:0:1:4 52:0:1:1 19:0:1:5 27:0:1:1 15:0:1:4 12:0:1:4 31:0:1:4 56:0:1:5 27:0:1:5 41:0:1:1 35:0:1:5 45:0:1:1 
51:0:1:1 51:0:1:4 13:0:1:4 41:0:1:1 14:0:1:5 45:0:1:1 35:0:1:4 14:0:1:5 39:0:1:1 20:0:1:4 21:0:1:1 10:0:1:1 13:0:1:1 35:0:1:5 57:0:1:1 34:0:1:5 
56:0:1:4 1:0:1:5 39:0:1:4 49:0:1:5 45:0:1:1 44:0:1:5 38:0:1:5 29:0:1:5 41:0:1:4 30:0:1:5 41:0:1:1 7:0:1:5 1:0:1:5 8:0:1:1 8:0:1:5 51:0:1:1 
1:0:1:4 16:0:1:1 42:0:1:4 8:0:1:5 58:0:1:5 6:0:1:4 33:0:1:5 50:0:1:1 13:0:1:5 21:0:1:4 54:0:1:4 3:0:1:4 47:0:1:4 20:0:1:4 40:0:1:4 10:0:1:5 
49:0:1:5 50:0:1:5 45:0:1:1 26:0:1:1 34:0:1:1 39:0:1:1 19:0:1:1 21:0:1:1 1:0:1:1 6:0:1:1 24:0:1:4 31:0:1:5 28:0:1:5 4:0:1:5 49:0:1:1 15:0:1:5 
7:0:1:4 45:0:1:4 24:0:1:1 57:0:1:1 28:0:1:1 55:0:1:1 21:0:1:4 33:0:1:5 32:0:1:4 29:0:1:1 15:0:1:1 18:0:1:1 38:0:1:1 13:0:1:1 8:0:1:1 52:0:1:4 
22:0:1:1 45:0:1:1 12:0:1:4 17:0:1:4 34:0:1:1 1:0:1:4 59:0:1:5 19:0:1:4 2:0:1:4 55:0:1:1 4:0:1:1 43:0:1:1 50:0:1:4 21:0:1:5 28:0:1:4 42:0:1:1 
18:0:1:4 5:0:1:5 7:0:1:1 50:0:1:4 21:0:1:5 32:0:1:4 24:0:1:5 31:0:1:1 4:0:1:5 20:0:1:4 30:0:1:5 25:0:1:4 29:0:1:5 19:0:1:5 47:0:1:4 45:0:1:4 
38:0:1:5 31:0:1:1 36:0:1:5 51:0:1:4 11:0:1:5 31:0:1:1 12:0:1:4 7:0:1:1 59:0:1:1 46:0:1:4 7:0:1:1 56:0:1:4 22:0:1:4 5:0:1:4 32:0:1:5 10:0:1:4 
2:0:1:1 52:0:1:1 1:0:1:5 28:0:1:5 58:0:1:1 31:0:1:5 33:0:1:4 37:0:1:1 8:0:1:1 50:0:1:4 7:0:1:1 1:0:1:5 19:0:1:1 31:0:1:5 2:0:1:5 25:0:1:5 
3:0:1:5 53:0:1:4 26:0:1:1 40:0:1:4 33:0:1:4 45:0:1:4 31:0:1:5 15:0:1:5 17:0:1:5 25:0:1:1 53:0:1:4 21:0:1:4 8:0:1:5 31:0:1:5 33:0:1:1 21:0:1:5 
4:0:1:4 46:0:1:5 29:0:1:4 47:0:1:4 36:0:1:4 16:0:1:4 33:0:1:5 41:0:1:5 55:0:1:4 55:0:1:4 7:0:1:4 34:0:1:1 33:0:1:5 52:0:1:5 48:0:1:5 8:0:1:1 
46:0:1:1 9:0:1:5 19:0:1:5 17:0:1:5 40:0:1:1 18:0:1:1 20:0:1:1 42:0:1:5 36:0:1:5 18:0:1:4 50:0:1:4 34:0:1:1 30:0:1:1 57:0:1:1 54:0:1:1 8:0:1:1 
40:0:1:4 53:0:1:4 53:0:1:5 27:0:1:1 2:0:1:5 8:0:1:5 13:0:1:4 42:0:1:1 17:0:1:5 22:0:1:4 1:0:1:4 31:0:1:1 25:0:1:4 19:0:1:1 26:0:1:5 26:0:1:4 
17:0:1:5 56:0:1:1 56:0:1:4 59:0:1:4 13:0:1:5 29:0:1:1 9:0:1:4 27:0:1:4 31:0:1:4 46:0:1:5 39:0:1:1 4:0:1:5 28:0:1:4 5:0:1:4 41:0:1:5 24:0:1:1 
43:0:1:1 24:0:1:1 47:0:1:4 45:0:1:1 44:0:1:1 30:0:1:4 44:0:1:4 37:0:1:4 26:0:1:1 55:0:1:5 21:0:1:4 17:0:1:1 45:0:1:5 22:0:1:5 39:0:1:4 2:0:1:1 
56:0:1:5 26:0:1:5 45:0:1:5 28:0:1:1 40:0:1:1 58:0:1:4 1:0:1:5 53:0:1:1 11:0:1:4 38:0:1:1 35:0:1:5 38:0:1:5 50:0:1:4 59:0:1:5 48:0:1:5 17:0:1:4 
33:0:1:4 57:0:1:1 23:0:1:4 8:0:1:5 51:0:1:1 37:0:1:4 59:0:1:1 6:0:1:4 27:0:1:4 46:0:1:4 13:0:1:5 47:0:1:4 34:0:1:1 43:0:1:1 36:0:1:1 25:0:1:4 
1:0:1:4 5:0:1:1 12:0:1:4 57:0:1:5 39:0:1:4 44:0:1:1 50:0:1:1 2:0:1:1 20:0:1:1 28:0:1:4 21:0:1:1 37:0:1:5 41:0:1:1 55:0:1:5 0:0:1:4 53:0:1:1 
41:0:1:1 55:0:1:5 24:0:1:4 53:0:1:5 43:0:1:1 50:0:1:4 52:0:1:5 16:0:1:1 46:0:1:4 56:0:1:5 57:0:1:4 28:0:1:1 32:0:1:1 44:0:1:4 2:0:1:4 44:0:1:5 
24:0:1:4 51:0:1:1 7:0:1:1 47:0:1:4 52:0:1:5 8:0:1:1 58:0:1:5 32:0:1:1 37:0:1:5 38:0:1:4 44:0:1:5 21:0:1:5 3:0:1:1 26:0:1:4 59:0:1:1 49:0:1:5 
22:0:1:1 6:0:1:1 44:0:1:1 33:0:1:4 59:0:1:1 48:0:1:5 21:0:1:5 11:0:1:4 53:0:1:1 6:0:1:4 50:0:1:4 41:0:1:5 56:0:1:4 57:0:1:4 1:0:1:5 20:0:1:4 
10:0:1:1 20:0:1:5 46:0:1:4 6:0:1:1 18:0:1:4 25:0:1:5 21:0:1:4 55:0:1:1 5:0:1:5 58:0:1:4 18:0:1:5 43:0:1:4 30:0:1:4 54:0:1:5 18:0:1:5 20:0:1:5 
41:0:1:1 12:0:1:4 50:0:1:1 5:0:1:5 55:0:1:4 55:0:1:4 37:0:1:4 44:0:1:1 45:0:1:5 6:0:1:4 2:0:1:4 41:0:1:4 52:0:1:4 39:0:1:1 8:0:1:4 6:0:1:1 
28:0:1:1 53:0:1:1 54:0:1:1 36:0:1:1 26:0:1:4 21:0:1:5 33:0:1:1 7:0:1:4 16:0:1:1 30:0:1:5 16:0:1:1 53:0:1:4 13:0:1:1 46:0:1:4 7:0:1:5 0:0:1:4 
11:0:1:4 12:0:1:4 8:0:1:5 46:0:1:5 49:0:1:5 50:0:1:4 46:0:1:5 36:0:1:5 43:0:1:4 52:0:1:1 34:0:1:5 55:0:1:5 11:0:1:1 37:0:1:4 51:0:1:1 47:0:1:5 
29:0:1:5 6:0:1:1 37:0:1:1 6:0:1:1 51:0:1:4 56:0:1:4 53:0:1:1 38:0:1:1 24:0:1:5 4:0:1:5 4:0:1:5 15:0:1:4 40:0:1:4 39:0:1:1 39:0:1:4 22:0:1:1 
34:0:1:4 32:0:1:5 56:0:1:5 50:0:1:4 46:0:1:4 37:0:1:1 1:0:1:4 6:0:1:5 29:0:1:4 4:0:1:5 25:0:1:1 9:0:1:4 2:0:1:4 21:0:1:5 29:0:1:1 5:0:1:4 
44:0:1:1 56:0:1:1 8:0:1:4 35:0:1:1 16:0:1:1 54:0:1:4 24:0:1:1 14:0:1:4 59:0:1:5 43:0:1:4 25:0:1:1 4:0:1:5 54:0:1:1 27:0:1:4 59:0:1:4 53:0:1:1 
7:0:1:5 4:0:1:5 50:0:1:1 24:0:1:5 12:0:1:4 51:0:1:5 20:0:1:4 16:0:1:5 1:0:1:4 6:0:1:4 27:0:1:5 53:0:1:5 23:0:1:5 35:0:1:4 2:0:1:5 38:0:1:4 
9:0:1:1 28:0:1:5 47:0:1:5 54:0:1:5 15:0:1:5 44:0:1:5 57:0:1:4 52:0:1:4 42:0:1:4 7:0:1:4 26:0:1:4 12:0:1:1 54:0:1:1 54:0:1:5 28:0:1:5 12:0:1:1 
45:0:1:5 5:0:1:4 51:0:1:5 21:0:1:4 57:0:1:5 38:0:1:4 25:0:1:5 10:0:1:5 38:0:1:1 51:0:1:1 38:0:1:1 13:0:1:5 16:0:1:5 6:0:1:4 4:0:1:4 29:0:1:5 
11:0:1:4 28:0:1:4 0:0:1:5 34:0:1:1 48:0:1:4 48:0:1:4 29:0:1:1 4:0:1:4 35:0:1:1 24:0:1:4 40:0:1:1 22:0:1:1 58:0:1:1 24:0:1:5 49:0:1:4 10:0:1:4 
0:0:1:5 41:0:1:5 46:0:1:1 12:0:1:1 59:0:1:4 50:0:1:1 26:0:1:4 22:0:1:1 39:0:1:4 22:0:1:4 11:0:1:4 29:0:1:5 17:0:1:4 45:0:1:1 8:0:1:5 33:0:1:4 
54:0:1:1 3:0:1:1 5:0:1:1 28:0:1:4 32:0:1:5 10:0:1:4 32:0:1:4 3:0:1:5 3:0:1:4 24:0:1:4 38:0:1:5 11:0:1:4 52:0:1:1 48:0:1:1 11:0:1:4 52:0:1:4 
50:0:1:1 46:0:1:4 46:0:1:5 46:0:1:1 21:0:1:1 20:0:1:1 26:0:1:4 0:0:1:4 0:0:1:4 53:0:1:1 38:0:1:1 14:0:1:4 55:0:1:5 16:0:1:5 32:0:1:1 58:0:1:4 
41:0:1:4 52:0:1:4 26:0:1:1 28:0:1:4 51:0:1:4 32:0:1:5 57:0:1:1 50:0:1:4 37:0:1:1 1:0:1:5 49:0:1:4 29:0:1:5 15:0:1:5 2:0:1:5 15:0:1:4 32:0:1:1 
49:0:1:1 44:0:1:4 50:0:1:5 55:0:1:5 1:0:1:4 7:0:1:1 28:0:1:4 55:0:1:5 10:0:1:4 35:0:1:5 30:0:1:4 8:0:1:1 19:0:1:1 52:0:1:4 0:0:1:5 18:0:1:4 
53:0:1:4 7:0:1:4 59:0:1:5 43:0:1:5 13:0:1:1 26:0:1:4 50:0:1:4 21:0:1:1 3:0:1:4 4:0:1:1 13:0:1:5 29:0:1:1 5:0:1:5 32:0:1:1 17:0:1:4 43:0:1:4 
27:0:1:4 23:0:1:1 24:0:1:1 18:0:1:4 57:0:1:1 40:0:1:5 58:0:1:4 50:0:1:4 13:0:1:4 51:0:1:5 52:0:1:4 8:0:1:5 57:0:1:1 21:0:1:4 47:0:1:1 44:0:1:1 
42:0:1:5 15:0:1:1 53:0:1:5 25:0:1:5 56:0:1:1 36:0:1:1 30:0:1:1 58:0:1:1 9:0:1:5 12:0:1:1 42:0:1:1 51:0:1:1 0:0:1:1 56:0:1:5 25:0:1:4 38:0:1:4 
48:0:1:5 56:0:1:1 40:0:1:4 44:0:1:4 32:0:1:1 45:0:1:5 5:0:1:5 58:0:1:4 27:0:1:5 25:0:1:4 40:0:1:1 22:0:1:5 58:0:1:4 13:0:1:4 46:0:1:5 9:0:1:1 
53:0:1:1 46:0:1:5 39:0:1:4 55:0:1:1 50:0:1:4 28:0:1:1 39:0:1:4 58:0:1:5 10:0:1:5 58:0:1:5 45:0:1:1 32:0:1:4 31:0:1:4 33:0:1:1 5:0:1:4 13:0:1:4 
59:0:1:1 7:0:1:1 31:0:1:5 17:0:1:5 43:0:1:4 14:0:1:4 31:0:1:4 3:0:1:5 28:0:1:4 42:0:1:1 17:0:1:1 11:0:1:1 35:0:1:4 36:0:1:5 11:0:1:5 37:0:1:5 
1:0:1:1 32:0:1:4 0:0:1:1 31:0:1:1 0:0:1:4 6:0:1:1 46:0:1:5 14:0:1:4 52:0:1:5 46:0:1:4 9:0:1:5 20:0:1:5 46:0:1:1 56:0:1:4 7:0:1:1 31:0:1:1 
12:0:1:4 0:0:1:4 57:0:1:4 33:0:1:1 36:0:1:5 12:0:1:4 4:0:1:4 27:0:1:4 38:0:1:4 50:0:1:5 7:0:1:4 23:0:1:4 47:0:1:4 6:0:1:5 16:0:1:4 1:0:1:1 
13:0:1:5 42:0:1:4 25:0:1:4 28:0:1:1 58:0:1:1 32:0:1:4 15:0:1:5 44:0:1:4 45:0:1:1 52:0:1:1 54:0:1:4 16:0:1:4 18:0:1:5 6:0:1:5 14:0:1:4 54:0:1:4 
51:0:1:5 45:0:1:1 3:0:1:1 41:0:1:4 53:0:1:4 3:0:1:1 19:0:1:5 6:0:1:5 55:0:1:5 27:0:1:1 16:0:1:5 20:0:1:5 56:0:1:4 57:0:1:1 14:0:1:5 37:0:1:1 
5:0:1:1 23:0:1:5 47:0:1:1 2:0:1:4 48:0:1:5 53:0:1:4 1:0:1:4 51:0:1:4 55:0:1:1 44:0:1:4 24:0:1:5 30:0:1:1 45:0:1:1 12:0:1:1 6:0:1:1 9:0:1:4 
58:0:1:1 44:0:1:5 52:0:1:4 31:0:1:5 29:0:1:5 0:0:1:1 41:0:1:5 45:0:1:4 15:0:1:5 32:0:1:1 6:0:1:1 46:0:1:1 8:0:1:5 23:0:1:4 26:0:1:1 26:0:1:1 
26:0:1:5 31:0:1:5 10:0:1:4 35:0:1:4 25:0:1:1 40:0:1:1 7:0:1:1 26:0:1:5 29:0:1:4 14:0:1:4 16:0:1:1 33:0:1:5 45:0:1:4 34:0:1:4 45:0:1:5 14:0:1:4 
16:0:1:4 40:0:1:4 26:0:1:1 49:0:1:5 58:0:1:5 39:0:1:5 2:0:1:5 56:0:1:5 14:0:1:5 47:0:1:4 26:0:1:4 3:0:1:1 31:0:1:5 11:0:1:5 41:0:1:5 57:0:1:5 
40:0:1:1 43:0:1:1 44:0:1:1 6:0:1:4 23:0:1:1 52:0:1:4 4:0:1:4 39:0:1:5 35:0:1:4 22:0:1:4 31:0:1:1 11:0:1:4 54:0:1:1 52:0:1:4 49:0:1:1 46:0:1:1 
55:0:1:5 35:0:1:4 46:0:1:4 48:0:1:4 44:0:1:5 8:0:1:4 45:0:1:4 54:0:1:1 5:0:1:1 42:0:1:4 24:0:1:5 24:0:1:5 10:0:1:4 27:0:1:4 24:0:1:1 31:0:1:4 
12:0:1:4 54:0:1:1 43:0:1:4 57:0:1:5 54:0:1:1 23:0:1:4 22:0:1:4 0:0:1:4 40:0:1:4 25:0:1:1 17:0:1:4 24:0:1:4 46:0:1:5 46:0:1:1 18:0:1:4 35:0:1:5 
51:0:1:5 1:0:1:1 40:0:1:5 18:0:1:1 40:0:1:5 54:0:1:1 4:0:1:4 14:0:1:5 53:0:1:1 45:0:1:4 26:0:1:1 18:0:1:5 18:0:1:5 16:0:1:1 50:0:1:1 5:0:1:4 
24:0:1:4 48:0:1:4 59:0:1:5 31:0:1:5 4:0:1:4 26:0:1:1 29:0:1:4 55:0:1:4 55:0:1:4 29:0:1:5 34:0:1:5 25:0:1:5 51:0:1:1 51:0:1:1 9:0:1:4 10:0:1:1 
11:0:1:5 6:0:1:4 8:0:1:4 37:0:1:1 35:0:1:1 19:0:1:5 32:0:1:4 45:0:1:5 15:0:1:5 35:0:1:1 18:0:1:1 23:0:1:4 21:0:1:5 48:0:1:4 0:0:1:1 43:0:1:5 
9:0:1:5 19:0:1:4 10:0:1:4 33:0:1:5 6:0:1:5 8:0:1:4 32:0:1:1 49:0:1:4 46:0:1:4 2:0:1:5 57:0:1:5 30:0:1:1 40:0:1:5 50:0:1:1 25:0:1:1 19:0:1:5 
3:0:1:5 9:0:1:5 27:0:1:4 28:0:1:5 20:0:1:1 19:0:1:5 49:0:1:4 55:0:1:5 41:0:1:4 11:0:1:1 58:0:1:5 8:0:1:4 0:0:1:4 28:0:1:5 29:0:1:4 53:0:1:5 
35:0:1:1 26:0:1:5 59:0:1:1 31:0:1:5 11:0:1:1 19:0:1:1 44:0:1:4 21:0:1:5 56:0:1:5 41:0:1:4 13:0:1:1 56:0:1:5 50:0:1:5 14:0:1:1 27:0:1:1 32:0:1:1 
1:0:1:1 47:0:1:1 24:0:1:5 23:0:1:5 11:0:1:4 35:0:1:5 10:0:1:1 49:0:1:5 4:0:1:4 0:0:1:1 4:0:1:4 37:0:1:1 15:0:1:4 15:0:1:5 19:0:1:1 41:0:1:1 
40:0:1:1 6:0:1:5 24:0:1:1 12:0:1:1 51:0:1:5 27:0:1:5 6:0:1:5 28:0:1:5 2:0:1:1 58:0:1:4 34:0:1:1 12:0:1:1 48:0:1:1 58:0:1:1 34:0:1:5 24:0:1:5 
40:0:1:1 13:0:1:4 25:0:1:4 33:0:1:5 53:0:1:4 49:0:1:1 48:0:1:1 28:0:1:5 38:0:1:4 12:0:1:1 49:0:1:4 3:0:1:5 59:0:1:1 21:0:1:4 32:0:1:5 4:0:1:4 
32:0:1:1 39:0:1:1 9:0:1:4 12:0:1:1 57:0:1:4 58:0:1:4 23:0:1:1 40:0:1:4 59:0:1:5 26:0:1:5 26:0:1:1 9:0:1:5 38:0:1:5 21:0:1:1 21:0:1:1 35:0:1:5 
7:0:1:1 21:0:1:1 26:0:1:4 37:0:1:5 11:0:1:5 15:0:1:5 25:0:1:1 33:0:1:5 9:0:1:1 28:0:1:1 46:0:1:4 59:0:1:1 20:0:1:5 49:0:1:5 32:0:1:1 43:0:1:1 
40:0:1:4 46:0:1:1 56:0:1:5 3:0:1:4 26:0:1:5 8:0:1:1 11:0:1:1 24:0:1:1 17:0:1:5 20:0:1:5 41:0:1:4 13:0:1:5 30:0:1:1 44:0:1:4 46:0:1:1 4:0:1:5 
14:0:1:1 31:0:1:5 26:0:1:5 10:0:1:4 37:0:1:1 50:0:1:1 47:0:1:1 58:0:1:4 1:0:1:4 24:0:1:1 40:0:1:4 25:0:1:4 55:0:1:1 34:0:1:4 47:0:1:4 25:0:1:5 
31:0:1:4 30:0:1:5 52:0:1:5 54:0:1:5 8:0:1:4 22:0:1:1 7:0:1:1 32:0:1:4 11:0:1:1 13:0:1:5 34:0:1:5 56:0:1:5 0:0:1:5 32:0:1:4 5:0:1:1 11:0:1:4 
44:0:1:4 53:0:1:5 35:0:1:4 34:0:1:5 55:0:1:1 14:0:1:5 53:0:1:4 46:0:1:5 30:0:1:5 36:0:1:4 11:0:1:4 41:0:1:4 52:0:1:4 52:0:1:1 14:0:1:4 7:0:1:4 
28:0:1:1 55:0:1:5 30:0:1:5 55:0:1:5 32:0:1:4 10:0:1:5 8:0:1:5 12:0:1:5 25:0:1:4 36:0:1:4 38:0:1:1 9:0:1:4 4:0:1:1 7:0:1:5 34:0:1:5 38:0:1:1 
33:0:1:5 3:0:1:4 35:0:1:1 23:0:1:5 13:0:1:4 18:0:1:4 27:0:1:4 53:0:1:1 18:0:1:4 51:0:1:4 49:0:1:1 36:0:1:1 29:0:1:4 15:0:1:1 23:0:1:5 21:0:1:1 
30:0:1:1 14:0:1:1 43:0:1:5 28:0:1:1 1:0:1:4 42:0:1:1 8:0:1:4 52:0:1:4 11:0:1:5 25:0:1:5 10:0:1:4 23:0:1:1 39:0:1:4 56:0:1:5 17:0:1:4 55:0:1:4 
54:0:1:1 45:0:1:4 34:0:1:4 26:0:1:5 20:0:1:4 27:0:1:4 0:0:1:1 29:0:1:5 36:0:1:5 40:0:1:5 13:0:1:1 47:0:1:4 21:0:1:4 43:0:1:5 11:0:1:5 45:0:1:5 
42:0:1:1 55:0:1:5 37:0:1:4 57:0:1:5 11:0:1:5 4:0:1:4 55:0:1:5 21:0:1:1 22:0:1:4 19:0:1:5 23:0:1:5 46:0:1:4 52:0:1:4 23:0:1:4 44:0:1:4 18:0:1:1 
27:0:1:4 53:0:1:1 5:0:1:4 43:0:1:1 42:0:1:4 50:0:1:4 35:0:1:5 55:0:1:1 15:0:1:1 46:0:1:1 54:0:1:5 49:0:1:4 22:0:1:1 17:0:1:1 53:0:1:4 42:0:1:4 
34:0:1:5 2:0:1:4 3:0:1:1 30:0:1:1 37:0:1:1 37:0:1:5 48:0:1:4 19:0:1:1 50:0:1:1 15:0:1:5 40:0:1:4 5:0:1:4 4:0:1:1 23:0:1:1 49:0:1:4 36:0:1:4 
m| m[ 45:0:1:1 29:0:1:4 59:0:1:1 29:0:1:4 59:0:1:1 45:0:1:1 59:0:1:1 29:0:1:4 59:0:1:1 29:0:1:4 m] m[ 11:0:1:4 5:0:1:4 29:0:1:4 
5:0:1:4 29:0:1:4 11:0:1:4 29:0:1:4 5:0:1:4 29:0:1:4 5:0:1:4 m] m[ 3:0:1:4 10:0:1:4 0:0:1:4 10:0:1:4 0:0:1:4 3:0:1:4 0:0:1:4 
10:0:1:4 0:0:1:4 10:0:1:4 m] m[ 9:0:1:4 37:0:1:4 47:0:1:1 51:0:1:1 30:0:1:4 10:0:1:4 0:0:1:4 10:0:1:4 0:0:1:4 3:0:1:4 0:0:1:4 
10:0:1:4 0:0:1:4 10:0:1:4 3:0:1:4 30:0:1:4 51:0:1:1 47:0:1:1 37:0:1:4 9:0:1:4 3:0:1:4 10:0:1:4 0:0:1:4 10:0:1:4 0:0:1:4 3:0:1:4 0:0:1:4 
10:0:1:4 0:0:1:4 10:0:1:4 m] m[ 29:0:1:1 59:0:1:4 26:0:1:1 59:0:1:4 26:0:1:1 29:0:1:1 26:0:1:1 59:0:1:4 26:0:1:1 59:0:1:4 m] 
m[ 11:0:1:1 2:0:1:1 11:0:1:1 2:0:1:1 9:0:1:1 2:0:1:1 11:0:1:1 2:0:1:1 11:0:1:1 9:0:1:1 m] m[ 7:0:1:1 33:0:1:1 56:0:1:1 
36:0:1:1 8:0:1:1 9:0:1:1 11:0:1:1 9:0:1:1 11:0:1:1 2:0:1:1 11:0:1:1 9:0:1:1 11:0:1:1 9:0:1:1 2:0:1:1 8:0:1:1 36:0:1:1 56:0:1:1 33:0:1:1 
7:0:1:1 2:0:1:1 9:0:1:1 11:0:1:1 9:0:1:1 11:0:1:1 2:0:1:1 11:0:1:1 9:0:1:1 11:0:1:1 9:0:1:1 m] m[ 26:0:1:1 33:0:1:1 7:0:1:1 
33:0:1:1 7:0:1:1 26:0:1:1 7:0:1:1 33:0:1:1 7:0:1:1 33:0:1:1 m] m[ 7:0:1:1 8:0:1:1 2:0:1:1 8:0:1:1 2:0:1:1 7:0:1:1 2:0:1:1 
8:0:1:1 2:0:1:1 8:0:1:1 m] m[ 36:0:1:1 42:0:1:4 29:0:1:4 59:0:1:1 23:0:1:1 2:0:1:1 7:0:1:1 2:0:1:1 7:0:1:1 8:0:1:1 7:0:1:1 
2:0:1:1 7:0:1:1 2:0:1:1 8:0:1:1 23:0:1:1 59:0:1:1 29:0:1:4 42:0:1:4 36:0:1:1 8:0:1:1 2:0:1:1 7:0:1:1 2:0:1:1 7:0:1:1 8:0:1:1 7:0:1:1 
2:0:1:1 7:0:1:1 2:0:1:1 m] m[ 3:0:1:1 1:0:1:1 3:0:1:1 1:0:1:1 2:0:1:1 1:0:1:1 3:0:1:1 1:0:1:1 3:0:1:1 2:0:1:1 m] 
m[ 2:0:1:1 3:0:1:1 2:0:1:1 3:0:1:1 1:0:1:1 3:0:1:1 2:0:1:1 3:0:1:1 2:0:1:1 1:0:1:1 16:0:1:1 57:0:1:1 39:0:1:4 52:0:1:1 15:0:1:1 
1:0:1:1 2:0:1:1 3:0:1:1 2:0:1:1 3:0:1:1 1:0:1:1 3:0:1:1 2:0:1:1 3:0:1:1 2:0:1:1 15:0:1:1 52:0:1:1 39:0:1:4 57:0:1:1 16:0:1:1 m] 
m[ 19:0:1:1 2:0:1:1 20:0:1:1 2:0:1:1 20:0:1:1 19:0:1:1 20:0:1:1 2:0:1:1 20:0:1:1 2:0:1:1 m] m[ 40:0:1:1 53:0:1:4 12:0:1:4 
16:0:1:4 57:0:1:4 19:0:1:1 2:0:1:1 19:0:1:1 2:0:1:1 20:0:1:1 2:0:1:1 19:0:1:1 2:0:1:1 19:0:1:1 20:0:1:1 57:0:1:4 16:0:1:4 12:0:1:4 53:0:1:4 
40:0:1:1 20:0:1:1 19:0:1:1 2:0:1:1 19:0:1:1 2:0:1:1 20:0:1:1 2:0:1:1 19:0:1:1 2:0:1:1 19:0:1:1 m] m[ 20:0:1:1 57:0:1:4 20:0:1:1 
57:0:1:4 54:0:1:1 57:0:1:4 20:0:1:1 57:0:1:4 20:0:1:1 54:0:1:1 m] m[ 20:0:1:1 2:0:1:1 20:0:1:1 2:0:1:1 7:0:1:1 2:0:1:1 20:0:1:1 
2:0:1:1 20:0:1:1 7:0:1:1 14:0:1:1 32:0:1:1 46:0:1:4 38:0:1:4 33:0:1:1 7:0:1:1 20:0:1:1 2:0:1:1 20:0:1:1 2:0:1:1 7:0:1:1 2:0:1:1 20:0:1:1 
2:0:1:1 20:0:1:1 33:0:1:1 38:0:1:4 46:0:1:4 32:0:1:1 14:0:1:1 m] m[ 13:0:1:4 4:0:1:4 13:0:1:4 4:0:1:4 0:0:1:4 4:0:1:4 13:0:1:4 
4:0:1:4 13:0:1:4 0:0:1:4 m] m[ 24:0:1:1 49:0:1:1 24:0:1:1 49:0:1:1 50:0:1:4 49:0:1:1 24:0:1:1 49:0:1:1 24:0:1:1 50:0:1:4 m] 
m[ 33:0:1:4 18:0:1:4 33:0:1:4 18:0:1:4 7:0:1:4 18:0:1:4 33:0:1:4 18:0:1:4 33:0:1:4 7:0:1:4 m] m[ 9:0:1:1 37:0:1:1 9:0:1:1 
37:0:1:1 38:0:1:1 37:0:1:1 9:0:1:1 37:0:1:1 9:0:1:1 38:0:1:1 m] m[ 22:0:1:1 58:0:1:4 44:0:1:4 41:0:1:1 10:0:1:1 2:0:1:1 9:0:1:1 
2:0:1:1 9:0:1:1 3:0:1:1 9:0:1:1 2:0:1:1 9:0:1:1 2:0:1:1 3:0:1:1 10:0:1:1 41:0:1:1 44:0:1:4 58:0:1:4 22:0:1:1 3:0:1:1 2:0:1:1 9:0:1:1 
2:0:1:1 9:0:1:1 3:0:1:1 9:0:1:1 2:0:1:1 9:0:1:1 2:0:1:1 m] m[ 50:0:1:1 54:0:1:4 50:0:1:1 54:0:1:4 24:0:1:4 54:0:1:4 50:0:1:1 
54:0:1:4 50:0:1:1 24:0:1:4 m] m[ 0:0:1:1 6:0:1:1 0:0:1:1 6:0:1:1 13:0:1:1 6:0:1:1 0:0:1:1 6:0:1:1 0:0:1:1 13:0:1:1 m] 
m[ 36:0:1:1 42:0:1:4 15:0:1:4 34:0:1:4 39:0:1:1 2:0:1:1 0:0:1:1 2:0:1:1 0:0:1:1 8:0:1:1 0:0:1:1 2:0:1:1 0:0:1:1 2:0:1:1 8:0:1:1 
39:0:1:1 34:0:1:4 15:0:1:4 42:0:1:4 36:0:1:1 8:0:1:1 2:0:1:1 0:0:1:1 2:0:1:1 0:0:1:1 8:0:1:1 0:0:1:1 2:0:1:1 0:0:1:1 2:0:1:1 m] 
m[ 0:0:1:1 8:0:1:1 0:0:1:1 8:0:1:1 2:0:1:1 8:0:1:1 0:0:1:1 8:0:1:1 0:0:1:1 2:0:1:1 m] m[ 1:0:1:1 3:0:1:1 1:0:1:1 
3:0:1:1 2:0:1:1 3:0:1:1 1:0:1:1 3:0:1:1 1:0:1:1 2:0:1:1 m] m[ 42:0:1:1 48:0:1:1 42:0:1:1 48:0:1:1 36:0:1:4 48:0:1:1 42:0:1:1 
48:0:1:1 42:0:1:1 36:0:1:4 m] m[ 11:0:1:1 2:0:1:1 11:0:1:1 2:0:1:1 1:0:1:1 2:0:1:1 11:0:1:1 2:0:1:1 11:0:1:1 1:0:1:1 m] 
m[ 4:0:1:1 28:0:1:1 49:0:1:4 57:0:1:1 16:0:1:1 11:0:1:1 2:0:1:1 11:0:1:1 2:0:1:1 1:0:1:1 2:0:1:1 11:0:1:1 2:0:1:1 11:0:1:1 1:0:1:1 
16:0:1:1 57:0:1:1 49:0:1:4 28:0:1:1 4:0:1:1 1:0:1:1 11:0:1:1 2:0:1:1 11:0:1:1 2:0:1:1 1:0:1:1 2:0:1:1 11:0:1:1 2:0:1:1 11:0:1:1 m] 
m[ 2:0:1:1 24:0:1:1 20:0:1:1 24:0:1:1 20:0:1:1 2:0:1:1 20:0:1:1 24:0:1:1 20:0:1:1 24:0:1:1 m] m[ 31:0:1:1 48:0:1:4 21:0:1:4 
38:0:1:4 33:0:1:1 5:0:1:1 2:0:1:1 5:0:1:1 2:0:1:1 7:0:1:1 2:0:1:1 5:0:1:1 2:0:1:1 5:0:1:1 7:0:1:1 33:0:1:1 38:0:1:4 21:0:1:4 48:0:1:4 
31:0:1:1 7:0:1:1 5:0:1:1 2:0:1:1 5:0:1:1 2:0:1:1 7:0:1:1 2:0:1:1 5:0:1:1 2:0:1:1 5:0:1:1 m] m[ 6:0:1:1 25:0:1:1 54:0:1:4 
55:0:1:4 27:0:1:1 17:0:1:1 2:0:1:1 17:0:1:1 2:0:1:1 5:0:1:1 2:0:1:1 17:0:1:1 2:0:1:1 17:0:1:1 5:0:1:1 27:0:1:1 55:0:1:4 54:0:1:4 25:0:1:1 
6:0:1:1 5:0:1:1 17:0:1:1 2:0:1:1 17:0:1:1 2:0:1:1 5:0:1:1 2:0:1:1 17:0:1:1 2:0:1:1 17:0:1:1 m] m[ 54:0:1:1 55:0:1:1 19:0:1:1 
55:0:1:1 19:0:1:1 54:0:1:1 19:0:1:1 55:0:1:1 19:0:1:1 55:0:1:1 m] m[ 19:0:1:1 3:0:1:1 2:0:1:1 3:0:1:1 2:0:1:1 19:0:1:1 2:0:1:1 
3:0:1:1 2:0:1:1 3:0:1:1 m] m[ 2:0:1:1 19:0:1:1 2:0:1:1 19:0:1:1 3:0:1:1 19:0:1:1 2:0:1:1 19:0:1:1 2:0:1:1 3:0:1:1 22:0:1:1 
58:0:1:4 49:0:1:4 25:0:1:1 4:0:1:1 3:0:1:1 2:0:1:1 19:0:1:1 2:0:1:1 19:0:1:1 3:0:1:1 19:0:1:1 2:0:1:1 19:0:1:1 2:0:1:1 4:0:1:1 25:0:1:1 
49:0:1:4 58:0:1:4 22:0:1:1 m] m[ 9:0:1:1 21:0:1:1 9:0:1:1 21:0:1:1 38:0:1:1 21:0:1:1 9:0:1:1 21:0:1:1 9:0:1:1 38:0:1:1 m] 
m[ 55:0:1:1 27:0:1:4 15:0:1:4 48:0:1:4 39:0:1:1 2:0:1:1 9:0:1:1 2:0:1:1 9:0:1:1 19:0:1:1 9:0:1:1 2:0:1:1 9:0:1:1 2:0:1:1 19:0:1:1 
39:0:1:1 48:0:1:4 15:0:1:4 27:0:1:4 55:0:1:1 19:0:1:1 2:0:1:1 9:0:1:1 2:0:1:1 9:0:1:1 19:0:1:1 9:0:1:1 2:0:1:1 9:0:1:1 2:0:1:1 m] 
m[ 12:0:1:1 1:0:1:1 12:0:1:1 1:0:1:1 16:0:1:1 1:0:1:1 12:0:1:1 1:0:1:1 12:0:1:1 16:0:1:1 m] m[ 1:0:1:1 2:0:1:1 1:0:1:1 
2:0:1:1 5:0:1:1 2:0:1:1 1:0:1:1 2:0:1:1 1:0:1:1 5:0:1:1 m] m[ 1:0:1:1 2:0:1:1 1:0:1:1 2:0:1:1 5:0:1:1 2:0:1:1 1:0:1:1 
2:0:1:1 1:0:1:1 5:0:1:1 26:0:1:1 53:0:1:4 30:0:1:4 55:0:1:4 27:0:1:1 5:0:1:1 1:0:1:1 2:0:1:1 1:0:1:1 2:0:1:1 5:0:1:1 2:0:1:1 1:0:1:1 
2:0:1:1 1:0:1:1 27:0:1:1 55:0:1:4 30:0:1:4 53:0:1:4 26:0:1:1 m] m[ 22:0:1:1 28:0:1:1 22:0:1:1 28:0:1:1 58:0:1:4 28:0:1:1 22:0:1:1 
28:0:1:1 22:0:1:1 58:0:1:4 m] m[ 3:0:1:1 2:0:1:1 0:0:1:1 2:0:1:1 0:0:1:1 3:0:1:1 0:0:1:1 2:0:1:1 0:0:1:1 2:0:1:1 m] 
m[ 0:0:1:1 3:0:1:1 0:0:1:1 3:0:1:1 2:0:1:1 3:0:1:1 0:0:1:1 3:0:1:1 0:0:1:1 2:0:1:1 24:0:1:1 50:0:1:4 28:0:1:4 58:0:1:1 17:0:1:1 
2:0:1:1 0:0:1:1 3:0:1:1 0:0:1:1 3:0:1:1 2:0:1:1 3:0:1:1 0:0:1:1 3:0:1:1 0:0:1:1 17:0:1:1 58:0:1:1 28:0:1:4 50:0:1:4 24:0:1:1 m] 
m[ 17:0:1:1 58:0:1:1 26:0:1:1 58:0:1:1 26:0:1:1 17:0:1:1 26:0:1:1 58:0:1:1 26:0:1:1 58:0:1:1 m] m[ 46:0:1:1 51:0:1:4 14:0:1:4 
13:0:1:4 50:0:1:4 17:0:1:1 2:0:1:1 17:0:1:1 2:0:1:1 24:0:1:1 2:0:1:1 17:0:1:1 2:0:1:1 17:0:1:1 24:0:1:1 50:0:1:4 13:0:1:4 14:0:1:4 51:0:1:4 
46:0:1:1 24:0:1:1 17:0:1:1 2:0:1:1 17:0:1:1 2:0:1:1 24:0:1:1 2:0:1:1 17:0:1:1 2:0:1:1 17:0:1:1 m] m[ 16:0:1:4 15:0:1:4 16:0:1:4 
15:0:1:4 1:0:1:4 15:0:1:4 16:0:1:4 15:0:1:4 16:0:1:4 1:0:1:4 m] m[ 20:0:1:1 39:0:1:1 20:0:1:1 39:0:1:1 57:0:1:4 39:0:1:1 20:0:1:1 
39:0:1:1 20:0:1:1 57:0:1:4 m] m[ 20:0:1:1 17:0:1:1 20:0:1:1 17:0:1:1 2:0:1:1 17:0:1:1 20:0:1:1 17:0:1:1 20:0:1:1 2:0:1:1 m] 
m[ 22:0:1:1 58:0:1:4 29:0:1:4 52:0:1:4 23:0:1:1 2:0:1:1 1:0:1:1 2:0:1:1 1:0:1:1 3:0:1:1 1:0:1:1 2:0:1:1 1:0:1:1 2:0:1:1 3:0:1:1 
23:0:1:1 52:0:1:4 29:0:1:4 58:0:1:4 22:0:1:1 3:0:1:1 2:0:1:1 1:0:1:1 2:0:1:1 1:0:1:1 3:0:1:1 1:0:1:1 2:0:1:1 1:0:1:1 2:0:1:1 m] 
m[ 18:0:1:1 47:0:1:1 37:0:1:4 42:0:1:4 36:0:1:1 19:0:1:1 2:0:1:1 19:0:1:1 2:0:1:1 8:0:1:1 2:0:1:1 19:0:1:1 2:0:1:1 19:0:1:1 8:0:1:1 
36:0:1:1 42:0:1:4 37:0:1:4 47:0:1:1 18:0:1:1 8:0:1:1 19:0:1:1 2:0:1:1 19:0:1:1 2:0:1:1 8:0:1:1 2:0:1:1 19:0:1:1 2:0:1:1 19:0:1:1 m] 
m[ 31:0:1:1 18:0:1:1 56:0:1:1 18:0:1:1 56:0:1:1 31:0:1:1 56:0:1:1 18:0:1:1 56:0:1:1 18:0:1:1 m] m[ 20:0:1:1 24:0:1:1 2:0:1:1 
24:0:1:1 2:0:1:1 20:0:1:1 2:0:1:1 24:0:1:1 2:0:1:1 24:0:1:1 m] m[ 2:0:1:1 20:0:1:1 2:0:1:1 20:0:1:1 24:0:1:1 20:0:1:1 2:0:1:1 
20:0:1:1 2:0:1:1 24:0:1:1 50:0:1:4 13:0:1:4 18:0:1:4 56:0:1:4 37:0:1:1 24:0:1:1 2:0:1:1 20:0:1:1 2:0:1:1 20:0:1:1 24:0:1:1 20:0:1:1 2:0:1:1 
20:0:1:1 2:0:1:1 37:0:1:1 56:0:1:4 18:0:1:4 13:0:1:4 50:0:1:4 m] m[ 8:0:1:1 36:0:1:1 8:0:1:1 36:0:1:1 31:0:1:1 36:0:1:1 8:0:1:1 
36:0:1:1 8:0:1:1 31:0:1:1 m] m[ 21:0:1:1 43:0:1:1 21:0:1:1 43:0:1:1 12:0:1:1 43:0:1:1 21:0:1:1 43:0:1:1 21:0:1:1 12:0:1:1 m] 
m[ 11:0:1:1 2:0:1:1 11:0:1:1 2:0:1:1 17:0:1:1 2:0:1:1 11:0:1:1 2:0:1:1 11:0:1:1 17:0:1:1 m] m[ 11:0:1:1 2:0:1:1 11:0:1:1 
2:0:1:1 17:0:1:1 2:0:1:1 11:0:1:1 2:0:1:1 11:0:1:1 17:0:1:1 40:0:1:1 43:0:1:4 12:0:1:4 22:0:1:4 58:0:1:1 17:0:1:1 11:0:1:1 2:0:1:1 11:0:1:1 
2:0:1:1 17:0:1:1 2:0:1:1 11:0:1:1 2:0:1:1 11:0:1:1 58:0:1:1 22:0:1:4 12:0:1:4 43:0:1:4 40:0:1:1 m] m[ 57:0:1:4 48:0:1:4 57:0:1:4 
48:0:1:4 16:0:1:4 48:0:1:4 57:0:1:4 48:0:1:4 57:0:1:4 16:0:1:4 m] m[ 20:0:1:1 2:0:1:1 20:0:1:1 2:0:1:1 8:0:1:1 2:0:1:1 20:0:1:1 
2:0:1:1 20:0:1:1 8:0:1:1 m] m[ 44:0:1:1 41:0:1:4 37:0:1:1 41:0:1:4 37:0:1:1 44:0:1:1 37:0:1:1 41:0:1:4 37:0:1:1 41:0:1:4 m] 
m[ 17:0:1:1 2:0:1:1 17:0:1:1 2:0:1:1 7:0:1:1 2:0:1:1 17:0:1:1 2:0:1:1 17:0:1:1 7:0:1:1 m] m[ 17:0:1:1 2:0:1:1 17:0:1:1 
2:0:1:1 7:0:1:1 2:0:1:1 17:0:1:1 2:0:1:1 17:0:1:1 7:0:1:1 18:0:1:1 41:0:1:1 37:0:1:4 38:0:1:4 33:0:1:1 7:0:1:1 17:0:1:1 2:0:1:1 17:0:1:1 
2:0:1:1 7:0:1:1 2:0:1:1 17:0:1:1 2:0:1:1 17:0:1:1 33:0:1:1 38:0:1:4 37:0:1:4 41:0:1:1 18:0:1:1 m] m[ 29:0:1:1 45:0:1:4 44:0:1:1 
45:0:1:4 44:0:1:1 29:0:1:1 44:0:1:1 45:0:1:4 44:0:1:1 45:0:1:4 m] m[ 5:0:1:1 2:0:1:1 5:0:1:1 2:0:1:1 0:0:1:1 2:0:1:1 5:0:1:1 
2:0:1:1 5:0:1:1 0:0:1:1 m] m[ 1:0:1:1 6:0:1:1 1:0:1:1 6:0:1:1 16:0:1:1 6:0:1:1 1:0:1:1 6:0:1:1 1:0:1:1 16:0:1:1 m] 
m[ 2:0:1:1 1:0:1:1 2:0:1:1 1:0:1:1 9:0:1:1 1:0:1:1 2:0:1:1 1:0:1:1 2:0:1:1 9:0:1:1 38:0:1:1 33:0:1:4 14:0:1:4 32:0:1:4 46:0:1:1 
9:0:1:1 2:0:1:1 1:0:1:1 2:0:1:1 1:0:1:1 9:0:1:1 1:0:1:1 2:0:1:1 1:0:1:1 2:0:1:1 46:0:1:1 32:0:1:4 14:0:1:4 33:0:1:4 38:0:1:1 m] 
m[ 10:0:1:1 0:0:1:1 10:0:1:1 0:0:1:1 13:0:1:1 0:0:1:1 10:0:1:1 0:0:1:1 10:0:1:1 13:0:1:1 m] m[ 23:0:1:1 55:0:1:1 19:0:1:1 
55:0:1:1 19:0:1:1 23:0:1:1 19:0:1:1 55:0:1:1 19:0:1:1 55:0:1:1 m] m[ 19:0:1:1 24:0:1:1 2:0:1:1 24:0:1:1 2:0:1:1 19:0:1:1 2:0:1:1 
24:0:1:1 2:0:1:1 24:0:1:1 m] m[ 2:0:1:1 19:0:1:1 2:0:1:1 19:0:1:1 24:0:1:1 19:0:1:1 2:0:1:1 19:0:1:1 2:0:1:1 24:0:1:1 50:0:1:4 
13:0:1:4 10:0:1:4 45:0:1:4 44:0:1:1 24:0:1:1 2:0:1:1 19:0:1:1 2:0:1:1 19:0:1:1 24:0:1:1 19:0:1:1 2:0:1:1 19:0:1:1 2:0:1:1 44:0:1:1 45:0:1:4 
10:0:1:4 13:0:1:4 50:0:1:4 m] m[ 47:0:1:4 14:0:1:4 18:0:1:4 14:0:1:4 18:0:1:4 47:0:1:4 18:0:1:4 14:0:1:4 18:0:1:4 14:0:1:4 m] 
m[ 11:0:1:1 37:0:1:1 42:0:1:1 37:0:1:1 42:0:1:1 11:0:1:1 42:0:1:1 37:0:1:1 42:0:1:1 37:0:1:1 m] m[ 2:0:1:1 11:0:1:1 2:0:1:1 
11:0:1:1 5:0:1:1 11:0:1:1 2:0:1:1 11:0:1:1 2:0:1:1 5:0:1:1 27:0:1:1 55:0:1:4 46:0:1:4 47:0:1:1 14:0:1:1 5:0:1:1 2:0:1:1 11:0:1:1 2:0:1:1 
11:0:1:1 5:0:1:1 11:0:1:1 2:0:1:1 11:0:1:1 2:0:1:1 14:0:1:1 47:0:1:1 46:0:1:4 55:0:1:4 27:0:1:1 m] m[ 2:0:1:4 0:0:1:4 2:0:1:4 
0:0:1:4 7:0:1:4 0:0:1:4 2:0:1:4 0:0:1:4 2:0:1:4 7:0:1:4 m] m[ 2:0:1:4 8:0:1:4 2:0:1:4 8:0:1:4 0:0:1:4 8:0:1:4 2:0:1:4 
8:0:1:4 2:0:1:4 0:0:1:4 m] m[ 35:0:1:1 49:0:1:4 35:0:1:1 49:0:1:4 40:0:1:4 49:0:1:4 35:0:1:1 49:0:1:4 35:0:1:1 40:0:1:4 m] 
m[ 0:0:1:1 13:0:1:1 0:0:1:1 13:0:1:1 4:0:1:1 13:0:1:1 0:0:1:1 13:0:1:1 0:0:1:1 4:0:1:1 m] m[ 34:0:1:4 6:0:1:4 15:0:1:4 
6:0:1:4 15:0:1:4 34:0:1:4 15:0:1:4 6:0:1:4 15:0:1:4 6:0:1:4 m] m[ 8:0:1:1 39:0:1:1 36:0:1:1 39:0:1:1 36:0:1:1 8:0:1:1 36:0:1:1 
39:0:1:1 36:0:1:1 39:0:1:1 m] m[ 10:0:1:1 13:0:1:1 0:0:1:1 13:0:1:1 0:0:1:1 10:0:1:1 0:0:1:1 13:0:1:1 0:0:1:1 13:0:1:1 m] 
m[ 50:0:1:1 24:0:1:4 19:0:1:4 55:0:1:4 32:0:1:1 0:0:1:1 10:0:1:1 0:0:1:1 10:0:1:1 13:0:1:1 10:0:1:1 0:0:1:1 10:0:1:1 0:0:1:1 13:0:1:1 
32:0:1:1 55:0:1:4 19:0:1:4 24:0:1:4 50:0:1:1 13:0:1:1 0:0:1:1 10:0:1:1 0:0:1:1 10:0:1:1 13:0:1:1 10:0:1:1 0:0:1:1 10:0:1:1 0:0:1:1 m] 
m[ 0:0:1:1 4:0:1:1 6:0:1:1 4:0:1:1 6:0:1:1 0:0:1:1 6:0:1:1 4:0:1:1 6:0:1:1 4:0:1:1 m] m[ 6:0:1:1 0:0:1:1 6:0:1:1 
0:0:1:1 4:0:1:1 0:0:1:1 6:0:1:1 0:0:1:1 6:0:1:1 4:0:1:1 m] m[ 22:0:1:1 59:0:1:1 26:0:1:4 40:0:1:4 35:0:1:1 6:0:1:1 0:0:1:1 
6:0:1:1 0:0:1:1 4:0:1:1 0:0:1:1 6:0:1:1 0:0:1:1 6:0:1:1 4:0:1:1 35:0:1:1 40:0:1:4 26:0:1:4 59:0:1:1 22:0:1:1 4:0:1:1 6:0:1:1 0:0:1:1 
6:0:1:1 0:0:1:1 4:0:1:1 0:0:1:1 6:0:1:1 0:0:1:1 6:0:1:1 m] m[ 45:0:1:1 10:0:1:1 45:0:1:1 10:0:1:1 41:0:1:1 10:0:1:1 45:0:1:1 
10:0:1:1 45:0:1:1 41:0:1:1 m] m[ 14:0:1:1 51:0:1:1 14:0:1:1 51:0:1:1 47:0:1:1 51:0:1:1 14:0:1:1 51:0:1:1 14:0:1:1 47:0:1:1 m] 
m[ 11:0:1:1 37:0:1:1 41:0:1:4 45:0:1:4 29:0:1:1 14:0:1:1 0:0:1:1 14:0:1:1 0:0:1:1 5:0:1:1 0:0:1:1 14:0:1:1 0:0:1:1 14:0:1:1 5:0:1:1 
29:0:1:1 45:0:1:4 41:0:1:4 37:0:1:1 11:0:1:1 5:0:1:1 14:0:1:1 0:0:1:1 14:0:1:1 0:0:1:1 5:0:1:1 0:0:1:1 14:0:1:1 0:0:1:1 14:0:1:1 m] 
m[ 5:0:1:1 29:0:1:1 5:0:1:1 29:0:1:1 17:0:1:1 29:0:1:1 5:0:1:1 29:0:1:1 5:0:1:1 17:0:1:1 m] m[ 40:0:1:4 35:0:1:1 40:0:1:4 
35:0:1:1 49:0:1:4 35:0:1:1 40:0:1:4 35:0:1:1 40:0:1:4 49:0:1:4 m] m[ 13:0:1:1 47:0:1:1 13:0:1:1 47:0:1:1 50:0:1:1 47:0:1:1 13:0:1:1 
47:0:1:1 13:0:1:1 50:0:1:1 m] m[ 0:0:1:1 13:0:1:1 0:0:1:1 13:0:1:1 4:0:1:1 13:0:1:1 0:0:1:1 13:0:1:1 0:0:1:1 4:0:1:1 35:0:1:1 
40:0:1:4 33:0:1:4 38:0:1:1 12:0:1:1 4:0:1:1 0:0:1:1 13:0:1:1 0:0:1:1 13:0:1:1 4:0:1:1 13:0:1:1 0:0:1:1 13:0:1:1 0:0:1:1 12:0:1:1 38:0:1:1 
33:0:1:4 40:0:1:4 35:0:1:1 m] m[ 21:0:1:4 1:0:1:4 21:0:1:4 1:0:1:4 11:0:1:4 1:0:1:4 21:0:1:4 1:0:1:4 21:0:1:4 11:0:1:4 m] 
m[ 2:0:1:4 24:0:1:4 2:0:1:4 24:0:1:4 11:0:1:4 24:0:1:4 2:0:1:4 24:0:1:4 2:0:1:4 11:0:1:4 m] m[ 36:0:1:1 42:0:1:4 41:0:1:1 
42:0:1:4 41:0:1:1 36:0:1:1 41:0:1:1 42:0:1:4 41:0:1:1 42:0:1:4 m] m[ 39:0:1:1 36:0:1:1 8:0:1:1 36:0:1:1 8:0:1:1 39:0:1:1 8:0:1:1 
36:0:1:1 8:0:1:1 36:0:1:1 m] m[ 42:0:1:4 41:0:1:1 36:0:1:1 41:0:1:1 36:0:1:1 42:0:1:4 36:0:1:1 41:0:1:1 36:0:1:1 41:0:1:1 m] 
m[ 41:0:1:1 50:0:1:1 41:0:1:1 50:0:1:1 13:0:1:1 50:0:1:1 41:0:1:1 50:0:1:1 41:0:1:1 13:0:1:1 m] m[ 3:0:1:1 30:0:1:1 3:0:1:1 
30:0:1:1 23:0:1:1 30:0:1:1 3:0:1:1 30:0:1:1 3:0:1:1 23:0:1:1 m] m[ 3:0:1:1 0:0:1:1 3:0:1:1 0:0:1:1 1:0:1:1 0:0:1:1 3:0:1:1 
0:0:1:1 3:0:1:1 1:0:1:1 15:0:1:1 52:0:1:1 36:0:1:4 56:0:1:4 21:0:1:1 1:0:1:1 3:0:1:1 0:0:1:1 3:0:1:1 0:0:1:1 1:0:1:1 0:0:1:1 3:0:1:1 
0:0:1:1 3:0:1:1 21:0:1:1 56:0:1:4 36:0:1:4 52:0:1:1 15:0:1:1 m] m[ 52:0:1:4 36:0:1:1 52:0:1:4 36:0:1:1 23:0:1:1 36:0:1:1 52:0:1:4 
36:0:1:1 52:0:1:4 23:0:1:1 m] m[ 31:0:1:1 43:0:1:4 33:0:1:1 43:0:1:4 33:0:1:1 31:0:1:1 33:0:1:1 43:0:1:4 33:0:1:1 43:0:1:4 m] 
m[ 43:0:1:4 33:0:1:1 31:0:1:1 33:0:1:1 31:0:1:1 43:0:1:4 31:0:1:1 33:0:1:1 31:0:1:1 33:0:1:1 m] m[ 51:0:1:1 14:0:1:1 33:0:1:1 
14:0:1:1 33:0:1:1 51:0:1:1 33:0:1:1 14:0:1:1 33:0:1:1 14:0:1:1 m] m[ 0:0:1:1 14:0:1:1 0:0:1:1 14:0:1:1 6:0:1:1 14:0:1:1 0:0:1:1 
14:0:1:1 0:0:1:1 6:0:1:1 34:0:1:1 39:0:1:4 31:0:1:4 43:0:1:1 16:0:1:1 6:0:1:1 0:0:1:1 14:0:1:1 0:0:1:1 14:0:1:1 6:0:1:1 14:0:1:1 0:0:1:1 
14:0:1:1 0:0:1:1 16:0:1:1 43:0:1:1 31:0:1:4 39:0:1:4 34:0:1:1 m] m[ 0:0:1:1 7:0:1:1 14:0:1:1 7:0:1:1 14:0:1:1 0:0:1:1 14:0:1:1 
7:0:1:1 14:0:1:1 7:0:1:1 m] m[ 7:0:1:1 14:0:1:1 7:0:1:1 14:0:1:1 0:0:1:1 14:0:1:1 7:0:1:1 14:0:1:1 7:0:1:1 0:0:1:1 4:0:1:1 
35:0:1:1 53:0:1:1 30:0:1:1 3:0:1:1 0:0:1:1 7:0:1:1 14:0:1:1 7:0:1:1 14:0:1:1 0:0:1:1 14:0:1:1 7:0:1:1 14:0:1:1 7:0:1:1 3:0:1:1 30:0:1:1 
53:0:1:1 35:0:1:1 4:0:1:1 m] m[ 21:0:1:4 56:0:1:1 43:0:1:4 56:0:1:1 43:0:1:4 21:0:1:4 43:0:1:4 56:0:1:1 43:0:1:4 56:0:1:1 m] 
m[ 56:0:1:1 41:0:1:1 56:0:1:1 41:0:1:1 18:0:1:1 41:0:1:1 56:0:1:1 41:0:1:1 56:0:1:1 18:0:1:1 m] m[ 40:0:1:1 31:0:1:1 40:0:1:1 
31:0:1:1 7:0:1:1 31:0:1:1 40:0:1:1 31:0:1:1 40:0:1:1 7:0:1:1 m] m[ 3:0:1:4 0:0:1:4 3:0:1:4 0:0:1:4 8:0:1:4 0:0:1:4 3:0:1:4 
0:0:1:4 3:0:1:4 8:0:1:4 m] m[ 8:0:1:4 31:0:1:4 8:0:1:4 31:0:1:4 39:0:1:4 31:0:1:4 8:0:1:4 31:0:1:4 8:0:1:4 39:0:1:4 m] 
m[ 16:0:1:1 34:0:1:1 6:0:1:1 34:0:1:1 6:0:1:1 16:0:1:1 6:0:1:1 34:0:1:1 6:0:1:1 34:0:1:1 m] m[ 12:0:1:1 3:0:1:1 12:0:1:1 
3:0:1:1 30:0:1:1 3:0:1:1 12:0:1:1 3:0:1:1 12:0:1:1 30:0:1:1 m] m[ 3:0:1:1 0:0:1:1 3:0:1:1 0:0:1:1 8:0:1:1 0:0:1:1 3:0:1:1 
0:0:1:1 3:0:1:1 8:0:1:1 m] m[ 3:0:1:1 0:0:1:1 3:0:1:1 0:0:1:1 8:0:1:1 0:0:1:1 3:0:1:1 0:0:1:1 3:0:1:1 8:0:1:1 31:0:1:1 
43:0:1:4 16:0:1:4 34:0:1:4 39:0:1:1 8:0:1:1 3:0:1:1 0:0:1:1 3:0:1:1 0:0:1:1 8:0:1:1 0:0:1:1 3:0:1:1 0:0:1:1 3:0:1:1 39:0:1:1 34:0:1:4 
16:0:1:4 43:0:1:4 31:0:1:1 m] m[ 31:0:1:1 57:0:1:4 20:0:1:1 57:0:1:4 20:0:1:1 31:0:1:1 20:0:1:1 57:0:1:4 20:0:1:1 57:0:1:4 m] 
m[ 18:0:1:1 0:0:1:1 18:0:1:1 0:0:1:1 13:0:1:1 0:0:1:1 18:0:1:1 0:0:1:1 18:0:1:1 13:0:1:1 m] m[ 14:0:1:1 32:0:1:1 14:0:1:1 
32:0:1:1 51:0:1:1 32:0:1:1 14:0:1:1 32:0:1:1 14:0:1:1 51:0:1:1 m] m[ 14:0:1:1 5:0:1:1 14:0:1:1 5:0:1:1 7:0:1:1 5:0:1:1 14:0:1:1 
5:0:1:1 14:0:1:1 7:0:1:1 20:0:1:1 54:0:1:1 34:0:1:4 48:0:1:4 31:0:1:1 7:0:1:1 14:0:1:1 5:0:1:1 14:0:1:1 5:0:1:1 7:0:1:1 5:0:1:1 14:0:1:1 
5:0:1:1 14:0:1:1 31:0:1:1 48:0:1:4 34:0:1:4 54:0:1:1 20:0:1:1 m] m[ 40:0:1:1 35:0:1:4 25:0:1:4 54:0:1:1 20:0:1:1 0:0:1:1 14:0:1:1 
0:0:1:1 14:0:1:1 7:0:1:1 14:0:1:1 0:0:1:1 14:0:1:1 0:0:1:1 7:0:1:1 20:0:1:1 54:0:1:1 25:0:1:4 35:0:1:4 40:0:1:1 7:0:1:1 0:0:1:1 14:0:1:1 
0:0:1:1 14:0:1:1 7:0:1:1 14:0:1:1 0:0:1:1 14:0:1:1 0:0:1:1 m] m[ 5:0:1:1 29:0:1:1 26:0:1:1 29:0:1:1 26:0:1:1 5:0:1:1 26:0:1:1 
29:0:1:1 26:0:1:1 29:0:1:1 m] m[ 5:0:1:1 0:0:1:1 1:0:1:1 0:0:1:1 1:0:1:1 5:0:1:1 1:0:1:1 0:0:1:1 1:0:1:1 0:0:1:1 m] 
m[ 30:0:1:1 59:0:1:1 30:0:1:1 59:0:1:1 51:0:1:4 59:0:1:1 30:0:1:1 59:0:1:1 30:0:1:1 51:0:1:4 m] m[ 3:0:1:1 0:0:1:1 3:0:1:1 
0:0:1:1 10:0:1:1 0:0:1:1 3:0:1:1 0:0:1:1 3:0:1:1 10:0:1:1 m] m[ 3:0:1:1 0:0:1:1 3:0:1:1 0:0:1:1 10:0:1:1 0:0:1:1 3:0:1:1 
0:0:1:1 3:0:1:1 10:0:1:1 41:0:1:1 37:0:1:4 11:0:1:4 29:0:1:4 45:0:1:1 10:0:1:1 3:0:1:1 0:0:1:1 3:0:1:1 0:0:1:1 10:0:1:1 0:0:1:1 3:0:1:1 
0:0:1:1 3:0:1:1 45:0:1:1 29:0:1:4 11:0:1:4 37:0:1:4 41:0:1:1 m] m[ 8:0:1:1 0:0:1:1 8:0:1:1 0:0:1:1 18:0:1:1 0:0:1:1 8:0:1:1 
0:0:1:1 8:0:1:1 18:0:1:1 m] m[ 16:0:1:1 15:0:1:1 16:0:1:1 15:0:1:1 48:0:1:1 15:0:1:1 16:0:1:1 15:0:1:1 16:0:1:1 48:0:1:1 m] 
m[ 4:0:1:1 10:0:1:1 0:0:1:1 10:0:1:1 0:0:1:1 4:0:1:1 0:0:1:1 10:0:1:1 0:0:1:1 10:0:1:1 m] m[ 45:0:1:1 29:0:1:4 15:0:1:4 
48:0:1:4 36:0:1:1 0:0:1:1 4:0:1:1 0:0:1:1 4:0:1:1 10:0:1:1 4:0:1:1 0:0:1:1 4:0:1:1 0:0:1:1 10:0:1:1 36:0:1:1 48:0:1:4 15:0:1:4 29:0:1:4 
45:0:1:1 10:0:1:1 0:0:1:1 4:0:1:1 0:0:1:1 4:0:1:1 10:0:1:1 4:0:1:1 0:0:1:1 4:0:1:1 0:0:1:1 m] m[ 28:0:1:1 44:0:1:4 41:0:1:1 
44:0:1:4 41:0:1:1 28:0:1:1 41:0:1:1 44:0:1:4 41:0:1:1 44:0:1:4 m] m[ 4:0:1:1 0:0:1:1 4:0:1:1 0:0:1:1 1:0:1:1 0:0:1:1 4:0:1:1 
0:0:1:1 4:0:1:1 1:0:1:1 m] m[ 56:0:1:1 21:0:1:4 48:0:1:4 21:0:1:4 48:0:1:4 56:0:1:1 48:0:1:4 21:0:1:4 48:0:1:4 21:0:1:4 m] 
m[ 56:0:1:1 18:0:1:1 56:0:1:1 18:0:1:1 47:0:1:1 18:0:1:1 56:0:1:1 18:0:1:1 56:0:1:1 47:0:1:1 m] m[ 6:0:1:1 34:0:1:1 6:0:1:1 
34:0:1:1 32:0:1:1 34:0:1:1 6:0:1:1 34:0:1:1 6:0:1:1 32:0:1:1 m] m[ 6:0:1:1 0:0:1:1 6:0:1:1 0:0:1:1 1:0:1:1 0:0:1:1 6:0:1:1 
0:0:1:1 6:0:1:1 1:0:1:1 9:0:1:1 46:0:1:1 47:0:1:4 56:0:1:4 21:0:1:1 1:0:1:1 6:0:1:1 0:0:1:1 6:0:1:1 0:0:1:1 1:0:1:1 0:0:1:1 6:0:1:1 
0:0:1:1 6:0:1:1 21:0:1:1 56:0:1:4 47:0:1:4 46:0:1:1 9:0:1:1 m] m[ 0:0:1:4 1:0:1:4 3:0:1:4 1:0:1:4 3:0:1:4 0:0:1:4 3:0:1:4 
1:0:1:4 3:0:1:4 1:0:1:4 m] m[ 56:0:1:1 38:0:1:4 56:0:1:1 38:0:1:4 21:0:1:4 38:0:1:4 56:0:1:1 38:0:1:4 56:0:1:1 21:0:1:4 m] 
m[ 18:0:1:1 0:0:1:1 18:0:1:1 0:0:1:1 14:0:1:1 0:0:1:1 18:0:1:1 0:0:1:1 18:0:1:1 14:0:1:1 m] m[ 45:0:1:1 42:0:1:4 45:0:1:1 
42:0:1:4 29:0:1:4 42:0:1:4 45:0:1:1 42:0:1:4 45:0:1:1 29:0:1:4 m] m[ 30:0:1:1 51:0:1:4 46:0:1:1 51:0:1:4 46:0:1:1 30:0:1:1 46:0:1:1 
51:0:1:4 46:0:1:1 51:0:1:4 m] m[ 22:0:1:1 28:0:1:1 22:0:1:1 28:0:1:1 58:0:1:4 28:0:1:1 22:0:1:1 28:0:1:1 22:0:1:1 58:0:1:4 m] 
m[ 50:0:1:1 28:0:1:1 13:0:1:1 28:0:1:1 13:0:1:1 50:0:1:1 13:0:1:1 28:0:1:1 13:0:1:1 28:0:1:1 m] m[ 46:0:1:4 51:0:1:1 46:0:1:4 
51:0:1:1 30:0:1:4 51:0:1:1 46:0:1:4 51:0:1:1 46:0:1:4 30:0:1:4 m] m[ 14:0:1:1 26:0:1:1 14:0:1:1 26:0:1:1 51:0:1:1 26:0:1:1 14:0:1:1 
26:0:1:1 14:0:1:1 51:0:1:1 m] m[ 22:0:1:1 53:0:1:1 12:0:1:1 53:0:1:1 12:0:1:1 22:0:1:1 12:0:1:1 53:0:1:1 12:0:1:1 53:0:1:1 m] 
m[ 12:0:1:1 21:0:1:1 12:0:1:1 21:0:1:1 1:0:1:1 21:0:1:1 12:0:1:1 21:0:1:1 12:0:1:1 1:0:1:1 m] m[ 1:0:1:1 5:0:1:1 0:0:1:1 
5:0:1:1 0:0:1:1 1:0:1:1 0:0:1:1 5:0:1:1 0:0:1:1 5:0:1:1 m] m[ 42:0:1:1 21:0:1:1 42:0:1:1 21:0:1:1 56:0:1:4 21:0:1:1 42:0:1:1 
21:0:1:1 42:0:1:1 56:0:1:4 m] m[ 29:0:1:1 26:0:1:1 5:0:1:1 26:0:1:1 5:0:1:1 29:0:1:1 5:0:1:1 26:0:1:1 5:0:1:1 26:0:1:1 m] 
m[ 53:0:1:4 12:0:1:4 21:0:1:4 56:0:1:1 33:0:1:1 5:0:1:1 29:0:1:1 5:0:1:1 29:0:1:1 26:0:1:1 29:0:1:1 5:0:1:1 29:0:1:1 5:0:1:1 26:0:1:1 
33:0:1:1 56:0:1:1 21:0:1:4 12:0:1:4 53:0:1:4 26:0:1:1 5:0:1:1 29:0:1:1 5:0:1:1 29:0:1:1 26:0:1:1 29:0:1:1 5:0:1:1 29:0:1:1 5:0:1:1 m] 
m[ 5:0:1:1 17:0:1:1 26:0:1:1 17:0:1:1 26:0:1:1 5:0:1:1 26:0:1:1 17:0:1:1 26:0:1:1 17:0:1:1 m] m[ 1:0:1:1 5:0:1:1 1:0:1:1 
5:0:1:1 6:0:1:1 5:0:1:1 1:0:1:1 5:0:1:1 1:0:1:1 6:0:1:1 32:0:1:1 46:0:1:4 24:0:1:4 49:0:1:4 25:0:1:1 6:0:1:1 1:0:1:1 5:0:1:1 1:0:1:1 
5:0:1:1 6:0:1:1 5:0:1:1 1:0:1:1 5:0:1:1 1:0:1:1 25:0:1:1 49:0:1:4 24:0:1:4 46:0:1:4 32:0:1:1 m] m[ 53:0:1:4 12:0:1:4 9:0:1:4 
46:0:1:4 51:0:1:1 5:0:1:1 17:0:1:1 5:0:1:1 17:0:1:1 26:0:1:1 17:0:1:1 5:0:1:1 17:0:1:1 5:0:1:1 26:0:1:1 51:0:1:1 46:0:1:4 9:0:1:4 12:0:1:4 
53:0:1:4 26:0:1:1 5:0:1:1 17:0:1:1 5:0:1:1 17:0:1:1 26:0:1:1 17:0:1:1 5:0:1:1 17:0:1:1 5:0:1:1 m] m[ 27:0:1:1 6:0:1:1 5:0:1:1 
6:0:1:1 5:0:1:1 27:0:1:1 5:0:1:1 6:0:1:1 5:0:1:1 6:0:1:1 m] m[ 26:0:1:1 5:0:1:1 26:0:1:1 5:0:1:1 7:0:1:1 5:0:1:1 26:0:1:1 
5:0:1:1 26:0:1:1 7:0:1:1 m] m[ 59:0:1:4 51:0:1:1 30:0:1:4 51:0:1:1 30:0:1:4 59:0:1:4 30:0:1:4 51:0:1:1 30:0:1:4 51:0:1:1 m] 
m[ 59:0:1:4 45:0:1:4 59:0:1:4 45:0:1:4 29:0:1:1 45:0:1:4 59:0:1:4 45:0:1:4 59:0:1:4 29:0:1:1 m] m[ 5:0:1:1 11:0:1:1 1:0:1:1 
11:0:1:1 1:0:1:1 5:0:1:1 1:0:1:1 11:0:1:1 1:0:1:1 11:0:1:1 m] m[ 5:0:1:1 6:0:1:1 14:0:1:1 6:0:1:1 14:0:1:1 5:0:1:1 14:0:1:1 
6:0:1:1 14:0:1:1 6:0:1:1 m] m[ 48:0:1:1 56:0:1:4 48:0:1:1 56:0:1:4 31:0:1:4 56:0:1:4 48:0:1:1 56:0:1:4 48:0:1:1 31:0:1:4 m] 
m[ 15:0:1:1 5:0:1:1 15:0:1:1 5:0:1:1 11:0:1:1 5:0:1:1 15:0:1:1 5:0:1:1 15:0:1:1 11:0:1:1 m] m[ 24:0:1:1 54:0:1:1 32:0:1:4 
47:0:1:4 37:0:1:1 15:0:1:1 5:0:1:1 15:0:1:1 5:0:1:1 11:0:1:1 5:0:1:1 15:0:1:1 5:0:1:1 15:0:1:1 11:0:1:1 37:0:1:1 47:0:1:4 32:0:1:4 54:0:1:1 
24:0:1:1 11:0:1:1 15:0:1:1 5:0:1:1 15:0:1:1 5:0:1:1 11:0:1:1 5:0:1:1 15:0:1:1 5:0:1:1 15:0:1:1 m] m[ 6:0:1:1 25:0:1:1 6:0:1:1 
25:0:1:1 13:0:1:1 25:0:1:1 6:0:1:1 25:0:1:1 6:0:1:1 13:0:1:1 m] m[ 18:0:1:1 13:0:1:1 18:0:1:1 13:0:1:1 41:0:1:1 13:0:1:1 18:0:1:1 
13:0:1:1 18:0:1:1 41:0:1:1 m] m[ 18:0:1:1 31:0:1:1 18:0:1:1 31:0:1:1 7:0:1:1 31:0:1:1 18:0:1:1 31:0:1:1 18:0:1:1 7:0:1:1 m] 
m[ 32:0:1:1 50:0:1:1 13:0:1:1 50:0:1:1 13:0:1:1 32:0:1:1 13:0:1:1 50:0:1:1 13:0:1:1 50:0:1:1 m] m[ 32:0:1:1 27:0:1:1 55:0:1:4 
27:0:1:1 55:0:1:4 32:0:1:1 55:0:1:4 27:0:1:1 55:0:1:4 27:0:1:1 m] m[ 44:0:1:1 50:0:1:4 13:0:1:4 10:0:1:4 45:0:1:4 27:0:1:1 5:0:1:1 
27:0:1:1 5:0:1:1 29:0:1:1 5:0:1:1 27:0:1:1 5:0:1:1 27:0:1:1 29:0:1:1 45:0:1:4 10:0:1:4 13:0:1:4 50:0:1:4 44:0:1:1 29:0:1:1 27:0:1:1 5:0:1:1 
27:0:1:1 5:0:1:1 29:0:1:1 5:0:1:1 27:0:1:1 5:0:1:1 27:0:1:1 m] m[ 10:0:1:1 8:0:1:1 10:0:1:1 8:0:1:1 0:0:1:1 8:0:1:1 10:0:1:1 
8:0:1:1 10:0:1:1 0:0:1:1 m] m[ 10:0:1:1 8:0:1:1 0:0:1:1 8:0:1:1 0:0:1:1 10:0:1:1 0:0:1:1 8:0:1:1 0:0:1:1 8:0:1:1 m] 
m[ 33:0:1:1 31:0:1:1 7:0:1:1 31:0:1:1 7:0:1:1 33:0:1:1 7:0:1:1 31:0:1:1 7:0:1:1 31:0:1:1 m] m[ 27:0:1:1 55:0:1:4 27:0:1:1 
55:0:1:4 51:0:1:1 55:0:1:4 27:0:1:1 55:0:1:4 27:0:1:1 51:0:1:1 m] m[ 21:0:1:1 38:0:1:1 33:0:1:4 31:0:1:4 48:0:1:1 27:0:1:1 5:0:1:1 
27:0:1:1 5:0:1:1 15:0:1:1 5:0:1:1 27:0:1:1 5:0:1:1 27:0:1:1 15:0:1:1 48:0:1:1 31:0:1:4 33:0:1:4 38:0:1:1 21:0:1:1 15:0:1:1 27:0:1:1 5:0:1:1 
27:0:1:1 5:0:1:1 15:0:1:1 5:0:1:1 27:0:1:1 5:0:1:1 27:0:1:1 m] m[ 52:0:1:1 23:0:1:4 59:0:1:4 23:0:1:4 59:0:1:4 52:0:1:1 59:0:1:4 
23:0:1:4 59:0:1:4 23:0:1:4 m] m[ 15:0:1:1 5:0:1:1 15:0:1:1 5:0:1:1 1:0:1:1 5:0:1:1 15:0:1:1 5:0:1:1 15:0:1:1 1:0:1:1 m] 
m[ 58:0:1:1 35:0:1:4 40:0:1:1 35:0:1:4 40:0:1:1 58:0:1:1 40:0:1:1 35:0:1:4 40:0:1:1 35:0:1:4 m] m[ 29:0:1:1 5:0:1:1 29:0:1:1 
5:0:1:1 15:0:1:1 5:0:1:1 29:0:1:1 5:0:1:1 29:0:1:1 15:0:1:1 m] m[ 29:0:1:1 5:0:1:1 29:0:1:1 5:0:1:1 15:0:1:1 5:0:1:1 29:0:1:1 
5:0:1:1 29:0:1:1 15:0:1:1 16:0:1:1 35:0:1:1 40:0:1:4 31:0:1:4 48:0:1:1 15:0:1:1 29:0:1:1 5:0:1:1 29:0:1:1 5:0:1:1 15:0:1:1 5:0:1:1 29:0:1:1 
5:0:1:1 29:0:1:1 48:0:1:1 31:0:1:4 40:0:1:4 35:0:1:1 16:0:1:1 m] m[ 28:0:1:4 13:0:1:4 28:0:1:4 13:0:1:4 4:0:1:4 13:0:1:4 28:0:1:4 
13:0:1:4 28:0:1:4 4:0:1:4 m] m[ 11:0:1:1 37:0:1:1 11:0:1:1 37:0:1:1 44:0:1:1 37:0:1:1 11:0:1:1 37:0:1:1 11:0:1:1 44:0:1:1 m] 
m[ 46:0:1:1 47:0:1:4 37:0:1:1 47:0:1:4 37:0:1:1 46:0:1:1 37:0:1:1 47:0:1:4 37:0:1:1 47:0:1:4 m] m[ 46:0:1:1 47:0:1:4 37:0:1:1 
47:0:1:4 37:0:1:1 46:0:1:1 37:0:1:1 47:0:1:4 37:0:1:1 47:0:1:4 m] m[ 14:0:1:4 18:0:1:4 47:0:1:4 18:0:1:4 47:0:1:4 14:0:1:4 47:0:1:4 
18:0:1:4 47:0:1:4 18:0:1:4 m] m[ 52:0:1:1 42:0:1:1 52:0:1:1 42:0:1:1 36:0:1:4 42:0:1:1 52:0:1:1 42:0:1:1 52:0:1:1 36:0:1:4 m] 
m[ 27:0:1:1 14:0:1:1 5:0:1:1 14:0:1:1 5:0:1:1 27:0:1:1 5:0:1:1 14:0:1:1 5:0:1:1 14:0:1:1 m] m[ 47:0:1:1 37:0:1:4 42:0:1:4 
36:0:1:1 18:0:1:1 5:0:1:1 27:0:1:1 5:0:1:1 27:0:1:1 14:0:1:1 27:0:1:1 5:0:1:1 27:0:1:1 5:0:1:1 14:0:1:1 18:0:1:1 36:0:1:1 42:0:1:4 37:0:1:4 
47:0:1:1 14:0:1:1 5:0:1:1 27:0:1:1 5:0:1:1 27:0:1:1 14:0:1:1 27:0:1:1 5:0:1:1 27:0:1:1 5:0:1:1 m] m[ 30:0:1:4 55:0:1:4 30:0:1:4 
55:0:1:4 19:0:1:4 55:0:1:4 30:0:1:4 55:0:1:4 30:0:1:4 19:0:1:4 m] m[ 26:0:1:1 53:0:1:4 40:0:1:1 53:0:1:4 40:0:1:1 26:0:1:1 40:0:1:1 
53:0:1:4 40:0:1:1 53:0:1:4 m] m[ 34:0:1:1 57:0:1:1 20:0:1:4 19:0:1:4 55:0:1:4 26:0:1:1 5:0:1:1 26:0:1:1 5:0:1:1 27:0:1:1 5:0:1:1 
26:0:1:1 5:0:1:1 26:0:1:1 27:0:1:1 55:0:1:4 19:0:1:4 20:0:1:4 57:0:1:1 34:0:1:1 27:0:1:1 26:0:1:1 5:0:1:1 26:0:1:1 5:0:1:1 27:0:1:1 5:0:1:1 
26:0:1:1 5:0:1:1 26:0:1:1 m] m[ 31:0:1:1 56:0:1:1 31:0:1:1 56:0:1:1 48:0:1:4 56:0:1:1 31:0:1:1 56:0:1:1 31:0:1:1 48:0:1:4 m] 
m[ 7:0:1:1 5:0:1:1 7:0:1:1 5:0:1:1 14:0:1:1 5:0:1:1 7:0:1:1 5:0:1:1 7:0:1:1 14:0:1:1 m] m[ 5:0:1:4 11:0:1:4 5:0:1:4 
11:0:1:4 17:0:1:4 11:0:1:4 5:0:1:4 11:0:1:4 5:0:1:4 17:0:1:4 m] m[ 17:0:1:4 49:0:1:4 40:0:1:4 49:0:1:4 40:0:1:4 17:0:1:4 40:0:1:4 
49:0:1:4 40:0:1:4 49:0:1:4 m] m[ 6:0:1:1 16:0:1:1 6:0:1:1 16:0:1:1 25:0:1:1 16:0:1:1 6:0:1:1 16:0:1:1 6:0:1:1 25:0:1:1 m] 
m[ 1:0:1:1 4:0:1:1 6:0:1:1 4:0:1:1 6:0:1:1 1:0:1:1 6:0:1:1 4:0:1:1 6:0:1:1 4:0:1:1 m] m[ 29:0:1:1 59:0:1:4 22:0:1:4 
28:0:1:4 44:0:1:1 9:0:1:1 1:0:1:1 9:0:1:1 1:0:1:1 11:0:1:1 1:0:1:1 9:0:1:1 1:0:1:1 9:0:1:1 11:0:1:1 44:0:1:1 28:0:1:4 22:0:1:4 59:0:1:4 
29:0:1:1 11:0:1:1 9:0:1:1 1:0:1:1 9:0:1:1 1:0:1:1 11:0:1:1 1:0:1:1 9:0:1:1 1:0:1:1 9:0:1:1 m] m[ 21:0:1:1 1:0:1:1 21:0:1:1 
1:0:1:1 11:0:1:1 1:0:1:1 21:0:1:1 1:0:1:1 21:0:1:1 11:0:1:1 17:0:1:1 40:0:1:1 35:0:1:4 28:0:1:4 44:0:1:1 11:0:1:1 21:0:1:1 1:0:1:1 21:0:1:1 
1:0:1:1 11:0:1:1 1:0:1:1 21:0:1:1 1:0:1:1 21:0:1:1 44:0:1:1 28:0:1:4 35:0:1:4 40:0:1:1 17:0:1:1 m] m[ 57:0:1:1 20:0:1:4 8:0:1:4 
36:0:1:4 48:0:1:1 1:0:1:1 4:0:1:1 1:0:1:1 4:0:1:1 16:0:1:1 4:0:1:1 1:0:1:1 4:0:1:1 1:0:1:1 16:0:1:1 48:0:1:1 36:0:1:4 8:0:1:4 20:0:1:4 
57:0:1:1 16:0:1:1 1:0:1:1 4:0:1:1 1:0:1:1 4:0:1:1 16:0:1:1 4:0:1:1 1:0:1:1 4:0:1:1 1:0:1:1 m] m[ 4:0:1:1 28:0:1:1 25:0:1:1 
28:0:1:1 25:0:1:1 4:0:1:1 25:0:1:1 28:0:1:1 25:0:1:1 28:0:1:1 m] m[ 4:0:1:1 1:0:1:1 3:0:1:1 1:0:1:1 3:0:1:1 4:0:1:1 3:0:1:1 
1:0:1:1 3:0:1:1 1:0:1:1 m] m[ 1:0:1:1 15:0:1:1 1:0:1:1 15:0:1:1 11:0:1:1 15:0:1:1 1:0:1:1 15:0:1:1 1:0:1:1 11:0:1:1 44:0:1:1 
28:0:1:4 25:0:1:4 54:0:1:1 24:0:1:1 11:0:1:1 1:0:1:1 15:0:1:1 1:0:1:1 15:0:1:1 11:0:1:1 15:0:1:1 1:0:1:1 15:0:1:1 1:0:1:1 24:0:1:1 54:0:1:1 
25:0:1:4 28:0:1:4 44:0:1:1 m] m[ 23:0:1:1 3:0:1:1 19:0:1:1 3:0:1:1 19:0:1:1 23:0:1:1 19:0:1:1 3:0:1:1 19:0:1:1 3:0:1:1 m] 
m[ 3:0:1:1 4:0:1:1 1:0:1:1 4:0:1:1 1:0:1:1 3:0:1:1 1:0:1:1 4:0:1:1 1:0:1:1 4:0:1:1 m] m[ 3:0:1:1 12:0:1:1 1:0:1:1 
12:0:1:1 1:0:1:1 3:0:1:1 1:0:1:1 12:0:1:1 1:0:1:1 12:0:1:1 m] m[ 57:0:1:4 20:0:1:1 57:0:1:4 20:0:1:1 40:0:1:1 20:0:1:1 57:0:1:4 
20:0:1:1 57:0:1:4 40:0:1:1 m] m[ 40:0:1:1 26:0:1:1 40:0:1:1 26:0:1:1 53:0:1:4 26:0:1:1 40:0:1:1 26:0:1:1 40:0:1:1 53:0:1:4 m] 
m[ 19:0:1:4 30:0:1:4 55:0:1:4 30:0:1:4 55:0:1:4 19:0:1:4 55:0:1:4 30:0:1:4 55:0:1:4 30:0:1:4 m] m[ 57:0:1:1 40:0:1:4 57:0:1:1 
40:0:1:4 20:0:1:4 40:0:1:4 57:0:1:1 40:0:1:4 57:0:1:1 20:0:1:4 m] m[ 16:0:1:1 1:0:1:1 16:0:1:1 1:0:1:1 12:0:1:1 1:0:1:1 16:0:1:1 
1:0:1:1 16:0:1:1 12:0:1:1 m] m[ 30:0:1:1 55:0:1:1 27:0:1:4 26:0:1:4 53:0:1:1 16:0:1:1 1:0:1:1 16:0:1:1 1:0:1:1 12:0:1:1 1:0:1:1 
16:0:1:1 1:0:1:1 16:0:1:1 12:0:1:1 53:0:1:1 26:0:1:4 27:0:1:4 55:0:1:1 30:0:1:1 12:0:1:1 16:0:1:1 1:0:1:1 16:0:1:1 1:0:1:1 12:0:1:1 1:0:1:1 
16:0:1:1 1:0:1:1 16:0:1:1 m] m[ 32:0:1:1 54:0:1:4 32:0:1:1 54:0:1:4 46:0:1:4 54:0:1:4 32:0:1:1 54:0:1:4 32:0:1:1 46:0:1:4 m] 
m[ 6:0:1:1 1:0:1:1 6:0:1:1 1:0:1:1 16:0:1:1 1:0:1:1 6:0:1:1 1:0:1:1 6:0:1:1 16:0:1:1 m] m[ 43:0:1:1 33:0:1:4 7:0:1:4 
20:0:1:4 57:0:1:1 6:0:1:1 1:0:1:1 6:0:1:1 1:0:1:1 16:0:1:1 1:0:1:1 6:0:1:1 1:0:1:1 6:0:1:1 16:0:1:1 57:0:1:1 20:0:1:4 7:0:1:4 33:0:1:4 
43:0:1:1 16:0:1:1 6:0:1:1 1:0:1:1 6:0:1:1 1:0:1:1 16:0:1:1 1:0:1:1 6:0:1:1 1:0:1:1 6:0:1:1 m] m[ 1:0:1:4 9:0:1:4 3:0:1:4 
9:0:1:4 3:0:1:4 1:0:1:4 3:0:1:4 9:0:1:4 3:0:1:4 9:0:1:4 m] m[ 41:0:1:1 37:0:1:4 42:0:1:4 37:0:1:4 42:0:1:4 41:0:1:1 42:0:1:4 
37:0:1:4 42:0:1:4 37:0:1:4 m] m[ 3:0:1:1 10:0:1:1 23:0:1:1 10:0:1:1 23:0:1:1 3:0:1:1 23:0:1:1 10:0:1:1 23:0:1:1 10:0:1:1 m] 
m[ 1:0:1:1 3:0:1:1 1:0:1:1 3:0:1:1 9:0:1:1 3:0:1:1 1:0:1:1 3:0:1:1 1:0:1:1 9:0:1:1 46:0:1:1 32:0:1:4 13:0:1:4 41:0:1:4 37:0:1:1 
9:0:1:1 1:0:1:1 3:0:1:1 1:0:1:1 3:0:1:1 9:0:1:1 3:0:1:1 1:0:1:1 3:0:1:1 1:0:1:1 37:0:1:1 41:0:1:4 13:0:1:4 32:0:1:4 46:0:1:1 m] 
m[ 15:0:1:1 42:0:1:1 52:0:1:1 42:0:1:1 52:0:1:1 15:0:1:1 52:0:1:1 42:0:1:1 52:0:1:1 42:0:1:1 m] m[ 32:0:1:1 46:0:1:4 37:0:1:4 
41:0:1:1 13:0:1:1 1:0:1:1 15:0:1:1 1:0:1:1 15:0:1:1 6:0:1:1 15:0:1:1 1:0:1:1 15:0:1:1 1:0:1:1 6:0:1:1 13:0:1:1 41:0:1:1 37:0:1:4 46:0:1:4 
32:0:1:1 6:0:1:1 1:0:1:1 15:0:1:1 1:0:1:1 15:0:1:1 6:0:1:1 15:0:1:1 1:0:1:1 15:0:1:1 1:0:1:1 m] m[ 38:0:1:1 47:0:1:4 37:0:1:1 
47:0:1:4 37:0:1:1 38:0:1:1 37:0:1:1 47:0:1:4 37:0:1:1 47:0:1:4 m] m[ 12:0:1:1 1:0:1:1 12:0:1:1 1:0:1:1 4:0:1:1 1:0:1:1 12:0:1:1 
1:0:1:1 12:0:1:1 4:0:1:1 m] m[ 13:0:1:1 47:0:1:1 37:0:1:4 44:0:1:4 28:0:1:1 12:0:1:1 1:0:1:1 12:0:1:1 1:0:1:1 4:0:1:1 1:0:1:1 
12:0:1:1 1:0:1:1 12:0:1:1 4:0:1:1 28:0:1:1 44:0:1:4 37:0:1:4 47:0:1:1 13:0:1:1 4:0:1:1 12:0:1:1 1:0:1:1 12:0:1:1 1:0:1:1 4:0:1:1 1:0:1:1 
12:0:1:1 1:0:1:1 12:0:1:1 m] m[ 15:0:1:1 29:0:1:1 52:0:1:1 29:0:1:1 52:0:1:1 15:0:1:1 52:0:1:1 29:0:1:1 52:0:1:1 29:0:1:1 m] 
m[ 1:0:1:1 15:0:1:1 1:0:1:1 15:0:1:1 16:0:1:1 15:0:1:1 1:0:1:1 15:0:1:1 1:0:1:1 16:0:1:1 57:0:1:1 20:0:1:4 17:0:1:4 58:0:1:4 35:0:1:1 
16:0:1:1 1:0:1:1 15:0:1:1 1:0:1:1 15:0:1:1 16:0:1:1 15:0:1:1 1:0:1:1 15:0:1:1 1:0:1:1 35:0:1:1 58:0:1:4 17:0:1:4 20:0:1:4 57:0:1:1 m] 
m[ 15:0:1:1 27:0:1:1 15:0:1:1 27:0:1:1 52:0:1:1 27:0:1:1 15:0:1:1 27:0:1:1 15:0:1:1 52:0:1:1 m] m[ 1:0:1:1 15:0:1:1 1:0:1:1 
15:0:1:1 21:0:1:1 15:0:1:1 1:0:1:1 15:0:1:1 1:0:1:1 21:0:1:1 56:0:1:4 18:0:1:4 14:0:1:4 51:0:1:4 38:0:1:1 21:0:1:1 1:0:1:1 15:0:1:1 1:0:1:1 
15:0:1:1 21:0:1:1 15:0:1:1 1:0:1:1 15:0:1:1 1:0:1:1 38:0:1:1 51:0:1:4 14:0:1:4 18:0:1:4 56:0:1:4 m] m[ 53:0:1:4 26:0:1:1 53:0:1:4 
26:0:1:1 33:0:1:1 26:0:1:1 53:0:1:4 26:0:1:1 53:0:1:4 33:0:1:1 m] m[ 10:0:1:4 45:0:1:4 10:0:1:4 45:0:1:4 22:0:1:4 45:0:1:4 10:0:1:4 
45:0:1:4 10:0:1:4 22:0:1:4 m] m[ 56:0:1:4 18:0:1:4 33:0:1:4 18:0:1:4 33:0:1:4 56:0:1:4 33:0:1:4 18:0:1:4 33:0:1:4 18:0:1:4 m] 
m[ 21:0:1:1 12:0:1:1 1:0:1:1 12:0:1:1 1:0:1:1 21:0:1:1 1:0:1:1 12:0:1:1 1:0:1:1 12:0:1:1 m] m[ 4:0:1:1 28:0:1:1 22:0:1:1 
28:0:1:1 22:0:1:1 4:0:1:1 22:0:1:1 28:0:1:1 22:0:1:1 28:0:1:1 m] m[ 27:0:1:1 59:0:1:4 30:0:1:4 46:0:1:4 32:0:1:1 4:0:1:1 1:0:1:1 
4:0:1:1 1:0:1:1 6:0:1:1 1:0:1:1 4:0:1:1 1:0:1:1 4:0:1:1 6:0:1:1 32:0:1:1 46:0:1:4 30:0:1:4 59:0:1:4 27:0:1:1 6:0:1:1 4:0:1:1 1:0:1:1 
4:0:1:1 1:0:1:1 6:0:1:1 1:0:1:1 4:0:1:1 1:0:1:1 4:0:1:1 m] m[ 46:0:1:1 51:0:1:4 46:0:1:1 51:0:1:4 32:0:1:4 51:0:1:4 46:0:1:1 
51:0:1:4 46:0:1:1 32:0:1:4 m] m[ 9:0:1:1 1:0:1:1 9:0:1:1 1:0:1:1 12:0:1:1 1:0:1:1 9:0:1:1 1:0:1:1 9:0:1:1 12:0:1:1 m] 
m[ 35:0:1:1 49:0:1:4 17:0:1:4 26:0:1:4 53:0:1:1 9:0:1:1 1:0:1:1 9:0:1:1 1:0:1:1 12:0:1:1 1:0:1:1 9:0:1:1 1:0:1:1 9:0:1:1 12:0:1:1 
53:0:1:1 26:0:1:4 17:0:1:4 49:0:1:4 35:0:1:1 12:0:1:1 9:0:1:1 1:0:1:1 9:0:1:1 1:0:1:1 12:0:1:1 1:0:1:1 9:0:1:1 1:0:1:1 9:0:1:1 m] 
m[ 39:0:1:4 19:0:1:4 8:0:1:4 19:0:1:4 8:0:1:4 39:0:1:4 8:0:1:4 19:0:1:4 8:0:1:4 19:0:1:4 m] m[ 21:0:1:1 48:0:1:1 56:0:1:4 
48:0:1:1 56:0:1:4 21:0:1:1 56:0:1:4 48:0:1:1 56:0:1:4 48:0:1:1 m] m[ 1:0:1:1 21:0:1:1 1:0:1:1 21:0:1:1 9:0:1:1 21:0:1:1 1:0:1:1 
21:0:1:1 1:0:1:1 9:0:1:1 46:0:1:1 32:0:1:4 34:0:1:4 39:0:1:1 19:0:1:1 9:0:1:1 1:0:1:1 21:0:1:1 1:0:1:1 21:0:1:1 9:0:1:1 21:0:1:1 1:0:1:1 
21:0:1:1 1:0:1:1 19:0:1:1 39:0:1:1 34:0:1:4 32:0:1:4 46:0:1:1 m] m[ 56:0:1:4 31:0:1:4 56:0:1:4 31:0:1:4 18:0:1:4 31:0:1:4 56:0:1:4 
31:0:1:4 56:0:1:4 18:0:1:4 m] m[ 21:0:1:1 1:0:1:1 21:0:1:1 1:0:1:1 16:0:1:1 1:0:1:1 21:0:1:1 1:0:1:1 21:0:1:1 16:0:1:1 m] 
m[ 8:0:1:1 3:0:1:1 19:0:1:1 3:0:1:1 19:0:1:1 8:0:1:1 19:0:1:1 3:0:1:1 19:0:1:1 3:0:1:1 m] m[ 19:0:1:1 8:0:1:1 19:0:1:1 
8:0:1:1 3:0:1:1 8:0:1:1 19:0:1:1 8:0:1:1 19:0:1:1 3:0:1:1 4:0:1:1 25:0:1:1 57:0:1:1 43:0:1:1 12:0:1:1 3:0:1:1 19:0:1:1 8:0:1:1 19:0:1:1 
8:0:1:1 3:0:1:1 8:0:1:1 19:0:1:1 8:0:1:1 19:0:1:1 12:0:1:1 43:0:1:1 57:0:1:1 25:0:1:1 4:0:1:1 m] m[ 55:0:1:1 34:0:1:4 55:0:1:1 
34:0:1:4 39:0:1:1 34:0:1:4 55:0:1:1 34:0:1:4 55:0:1:1 39:0:1:1 m] m[ 30:0:1:1 3:0:1:1 30:0:1:1 3:0:1:1 12:0:1:1 3:0:1:1 30:0:1:1 
3:0:1:1 30:0:1:1 12:0:1:1 m] m[ 23:0:1:1 59:0:1:1 52:0:1:4 59:0:1:1 52:0:1:4 23:0:1:1 52:0:1:4 59:0:1:1 52:0:1:4 59:0:1:1 m] 
m[ 31:0:1:1 43:0:1:4 53:0:1:4 26:0:1:1 7:0:1:1 3:0:1:1 23:0:1:1 3:0:1:1 23:0:1:1 8:0:1:1 23:0:1:1 3:0:1:1 23:0:1:1 3:0:1:1 8:0:1:1 
7:0:1:1 26:0:1:1 53:0:1:4 43:0:1:4 31:0:1:1 8:0:1:1 3:0:1:1 23:0:1:1 3:0:1:1 23:0:1:1 8:0:1:1 23:0:1:1 3:0:1:1 23:0:1:1 3:0:1:1 m] 
m[ 46:0:1:1 38:0:1:1 47:0:1:4 38:0:1:1 47:0:1:4 46:0:1:1 47:0:1:4 38:0:1:1 47:0:1:4 38:0:1:1 m] m[ 19:0:1:1 8:0:1:1 3:0:1:1 
8:0:1:1 3:0:1:1 19:0:1:1 3:0:1:1 8:0:1:1 3:0:1:1 8:0:1:1 m] m[ 12:0:1:1 3:0:1:1 12:0:1:1 3:0:1:1 22:0:1:1 3:0:1:1 12:0:1:1 
3:0:1:1 12:0:1:1 22:0:1:1 m] m[ 12:0:1:1 3:0:1:1 12:0:1:1 3:0:1:1 22:0:1:1 3:0:1:1 12:0:1:1 3:0:1:1 12:0:1:1 22:0:1:1 45:0:1:1 
42:0:1:4 11:0:1:4 17:0:1:4 58:0:1:4 22:0:1:1 12:0:1:1 3:0:1:1 12:0:1:1 3:0:1:1 22:0:1:1 3:0:1:1 12:0:1:1 3:0:1:1 12:0:1:1 58:0:1:4 17:0:1:4 
11:0:1:4 42:0:1:4 45:0:1:1 m] m[ 30:0:1:1 59:0:1:1 51:0:1:4 59:0:1:1 51:0:1:4 30:0:1:1 51:0:1:4 59:0:1:1 51:0:1:4 59:0:1:1 m] 
m[ 3:0:1:1 12:0:1:1 3:0:1:1 12:0:1:1 9:0:1:1 12:0:1:1 3:0:1:1 12:0:1:1 3:0:1:1 9:0:1:1 m] m[ 20:0:1:1 40:0:1:1 7:0:1:1 
40:0:1:1 7:0:1:1 20:0:1:1 7:0:1:1 40:0:1:1 7:0:1:1 40:0:1:1 m] m[ 19:0:1:1 3:0:1:1 19:0:1:1 3:0:1:1 30:0:1:1 3:0:1:1 19:0:1:1 
3:0:1:1 19:0:1:1 30:0:1:1 m] m[ 53:0:1:1 40:0:1:4 7:0:1:4 14:0:1:4 51:0:1:4 19:0:1:1 3:0:1:1 19:0:1:1 3:0:1:1 30:0:1:1 3:0:1:1 
19:0:1:1 3:0:1:1 19:0:1:1 30:0:1:1 51:0:1:4 14:0:1:4 7:0:1:4 40:0:1:4 53:0:1:1 30:0:1:1 19:0:1:1 3:0:1:1 19:0:1:1 3:0:1:1 30:0:1:1 3:0:1:1 
19:0:1:1 3:0:1:1 19:0:1:1 m] m[ 23:0:1:1 10:0:1:1 3:0:1:1 10:0:1:1 3:0:1:1 23:0:1:1 3:0:1:1 10:0:1:1 3:0:1:1 10:0:1:1 m] 
m[ 41:0:1:1 37:0:1:4 46:0:1:4 32:0:1:1 13:0:1:1 3:0:1:1 23:0:1:1 3:0:1:1 23:0:1:1 10:0:1:1 23:0:1:1 3:0:1:1 23:0:1:1 3:0:1:1 10:0:1:1 
13:0:1:1 32:0:1:1 46:0:1:4 37:0:1:4 41:0:1:1 10:0:1:1 3:0:1:1 23:0:1:1 3:0:1:1 23:0:1:1 10:0:1:1 23:0:1:1 3:0:1:1 23:0:1:1 3:0:1:1 m] 
m[ 41:0:1:1 44:0:1:4 41:0:1:1 44:0:1:4 37:0:1:4 44:0:1:4 41:0:1:1 44:0:1:4 41:0:1:1 37:0:1:4 m] m[ 10:0:1:1 3:0:1:1 10:0:1:1 
3:0:1:1 22:0:1:1 3:0:1:1 10:0:1:1 3:0:1:1 10:0:1:1 22:0:1:1 m] m[ 53:0:1:1 33:0:1:4 7:0:1:4 17:0:1:4 58:0:1:4 10:0:1:1 3:0:1:1 
10:0:1:1 3:0:1:1 22:0:1:1 3:0:1:1 10:0:1:1 3:0:1:1 10:0:1:1 22:0:1:1 58:0:1:4 17:0:1:4 7:0:1:4 33:0:1:4 53:0:1:1 22:0:1:1 10:0:1:1 3:0:1:1 
10:0:1:1 3:0:1:1 22:0:1:1 3:0:1:1 10:0:1:1 3:0:1:1 10:0:1:1 m] m[ 4:0:1:1 10:0:1:1 3:0:1:1 10:0:1:1 3:0:1:1 4:0:1:1 3:0:1:1 
10:0:1:1 3:0:1:1 10:0:1:1 m] m[ 41:0:1:1 37:0:1:4 21:0:1:4 48:0:1:4 36:0:1:1 3:0:1:1 4:0:1:1 3:0:1:1 4:0:1:1 10:0:1:1 4:0:1:1 
3:0:1:1 4:0:1:1 3:0:1:1 10:0:1:1 36:0:1:1 48:0:1:4 21:0:1:4 37:0:1:4 41:0:1:1 10:0:1:1 3:0:1:1 4:0:1:1 3:0:1:1 4:0:1:1 10:0:1:1 4:0:1:1 
3:0:1:1 4:0:1:1 3:0:1:1 m] m[ 54:0:1:4 25:0:1:1 54:0:1:4 25:0:1:1 34:0:1:1 25:0:1:1 54:0:1:4 25:0:1:1 54:0:1:4 34:0:1:1 m] 
m[ 44:0:1:4 24:0:1:4 11:0:1:4 24:0:1:4 11:0:1:4 44:0:1:4 11:0:1:4 24:0:1:4 11:0:1:4 24:0:1:4 m] m[ 23:0:1:1 45:0:1:1 52:0:1:4 
45:0:1:1 52:0:1:4 23:0:1:1 52:0:1:4 45:0:1:1 52:0:1:4 45:0:1:1 m] m[ 3:0:1:1 23:0:1:1 3:0:1:1 23:0:1:1 19:0:1:1 23:0:1:1 3:0:1:1 
23:0:1:1 3:0:1:1 19:0:1:1 54:0:1:1 25:0:1:4 28:0:1:4 44:0:1:1 24:0:1:1 19:0:1:1 3:0:1:1 23:0:1:1 3:0:1:1 23:0:1:1 19:0:1:1 23:0:1:1 3:0:1:1 
23:0:1:1 3:0:1:1 24:0:1:1 44:0:1:1 28:0:1:4 25:0:1:4 54:0:1:1 m] m[ 55:0:1:4 27:0:1:1 55:0:1:4 27:0:1:1 59:0:1:4 27:0:1:1 55:0:1:4 
27:0:1:1 55:0:1:4 59:0:1:4 m] m[ 25:0:1:1 54:0:1:4 49:0:1:4 54:0:1:4 49:0:1:4 25:0:1:1 49:0:1:4 54:0:1:4 49:0:1:4 54:0:1:4 m] 
m[ 4:0:1:1 22:0:1:1 3:0:1:1 22:0:1:1 3:0:1:1 4:0:1:1 3:0:1:1 22:0:1:1 3:0:1:1 22:0:1:1 m] m[ 58:0:1:4 17:0:1:4 5:0:1:4 
27:0:1:4 59:0:1:1 3:0:1:1 4:0:1:1 3:0:1:1 4:0:1:1 22:0:1:1 4:0:1:1 3:0:1:1 4:0:1:1 3:0:1:1 22:0:1:1 59:0:1:1 27:0:1:4 5:0:1:4 17:0:1:4 
58:0:1:4 22:0:1:1 3:0:1:1 4:0:1:1 3:0:1:1 4:0:1:1 22:0:1:1 4:0:1:1 3:0:1:1 4:0:1:1 3:0:1:1 m] m[ 39:0:1:1 48:0:1:4 36:0:1:1 
48:0:1:4 36:0:1:1 39:0:1:1 36:0:1:1 48:0:1:4 36:0:1:1 48:0:1:4 m] m[ 19:0:1:1 3:0:1:1 19:0:1:1 3:0:1:1 9:0:1:1 3:0:1:1 19:0:1:1 
3:0:1:1 19:0:1:1 9:0:1:1 m] m[ 56:0:1:1 31:0:1:1 56:0:1:1 31:0:1:1 43:0:1:4 31:0:1:1 56:0:1:1 31:0:1:1 56:0:1:1 43:0:1:4 m] 
m[ 20:0:1:1 31:0:1:1 8:0:1:1 31:0:1:1 8:0:1:1 20:0:1:1 8:0:1:1 31:0:1:1 8:0:1:1 31:0:1:1 m] m[ 9:0:1:1 37:0:1:1 9:0:1:1 
37:0:1:1 24:0:1:1 37:0:1:1 9:0:1:1 37:0:1:1 9:0:1:1 24:0:1:1 m] m[ 9:0:1:1 3:0:1:1 9:0:1:1 3:0:1:1 12:0:1:1 3:0:1:1 9:0:1:1 
3:0:1:1 9:0:1:1 12:0:1:1 35:0:1:1 49:0:1:4 20:0:1:4 31:0:1:4 43:0:1:1 12:0:1:1 9:0:1:1 3:0:1:1 9:0:1:1 3:0:1:1 12:0:1:1 3:0:1:1 9:0:1:1 
3:0:1:1 9:0:1:1 43:0:1:1 31:0:1:4 20:0:1:4 49:0:1:4 35:0:1:1 m] m[ 13:0:1:4 28:0:1:4 50:0:1:4 28:0:1:4 50:0:1:4 13:0:1:4 50:0:1:4 
28:0:1:4 50:0:1:4 28:0:1:4 m] m[ 51:0:1:4 26:0:1:4 51:0:1:4 26:0:1:4 14:0:1:4 26:0:1:4 51:0:1:4 26:0:1:4 51:0:1:4 14:0:1:4 m] 
m[ 30:0:1:1 3:0:1:1 30:0:1:1 3:0:1:1 22:0:1:1 3:0:1:1 30:0:1:1 3:0:1:1 30:0:1:1 22:0:1:1 m] m[ 3:0:1:4 22:0:1:4 23:0:1:4 
22:0:1:4 23:0:1:4 3:0:1:4 23:0:1:4 22:0:1:4 23:0:1:4 22:0:1:4 m] m[ 16:0:1:4 57:0:1:4 16:0:1:4 57:0:1:4 35:0:1:4 57:0:1:4 16:0:1:4 
57:0:1:4 16:0:1:4 35:0:1:4 m] m[ 29:0:1:4 52:0:1:4 29:0:1:4 52:0:1:4 15:0:1:4 52:0:1:4 29:0:1:4 52:0:1:4 29:0:1:4 15:0:1:4 m] 
m[ 22:0:1:1 58:0:1:4 35:0:1:1 58:0:1:4 35:0:1:1 22:0:1:1 35:0:1:1 58:0:1:4 35:0:1:1 58:0:1:4 m] m[ 22:0:1:1 3:0:1:1 22:0:1:1 
3:0:1:1 23:0:1:1 3:0:1:1 22:0:1:1 3:0:1:1 22:0:1:1 23:0:1:1 39:0:1:1 57:0:1:4 16:0:1:4 15:0:1:4 52:0:1:4 23:0:1:1 22:0:1:1 3:0:1:1 22:0:1:1 
3:0:1:1 23:0:1:1 3:0:1:1 22:0:1:1 3:0:1:1 22:0:1:1 52:0:1:4 15:0:1:4 16:0:1:4 57:0:1:4 39:0:1:1 m] m[ 23:0:1:1 55:0:1:1 23:0:1:1 
55:0:1:1 59:0:1:1 55:0:1:1 23:0:1:1 55:0:1:1 23:0:1:1 59:0:1:1 m] m[ 23:0:1:1 10:0:1:1 23:0:1:1 10:0:1:1 8:0:1:1 10:0:1:1 23:0:1:1 
10:0:1:1 23:0:1:1 8:0:1:1 m] m[ 49:0:1:1 28:0:1:4 13:0:1:4 32:0:1:4 54:0:1:1 8:0:1:1 7:0:1:1 8:0:1:1 7:0:1:1 20:0:1:1 7:0:1:1 
8:0:1:1 7:0:1:1 8:0:1:1 20:0:1:1 54:0:1:1 32:0:1:4 13:0:1:4 28:0:1:4 49:0:1:1 20:0:1:1 8:0:1:1 7:0:1:1 8:0:1:1 7:0:1:1 20:0:1:1 7:0:1:1 
8:0:1:1 7:0:1:1 8:0:1:1 m] m[ 40:0:1:1 53:0:1:4 22:0:1:4 28:0:1:4 49:0:1:1 19:0:1:1 8:0:1:1 19:0:1:1 8:0:1:1 20:0:1:1 8:0:1:1 
19:0:1:1 8:0:1:1 19:0:1:1 20:0:1:1 49:0:1:1 28:0:1:4 22:0:1:4 53:0:1:4 40:0:1:1 20:0:1:1 19:0:1:1 8:0:1:1 19:0:1:1 8:0:1:1 20:0:1:1 8:0:1:1 
19:0:1:1 8:0:1:1 19:0:1:1 m] m[ 59:0:1:1 26:0:1:4 17:0:1:4 44:0:1:4 45:0:1:1 8:0:1:1 19:0:1:1 8:0:1:1 19:0:1:1 23:0:1:1 19:0:1:1 
8:0:1:1 19:0:1:1 8:0:1:1 23:0:1:1 45:0:1:1 44:0:1:4 17:0:1:4 26:0:1:4 59:0:1:1 23:0:1:1 8:0:1:1 19:0:1:1 8:0:1:1 19:0:1:1 23:0:1:1 19:0:1:1 
8:0:1:1 19:0:1:1 8:0:1:1 m] m[ 30:0:1:1 53:0:1:1 22:0:1:1 53:0:1:1 22:0:1:1 30:0:1:1 22:0:1:1 53:0:1:1 22:0:1:1 53:0:1:1 m] 
m[ 10:0:1:1 22:0:1:1 28:0:1:1 22:0:1:1 28:0:1:1 10:0:1:1 28:0:1:1 22:0:1:1 28:0:1:1 22:0:1:1 m] m[ 47:0:1:1 46:0:1:4 30:0:1:4 
53:0:1:4 33:0:1:1 8:0:1:1 10:0:1:1 8:0:1:1 10:0:1:1 18:0:1:1 10:0:1:1 8:0:1:1 10:0:1:1 8:0:1:1 18:0:1:1 33:0:1:1 53:0:1:4 30:0:1:4 46:0:1:4 
47:0:1:1 18:0:1:1 8:0:1:1 10:0:1:1 8:0:1:1 10:0:1:1 18:0:1:1 10:0:1:1 8:0:1:1 10:0:1:1 8:0:1:1 m] .
