MPUltimate v1.5 120-cell_Mirror(Z) 1199 0 1199
Puzzle 120-cell_Mirror(Z)
Dim 4
NAxis 1
Faces 3.236068,0,0,0
Group 0,4.472136,-7.236068,0/0,5.854102,-9.472136,8.09017 0,0,1,0/0,0,0,1 -0.618034,1.618034,1,0/0,0,0,1
Axis 3.236068,0,0,0
Twists 0,1,0,0/0,0,1,0/0,0,0,1
Cuts 0.95 -0.95
FixedMask 2
EndPuzzle
2 7560
00K10000O000O0U00000O0D100L00031410000I041H1Y00031O0T0T0000000C1Z041414100C100B0U0K0004100O070Z0T0Z0U030000000L000G2U041O0X1N010P1H11010P1Q11010P110P181811021A1I010A11060S01081Q0108010A1J010W0A1A11010W0Q01010Q0H0H1K01010M0K0W01081I010N0H0105210P1K0X1O220W1
20M120W120N020J120C021W1J1K16161C0C02070X020X011R04061C0R0402001J1U1010120J12191010120G0G0N0G06120E0D000R0C020C0M0M020E2913002303030E030B030E03030713080G011E011X0K0U030V030U1H0I11101V0V0303030303030P0J030D030703070F011H0D0O0F0E03030A011V0E0U13001K04070R040
404040D2404040J0404040L02140F0R021H240E04020402040A040E0404040I140H24040402040X040B040M1I1B040R040D270D270D270F040708150A0V0V0J0A0V0V0U15050X0505050X01130K0K050A0P0505030505050U1O0C050J011K050U050C0V0O050C0503011G0C01150P050A0506150G050A050J1G06080H0606060
60H0606060C1606060B0606060H060E2606060I0M060M030M0I06060606060906060H0M060M0609090606060D1Z0608080L060B080L06022C170D2S1D290D2S1D270F09020707070F0707081R0814070S190S1F03070K0F0715170F09070317070707070F070709081F0D0N0K17040704070K170U0204040808080804260B0R0
8080Q0E280808080808080A0A1S0B18080F1Q0Q0Q0Q0801080B080O08081808080Q08080B0A180X08042808060C1Q0N16080C070B0M0409090N1T07070T07090H270N0D19090H29090K0W1C1F1Z0T0O0T0905090U1D130C1C1C1C1D131T000905090G090D13151905170Q090606090809090006060N1A0A0Z1A0A0A0A050A0A0
A0A0A0A0A0A0A0A0J1Z1A0A0X0E0A0B0A010A020K061A0A0A0A0X0R0G0A0X010G0E2A0A0A0A0A0A0A0X050A050K0J0K0M1M19041M1B0G2E0G280G2E0G2U0G2U0G2B0G2B0B0B0G2K0G2I1I171B04141B030B000B071I1I1I1I1B0I1B0U0B030I1I1B030B07180X0B071B0B0B05040H1B0M140U0B0C0C0O0C0C0C0C030D0C0C0D0
J1C0D0W161C0C0P061J1C0C0C0O0C0C061F0C0J1C0C0F061C060C020F0R0O0Q1C0802060C051O0J0C0K0C0U1C0C050O0V050O0D0D0D0D0D0D0D0D0D0D0D0D0D0D0D0D0D0D0D0D0D0D0V0D0D050D0D0D0D0V050D0D0D0D0V0I1F0D0D070F011C0D0D0K0C0J1C07020D0204120A10120X0D161E0E0E0E0E0E0E0E0E0E0E0E0M1E0
M1W1E0E0E0E0M1H0E0E0E0E0G0E0G0G0G02101E0010101J1K010M1M1E001B0B080V0E030B02130H0E0H0300230B1B07130F0F0F0F0F0F0F0F0F0F0F0F0F0F0F0F0F0F0F0F0F0F021212020O0O0O0O0F0O0F0F0F0F02120D0F0D020D0I170707070O0O070C0F0213002F02111F0F0S171G0G0G0G0G0G0G0G0G0G0G0G0G0G0G0G0
G0G0G0G0G0G0G0G0G0G0E0G0G0B0E0J11130G0P011H0U0G0G0B0U000A0G0G090A080U0E2G0G021G0111141G061E041H0H0Y1L0J2J2H0J25252J2J2H0H0H030F1A1H0H0A1H0H0J0J2H0I0H052W05210A1J2H0603131L052H0H0A1A160H0H0B1I0D1H08030303052H031M0L0M060L0I010I0I0H0I0I0H0X1I0I0X1I0I0Q0K0I0I0
I0H1I0Q0I0I0I0H0I0I0I0X1I0J0I0I060L0I060I0I0J0Q0J0T0I060I030I0X1I060I0I01021I0Q1P1J0I051M0J0O2J050J050J052J0L0J0J0J081J0O2H1J0I0I081J081818181L0L0H052L0X0J0J0J0J0J040J0J0J0J0J0Z0J0J0J081L0Y1I0F150J0J04250H1J0Q0J0A0I0K0K0K0K0K0K0K0Y1G280H2E0U1J0K0J0K0K0T0X0
K0C0K0K0K0K0K0K0K000U0401111G261U0Z0K0G290K0K0K0E0K0E0B0E0E0W1301010A04111U010X1E0Z1W1L0L0H0L0J0J0L000L0L0J081L0L0L0M0L0L0L0Q1L0L0L0L0J040M0L060L0M0D0L050L050L050L0H0L0H0L0A1L0L0L0L081Z1L0C0L0L0L0L0L0L0H0U000J010M0M0M0M0M0M0M0M0M0M0M0M0M0M0M0M0M0M0M0M0M0M0
A1M0M010L0M0M0Y0L0A1M0M0M0M0A1S0M0M0M0M0M0M060M0M0Q1L060I050M0D030F0M0M0M0M030I0I0N0N0N0N0N0N0N0N0H2N0N070N0N0Q1Q1K1N0N0K1Q1L0N0N0N0N0N0N0N0K1N0N021N0N0N021A0N0O0N0H2O0N0N0N070Q1N090N0N0N0N0N0N0I0N0N0O0N0N0S1O0002222D240D2S1O000D240O000O000O0002222O000O0Q0
D2W0F0227022O0O0O0D2O0B0V0V0O0O0O0O0N0S0O0O0O002O06061U1O0Q0F021O0J1N021O0E001P0P0P0P0P0P0P0P0P0P0P0P0P0P0P0P0P0P0P0P0P0P0P0P0P0P0P0P0P0P0P0P0P0P0P0P0P0P0P0P0P0P0P0P050P0P050P050P0V030P0P011P030P0O0P0J0V0Q010Q0Q080Q08010Q0Q0Q0D2Q0Q0Q0D2Q1Q0Q1E0Q1I0Q0Q0B0B0
Q0O0Q0Q0O0Q0Q060Q0Q0Q060Q0Q0Q0O0Q050Q0Q0Q1Q12260Q0Q0Q0Q0Q0I0Q0I081Q110H0H1R0R0R0R0R0R0R0R0R0R0R0R0R0R0R0R0R0R0R0R0R0R041R000R0R0R0R0R04120R0R0R0R04100R0R0R0R0R0R040R0R0714040409020R02041D0V0X0X0R0C040S0S0S0S0S0S0S0S0S0S0S0S0S0S0S0S0S0S0S0S0S0S0S0S0S0S0S0S0
S0S0S0S0S0S0S0S0S0S0S0S0S0S0S0S0S0S0S0S0S0S0S0S010S0S0J0S0N0S0Y1S0O2B0T0T0T0T0T0T0T0T0T0T0T0T0W120W120T0T0T0T0W121T0T0T0T0T0T0T0T0T0T0X020X020X0D0T0T0K01011T090W190W1D1D1T0T000004141T0K1T0K190D100U0U0U0U0E2U0U0U0B0U0U0U0U0U0U0J1U0U0U000U0H0U0A0U0A0U0B0B080
41G2U001U0U011U0U0U0U0B0U040U0U0A011B05011U0U0U00041001100U00090Y0V0V0V0V0V0V0V0V0V0V0V0V091V0V091V0V0J1J1V0V0M1D0V0V0V0V0Q0Q0V040V0V0V0V0M1V0D0V0E080D0R0V0H0V0E0V0I030E050505050J08050J0505050W0W0W0W0W0W0W0W0W0W0W0W0W0W0W0W0W0W0W0W0W0W0W0W0W0W0W0W0W0W0W0W0
W0W0W0W0W0W0W0W0W0W0W0W0W0W0W0W0W0W0W0W010W0W010W0P1W0Q0W0A180X0X0X0X0X0X0X0X0X0X0X0X0X0X0X0X0X0X0X0X0X0X0X0X0X0X0A0X0X0C0A050D1X0X0D1D1X0T0X0X0G2D100X0X0X0X0A0Z1T0112020X020D100T0D120Z1T0Y0Y0Y0Y0Y0Y0Y0Y0Y0Y0Y0Y0Y0Y0Y0Y0Y0Y0Y0Y0Y0Y0Y0Y0Y0Y0Y0Y0Y0Y0Y0Y0Y0Y0
Y0Y0Y0Y0Y0Y0Y0Y0Y0Y0Y0Y0Y0Y0Y0Y0Y0Y000Y0Y0T0Y0T0Y0L0Y031O0Z0Z0Z0Z0Z0Z0Z0Z0Z0Z0Z0Z0Z0Z0Z0Z0Z0Z0Z0Z0Z0Z0Z0Z0Z0Z090Z0Z0J0Z060Z0Z0Z0Z0Z0Z0Z0Z0Z0Z0Z0Z0Z0Z0Z0Z0Z090Z0Z000Z0Z0Y0Z041Z0U0Z0I1B00101E001010101E00101010101010101010101E001010101010101010101I12101010101
010101010101R02001010170U001R06101D0X0I1206001R020J0B011111111111111111111111111111111M1M1M1M1M1M111111111K010M1M1K010111111111111G0G0G0U0G0G05050M1M1V0M111D130J111J1H0J1G0G0A0E0Z02121212121212121212121212121212121212121212121212121F0F021I1F0F0212121212121
N02121O0N0I040212140R0F040O02020F0F020N1612090V0F03131313131313131313131310231313131313141313131313131313131D2H0F15131315131313131313131713190313131313102313131800050313131M03141004100414141U0414141K1R0R04100W121W121T0T04141410041B041W14141414141W141D04141
E041414141204120U04141G0414141Y04141T0704100T0515151515151515151515151515151515151515151515151515151515151515131515131515170515170513151515151515151705151515151E051115151F061616161616161616161616161616161616161616161D190D19061616161D19061616161D1D1C061O0O0
C0C0616161616161C00020D121D1R0D1M1M1W1W1W17171717171717171717171717171717171717171717171717171B071717071317171717171717171717171717171717171Z07171307171B071P071N071E011811081A1811081A1J010J01081Q0J080Q1Q1Q0A1Q1Q1818181818181Q1Q081818181L0L081818150815081L0
8181Q1Q170D07090818181818181818181J08191919191919191919191919191919191919191919191V09191D09191919191V09191919191919191919191919191919191919191919191V091009191919191A1A1X110A1A1A1B1A1A1A1A1A1A1A1A1A1A181A1A1A1M0A1A1A1A1B0A1818080A1A1A1A1M0D0A1A1A1A1A1A1H030
H030H0H0H03010811081K0K0A1X1A1Q0A1B1B1B1B1B1B1B1B1B1B1B1B1B1B1B1B1B1B1B1B1B1B1B1B1B1B1B1B1B1B1B1B1B1B1B1B1B1B180B1B1Z0B1Q0B1B1B1B1B1B1B142B1B1B1B1B1B1B1Q0B1B1A1C1C1C1C1C1C1C1C1C1C1C1C1C1C1C1C1C1C1C1C1C1C1C1C1C1C1C1C1C1C1C1C1C1C1C1C1C1C19090C18090D1C1C1C1C1
C1C190G0C1C1C1C1C1C17070C1C170D1D1X0D1D1D1D1P09090909061616161D1D1X0P0J101D1T0D121D1D0D1D0D1T0D1D19090D1D1D1906161D190D120J1R0D1F0D1O0D1D1D1P0D1D1D1D1D180D1E1E1E1E1E1E1E1E1E1E1E1E1E1E1E1E1E1E1E1E1E1E1E1E1E1E1E1E1E1E1E1E1E1E1E1E1E1E1E1E1E1E1E1E1E1E1E1E1E1E1
E1E1E1E1E1E1E1E1E1E1E1E1E1F1F1F1F1F1F1F1F1F1F1F1F1F1F1F1F1F1F1F1F1F1F1F1F1F1F1F1F1F1F1F1F1F1F1F1F1F1F1F1F1F1F1F1F1H0F1F1J2F1F1F1J2F1F1F1F1F1F1F1F1F1B0A1G1G1G1G1G1G1G1G1G1G1G1G1G1G1G1G1G1G1G1G1G1G1G1G1G1G1G1G1G1G1G1G1G1G1G1G1G1G1G1G1G1G1G1G1G1G1G1G1G1G1G1G1
G1G1G1G1G1G1G1G1G1G1G1H1H1H1H1H1H1H1H1H1H1H1H1H1H1H1H1H1H1H1H1H1H1H1H1H1H1H1H1H1H1H1H1H1H1H1H1H1H1H1H1H1H1H1H1J0H1H1N1H1L0H12010H1H1W0H180H1S0H1J081I1I1I1I1I1I1I1I1I1I1I1I1M1M1V040I1I1I1I1I191N1I1M1M1I1I101X0I101I1I1I1I111I1B080M1A0B080I1I1I150I1U1B0T0I1H0
I1I1I111B0B0I1I1P0J1J1J1J1J1J1J1W1C0J1J1D0J1J1J161J1J1J121J1J1J1J13051J1J1J1J1J1J1J1D1J1D161J1J1J1J1J1J1V0J1J1J1H0A0J1V0V0J120J101206121J1W1J1J1K1K1K1K1K1K1K1K1K1K1K1K1K1K1K1K1K1K1K1K1K1K1K1K1K1K1K1K1K1K1K1K1K1K1K1K1K1K1N0K1K1N0K1N0K1K1K1K1K1K1K1N000K1K1M0
K141K1N0K1T0J0L1L1L1L1L1L1L1L1L1L1L1L1L1L1L1L1L1L1L1L1L1L1L1L1L1L1L1L1L1L1L1L1L1L1L1L1L1L1L1L1L1L1L1L1L1L1L1L1L1L1L1L1L1L1L1L1L1L1L1L1L1L1L1M1M1M1M1M1M1M1M1M1M1M1M1M1M1M1M1M1M1M1M1M1M1V0M1A0N1E0M1K040V070I1U0I1U0I1U01150K0V0I1I1M1M1M1M1E0101110M161W1M1I1I1
11I1M1M120N1N1N1N1N1N1N1N1N1N1N1N1I1N1N111N1N1N1N1N1N1N1N1N1N1N1N1N1N1N1N1N1N1N1N1N1N190N1N1N1N1O2N1N1N120N1N1N1N1N1N1N1N1N1N1N190N1N1M0O1O1O1O1O1O1O1O1O1O1O1O1O1O1O1O1O1O1O1O1O1O1O1O1O1O1O1O1O1O1O1O1O1O1O1O1O1O1O1O1O1O1O1O1O1O1O1O1O1O1O1O1O1O1O1O1O1O1O1O1
O1O1O1P1P1P1P1P1P1P1P1P1P1P1P1P1P1P1P1P1P1P1P1P1P1P1P1P1P1P1P1P1P1P1P1P1P1P1P1P1P1P1P1P1P1P1P1P1P1P1P1P1P1P1P110P110K0A1I0P1H01010H1Q1Q1Q1Q1Q1Q1Q1Q1Q1Q1Q1Q1Q1Q1Q1Q1Q1Q1Q1Q1Q1Q1Q1Q1Q1Q1Q1Q1Q1Q1N07081818181A142Q0Q0Q1608181Q1Q1Q1Q1N0N0I0Q1Q1Q1Q141K0Q0K0K0Q1E0
10R1R1R1R1R1R1R1R1R1R1R1R1R1R1R1R1R1R1R1R1R1R1R1R1R1R1R1R1R1R1R1R1R1R1R1R1R1R1R1R1R1R1R1R1R1R1R1R1R1R1R1R1R1R1R1R1R1R1R1R1R1R1R1S1S1S1S1S1S1S1S1S1S1S1S1S1S1S1S1S1S1S1S1S1S1S1S1S1S1S1S1S1S1S1S1S1S1S1S1S1S1S1S1S1S1S1S1S1S1S1S1S1S1S1S170S1S1Q17030909040S140T1
T1T1T1T1T1T1T1T1T1T1T1T1T1T1T1T1T1T1T1T1T1T1T1T1T1T1T1T1T1T1T1T1T1T1T1T1T1T1T1T1T1T1T1T1T1T1T1T1T1T1T1T1T1T1T1T1T1T1T1T1T1T1U1U1U1U1U1U1U1U1U1U1U1U1U1U1U1U1U1U1U1U1U1U1U1U1U1U1K0U1U101U102U1U1U1U1U1U1U1U1U1U1U1U1U1U1U1U1U1G2U1U150U1U1I0U1C0U1D1U1A0D1V1V1V1
V1V1V1V1V1V1V1V1V1V1V1V1V1V1V1V1V1V1V1V1V1V1V1V1V1V1V1V1V1V1V1V1V1V1V1V1V1V1V1V1V1V1V1V1V1V1V1V1V1V1V1V1V1V1V1V1V1V1V1V1W1W1W1W1W1W1W1W1W1W1W1W1W1W1W1W1W1W1W1W1W1W141W1W1G0T090T090R090W1W1W1W141G0W1W1W1W1W1W1W1W1W1W1T0T0W1W12000T0R02000202020T020X1X1X1X1X1
X1X1X1X1X1X1X1X1X1X1X1X1X1X1X1X1X1X1X1X1X1X1X1X1X1X1X1A1X1X1L0X1X1X1X1X1X1X1X1I0X1X1I0X1I0X1I0X1X1X1X1X1K0X1K0X1I0P1Y1Y1Y1Y1Y1Y1Y1Y1Y1Y1Y1Y1Y1Y1Y1Y1Y1Y1Y1Y1Y1Y1Y1Y1Y1Y1Y1Y1Y1Y1Y1Y1Y1Y1Y1Y1Y1Y1H0Y1Y1I0Y110Y1Y1Y1Y1Y1Y1Y1J2Y1Y1Y1Y1Y1Y1Y1Y1Y1Y1Y1Z1Z1Z1Z1Z1Z1Z1
Z1Z1Z1Z1Z1Z1Z1Z1Z1Z1Z1Z1Z1Z1Z1Z1Z1Z1Z1Z1Z1Z1Z1Z1Z1Z1Z1Z1Z1Z1Z1Z1Z1Z1Z1Z1Z1A0Z1Z1X0Z1A0Z1A0Z1Z1Z1J0Z1Z1Z1Z1Z1Z1A002020202020202020202020202020202020202020202310202D10202020202D00202020202900202020202020202020202020202300202020202020202E0K0121212121212121212
1212121212121212121212121212121212121212121212121212121212121212121212121212121212121212121212121212121212122222222222222222222222222222222222222222222222222222222222222222222222222222O0F0O0F0O070222222222222C0C022222222222200002222C03232323232323232323232
3232323232323232323232323232323232323232323232323232323232323232323232323232323232323232323232323232323242424242424242424242424242424242424242424242424242424242424242424242424242424242424242424242424242424242804242B142B1428042428052525252525252525252525252
52525252525252525252525252H0L0A1L0H0J052525252525252525252525252525252H01052525252H0H05252525252H052626262626262626262626262626262626262626262626262626262626262626262626262626262626262626262626262626262626262626262626262626262727272727272727272727272727272
7272727272727272727272727272727272727272727272727272727272727272727272727272727272727272727272728282828282828282828282828282828282828282828282828282828282828282828282828282828282828282828282828282828282828282828282828282829292929292929292929292929292929292
92929292929292929292929292929292929292929292929292929292929292929292929292929292929292929292A2A2A2A2A2A2A2A2A2A2A2A2A2A2A2A2A2A2A2A2A2A2A2A2A2A2A2A2A2A2A2A2A2A2A2A2A2A2A2A2A2A2A2A2A2A2A2A2A2A2A2A2A2A2A2A2A2A2A2A2A2A2A2B2B2B2B2B2B2B2B2B2B2B2B2B2B2B2B2B2B2B2
B2B2B2B2B2B2B2B2B2B2B2B2B2B2B2B2B2B2B2B2B2B2B2B2B2B2B2B2B2B2B2B2B2B2B2B2B2B2B2B2B2B2B2B2C2C2C2C2C2C2C2C2C2C2C2C2C2C2C2C2C2C2C2C2C2C2C2C2C2C2C2C2C2C2C2C2C2C2C2C2C2C2C2C2C2C2C2C2C2C2C2C2C2C2C2C2C2C2C2C2C2C2C2C2C2C2C2D2D2D2D2D2D2D2D2D2D2D2D2D2D2D2D2D2D2D2D2D2
D2D2D2D2D2D2D2D2D2D2D2D2D2D2D2D2D2D2D2D2D2D2D2C0C0C0C0C0C0222240D240H1D251S140C0C022E2E2E2E2E2E2E2E2E2E2E2E2E2E2E2E2E2E2E2E2E2E2E2E2E2E2E2E2E2E2E2E2E2E2E2E2E2E2G0E2E2A0E211E2E2E2E2E2E2E2D2E2E2E2E2E2E2E2E2E2Q080F2F2F2F2F2F2F2F2F2F2F2F2F2F2F2F2F2F2F2F2F2F2F2
F2F2F2F2F2F2F2F2F2F2F2F2F2F2F2F2F2F2F2F2F2F2F2F2F2F2F2F2F2F2F2F2F2F2F2F2F2F2F2F2G2G2G2G2G2G2G2G2G2G2G2G2G2G2G2G2G2G2G2G2G2G2G2G2G2G2G2G2G2G2G2G2G2G2G2G2G2G2G2G2G2G2G2G2K030K030G2Y0K030B0B0U0U0B0B0E0K0K0U0K0H2H2H2H2H2H2H2H2H2H2H2H2H2H2H2H2H2H2H2H2H2H2H2H2H2
H2N0H2H240H2O0H2H2H2H2H2H2H2H2H2H2H2H2H2H2H2H2G2G2H2H2H2H290I0H2H2H2H2H2H2H2I2I2I2I2I2I2I2I2I2I2I2I2I2I2I2I2I2I2I2I2I2I2I2I2I2I2I2I2I2I2I2I2I2I2I2I2I2I2I2I2I2I2I2I2I2I2I2I2I2I2I2I2I2I2I2I2I2I2I2I2I2I2I2J2J2J2J2J2J2J2J2J2J2J2J2J2J2J2J2J2J2J2J2J2J2J2J2J2J2J2
J2J2J2J2J2J2J2J2J2J2J2J2J2J2J2J2J2J2J2J2J2J2J2J2J2H0H0J26010105252H060X1K2K2K2K2K2K2K2K2K2K2K2K2K2K2K2K2K2K2K2K2K2K2K2K2K2K2K2K2K2K2K2K2K2K2K2K2K2K2K2K2K2K2K2K2K2K2K2K2K2K2K2K2K2K2K2K2K2K2K2K2K2K2K2L2L2L2L2L2L2L2L2L2L2L2L2L2L2L2L2L2L2L2L2L2L2L2L2L2L2L2L2L2
L2L2L2L2L2L2L2L2L2L2L2L2L2L2L2L2L2L2L2L2L2L2L2L2L2L2L2L2L2L2L2L2L2L2M2M2M2M2M2M2M2M2M2M2M2M2M2M2M2M2M2M2M2M2M2M2M2M2M2M2M2M2M2M2M2M2M2M2M2M2M2M2M2M2M2M2M2M2M2M2M2M2M2M2M2M2M2M2M2M2M2M2M2M2M2M2M2N2N2N2N2N2N2N2N2N2N2N2N2N2N2N2N2N2N2N2N2N2N2N2N2N2N2N2N2N2N2N2
N2N2N2N2N2N2N2N2N2N2N2N2N2N2N2N2N2N2N2N2N2N2N2N2N2N2N2N2N2N2N2N2O2O2O2O2O2O2O2O2O2O2O2O2O2O2O2O2O2O2O2O2O2O2O2O2O2O2O2O2O2O2O2O2O2O2O2O2O2O2O2O2O2O2O2O2O2O2O2O2O2O2O2O2J0O2O281O2S0O2P1O2L0O2P2P2P2P2P2P2P2P2P2P2P2P2P2P2P2P2P2P2P2P2P2P2P2P2P2P2P2P2P2P2P2P2P2
P2P2P2P2P2P2P2P2P2P2P2P2P2P2P2P2P2P2P2P2P2P2P2P2P2P2P2P2P2P2Q2Q2Q2Q2Q2Q2Q2Q2Q2Q2Q2Q2Q2Q2Q2Q2Q2Q2Q2Q2Q2Q2Q2Q2Q2Q2Q2Q2Q2Q2Q2Q2Q2Q2Q2Q2Q2Q2Q2Q2Q2Q2Q2Q2Q2Q2Q2Q2Q2Q2Q2Q2Q2Q2Q2Q2Q2Q2Q2Q2Q2Q2Q2R2R2R2R2R2R2R2R2R2R2R2R2R2R2R2R2R2R2R2R2R2R2R2R2R2R2R2R2R2R2R2R2R2R2R2
R2R2R2R2R2R2R2R2R2R2R2R2R2R2R2R2R2R2R2R2R2R2R2R2R2R2R2R2S2S2S2S2S2S2S2S2S2S2S2S2S2S2S2S2S2S2S2S2S2S2S2S2S2S2S2S2S2S2S2S2S2S2S2S2S2S2S2S2S2S2S2S2S2S2S2S2S2S2S2S2S2S2S2S2S2S2S2S2S2S2S2T2T2T2T2T2T2T2T2T2T2T2T2T2T2T2T2T2T2T2T2T2T2T2T2T2T2T2T2T2T2T2T2T2T2T2T2T2
T2T2T2T2T2T2T2T2T2T2T2T2T2T2T2T2T2T2T2T2T2T2T2T2T2T2U2U2U2U2U2U2U2U2U2U2U2U2U2U2U2U2U2U2U2U2U2U2U2U2U2U2U2U2U2U2U2U2U2U2U2U2U2U2U2U2U2U2U2U2U2U2U2U2U2U2U2U2U2U2U2U2U2U2U2U2U2U2U2V2V2V2V2V2V2V2V2V2V2V2V2V2V2V2V2V2V2V2V2V2V2V2V2V2V2V2V2V2V2V2V2V2V2V2V2V2V2V2
V2V2V2V2V2V2V2V2V2V2V2V2V2V2V2V2V2V2V2V2V2V2V2V2W2W2W2W2W2W2W2W2W2W2W2W2W2W2W2W2W2W2W2W2W2W2W2W2W2W2W2W2W2W2W2W2W2W2W2W2W2W2W2W2W2W2W2W2W2W2W2W2W2W2W2W2W2W2W2W2W2W2W2W2W2W2W2X2X2X2X2X2X2X2X2X2X2X2X2X2X2X2X2X2X2X2X2X2X2X2X2X2X2X2X2X2X2X2X2X2X2X2X2X2X2X2X2X2
X2X2X2X2X2X2X2X2X2X2X2X2X2X2X2X2X2X2X2X2X2X2Y2Y2Y2Y2Y2Y2Y2Y2Y2Y2Y2Y2Y2Y2Y2Y2Y2Y2Y2Y2Y2Y2Y2Y2Y2Y2Y2Y2Y2Y2Y2Y2Y2Y2Y2Y2Y2Y2Y2Y2Y2Y2Y2Y2Y2Y2Y2Y2Y2Y2Y2Y2Y2Y2Y2Y2Y2Y2Y2Y2Y2Y2Y2Z2Z2Z2Z2Z2Z2Z2Z2Z2Z2Z2Z2Z2Z2Z2Z2Z2Z2Z2Z2Z2Z2Z2Z2Z2Z2Z2Z2Z2Z2Z2Z2Z2Z2Z2Z2Z2Z2Z2Z2Z2Z2Z2
Z2Z2Z2Z2Z2Z2Z2Z2Z2Z2Z2Z2Z2Z2Z2Z2Z2Z2Z2Z2030303030303030303030303030303030303030303030303030303030303030303030303030303030303030303030303030303030303030303030303030303131313131313131313131313131313131313131313131313131313131313131313131313131313131313131313
1313131313131313131313131313131313132323232323232323232323232323232323232323232323232323232323232323232323232323232323232323232323232323232323232323232323232323233333333333333333333333333333333333333333333333333333333333333333333333333333333333333333333333
3333333333333333333333333333333343434343434343434343434343434343434343434343434343434343434343434343434343434343434343434343434343434343434343434343434343434353535353535353535353535353535353535353535353535353535353535353535353535353535353535353535353535353
5353535353535353535353535353636363636363636363636363636363636363636363636363636363636363636363636363636363636363636363636363636363636363636363636363636363737373737373737373737373737373737373737373737373737373737373737373737373737373737373737373737373737373
7373737373737373737373738383838383838383838383838383838383838383838383838383838383838383838383838383838383838383838383838383838383838383838383838383839393939393939393939393939393939393939393939393939393939393939393939393939393939393939393939393939393939393
93939393939393939393A3A3A3A3A3A3A3A3A3A3A3A3A3A3A3A3A3A3A3A3A3A3A3A3A3A3A3A3A3A3A3A3A3A3A3A3A3A3A3A3A3A3A3A3A3A3A3A3A3A3A3A3A3A3A3A3A3A3A3A3A3A3A3B3B3B3B3B3B3B3B3B3B3B3B3B3B3B3B3B3B3B3B3B3B3B3B3B3B3B3B3B3B3B3B3B3B3B3B3B3B3B3B3B3B3B3B3B3B3B3B3B3B3B3B3B3B3B3
B3B3B3B3B3B3B3B3
#timer 4999
#CRC 15955948252397271129
*
m| m[ 2:0:1:1 0:0:1:1 9:0:1:1 24:0:1:1 7:0:1:1 5:0:1:1 11:0:1:1 6:0:1:1 21:0:1:1 26:0:1:1 44:0:1:1 4:0:1:1 12:0:1:1 40:0:1:1 49:0:1:1 
30:0:1:1 18:0:1:1 36:0:1:1 55:0:1:1 30:0:1:1 59:0:1:1 30:0:1:1 59:0:1:1 55:0:1:1 59:0:1:1 30:0:1:1 59:0:1:1 30:0:1:1 55:0:1:1 30:0:1:1 55:0:1:1 
23:0:1:1 55:0:1:1 23:0:1:1 30:0:1:1 23:0:1:1 55:0:1:1 23:0:1:1 55:0:1:1 30:0:1:1 51:0:1:4 30:0:1:1 51:0:1:4 55:0:1:1 51:0:1:4 30:0:1:1 51:0:1:4 
30:0:1:1 55:0:1:1 30:0:1:1 46:0:1:1 30:0:1:1 46:0:1:1 55:0:1:1 46:0:1:1 30:0:1:1 46:0:1:1 30:0:1:1 55:0:1:1 30:0:1:1 55:0:1:1 19:0:1:1 55:0:1:1 
19:0:1:1 30:0:1:1 19:0:1:1 55:0:1:1 19:0:1:1 55:0:1:1 3:0:1:1 30:0:1:1 9:0:1:1 30:0:1:1 9:0:1:1 3:0:1:1 9:0:1:1 30:0:1:1 9:0:1:1 30:0:1:1 
3:0:1:1 22:0:1:1 3:0:1:1 22:0:1:1 30:0:1:1 22:0:1:1 3:0:1:1 22:0:1:1 3:0:1:1 30:0:1:1 3:0:1:1 23:0:1:1 3:0:1:1 23:0:1:1 30:0:1:1 23:0:1:1 
3:0:1:1 23:0:1:1 3:0:1:1 30:0:1:1 3:0:1:1 30:0:1:1 19:0:1:1 30:0:1:1 19:0:1:1 3:0:1:1 19:0:1:1 30:0:1:1 19:0:1:1 30:0:1:1 39:0:1:1 23:0:1:1 
39:0:1:1 23:0:1:1 55:0:1:1 23:0:1:1 39:0:1:1 23:0:1:1 39:0:1:1 55:0:1:1 39:0:1:1 52:0:1:4 39:0:1:1 52:0:1:4 55:0:1:1 52:0:1:4 39:0:1:1 52:0:1:4 
39:0:1:1 55:0:1:1 39:0:1:1 55:0:1:1 54:0:1:1 55:0:1:1 54:0:1:1 39:0:1:1 54:0:1:1 55:0:1:1 54:0:1:1 55:0:1:1 19:0:1:1 39:0:1:1 19:0:1:1 39:0:1:1 
55:0:1:1 39:0:1:1 19:0:1:1 39:0:1:1 19:0:1:1 55:0:1:1 8:0:1:1 36:0:1:1 18:0:1:1 36:0:1:1 18:0:1:1 8:0:1:1 18:0:1:1 36:0:1:1 18:0:1:1 36:0:1:1 
8:0:1:1 23:0:1:1 8:0:1:1 23:0:1:1 36:0:1:1 23:0:1:1 8:0:1:1 23:0:1:1 8:0:1:1 36:0:1:1 8:0:1:1 36:0:1:1 10:0:1:1 36:0:1:1 10:0:1:1 8:0:1:1 
10:0:1:1 36:0:1:1 10:0:1:1 36:0:1:1 8:0:1:1 39:0:1:1 8:0:1:1 39:0:1:1 36:0:1:1 39:0:1:1 8:0:1:1 39:0:1:1 8:0:1:1 36:0:1:1 8:0:1:1 36:0:1:1 
31:0:1:1 36:0:1:1 31:0:1:1 8:0:1:1 31:0:1:1 36:0:1:1 31:0:1:1 36:0:1:1 19:0:1:1 55:0:1:1 23:0:1:1 55:0:1:1 23:0:1:1 19:0:1:1 23:0:1:1 55:0:1:1 
23:0:1:1 55:0:1:1 19:0:1:1 46:0:1:1 19:0:1:1 46:0:1:1 55:0:1:1 46:0:1:1 19:0:1:1 46:0:1:1 19:0:1:1 55:0:1:1 19:0:1:1 54:0:1:1 19:0:1:1 54:0:1:1 
55:0:1:1 54:0:1:1 19:0:1:1 54:0:1:1 19:0:1:1 55:0:1:1 7:0:1:1 18:0:1:1 14:0:1:1 18:0:1:1 14:0:1:1 7:0:1:1 14:0:1:1 18:0:1:1 14:0:1:1 18:0:1:1 
7:0:1:1 0:0:1:1 7:0:1:1 0:0:1:1 18:0:1:1 0:0:1:1 7:0:1:1 0:0:1:1 7:0:1:1 18:0:1:1 7:0:1:1 18:0:1:1 33:0:1:1 18:0:1:1 33:0:1:1 7:0:1:1 
33:0:1:1 18:0:1:1 33:0:1:1 18:0:1:1 7:0:1:1 8:0:1:1 7:0:1:1 8:0:1:1 18:0:1:1 8:0:1:1 7:0:1:1 8:0:1:1 7:0:1:1 18:0:1:1 7:0:1:1 18:0:1:1 
31:0:1:1 18:0:1:1 31:0:1:1 7:0:1:1 31:0:1:1 18:0:1:1 31:0:1:1 18:0:1:1 39:0:1:1 23:0:1:1 39:0:1:1 23:0:1:1 36:0:1:1 23:0:1:1 39:0:1:1 23:0:1:1 
39:0:1:1 36:0:1:1 36:0:1:1 31:0:1:1 36:0:1:1 31:0:1:1 39:0:1:1 31:0:1:1 36:0:1:1 31:0:1:1 36:0:1:1 39:0:1:1 36:0:1:1 10:0:1:1 41:0:1:1 10:0:1:1 
41:0:1:1 36:0:1:1 41:0:1:1 10:0:1:1 41:0:1:1 10:0:1:1 1:0:1:1 16:0:1:1 1:0:1:1 16:0:1:1 4:0:1:1 16:0:1:1 1:0:1:1 16:0:1:1 1:0:1:1 4:0:1:1 
1:0:1:1 4:0:1:1 0:0:1:1 4:0:1:1 0:0:1:1 1:0:1:1 0:0:1:1 4:0:1:1 0:0:1:1 4:0:1:1 1:0:1:1 6:0:1:1 1:0:1:1 6:0:1:1 4:0:1:1 6:0:1:1 
1:0:1:1 6:0:1:1 1:0:1:1 4:0:1:1 1:0:1:1 4:0:1:1 3:0:1:1 4:0:1:1 3:0:1:1 1:0:1:1 3:0:1:1 4:0:1:1 3:0:1:1 4:0:1:1 4:0:1:1 12:0:1:1 
1:0:1:1 12:0:1:1 1:0:1:1 4:0:1:1 1:0:1:1 12:0:1:1 1:0:1:1 12:0:1:1 5:0:1:1 14:0:1:1 5:0:1:1 14:0:1:1 6:0:1:1 14:0:1:1 5:0:1:1 14:0:1:1 
5:0:1:1 6:0:1:1 5:0:1:1 6:0:1:1 0:0:1:1 6:0:1:1 0:0:1:1 5:0:1:1 0:0:1:1 6:0:1:1 0:0:1:1 6:0:1:1 5:0:1:1 27:0:1:1 5:0:1:1 27:0:1:1 
6:0:1:1 27:0:1:1 5:0:1:1 27:0:1:1 5:0:1:1 6:0:1:1 5:0:1:1 6:0:1:1 1:0:1:1 6:0:1:1 1:0:1:1 5:0:1:1 1:0:1:1 6:0:1:1 1:0:1:1 6:0:1:1 
5:0:1:1 15:0:1:1 5:0:1:1 15:0:1:1 6:0:1:1 15:0:1:1 5:0:1:1 15:0:1:1 5:0:1:1 6:0:1:1 4:0:1:1 3:0:1:1 0:0:1:1 3:0:1:1 0:0:1:1 4:0:1:1 
0:0:1:1 3:0:1:1 0:0:1:1 3:0:1:1 36:0:1:1 4:0:1:1 3:0:1:1 4:0:1:1 3:0:1:1 10:0:1:1 3:0:1:1 4:0:1:1 3:0:1:1 4:0:1:1 10:0:1:1 36:0:1:1 
4:0:1:1 12:0:1:1 3:0:1:1 12:0:1:1 3:0:1:1 4:0:1:1 3:0:1:1 12:0:1:1 3:0:1:1 12:0:1:1 1:0:1:1 16:0:1:1 1:0:1:1 16:0:1:1 6:0:1:1 16:0:1:1 
1:0:1:1 16:0:1:1 1:0:1:1 6:0:1:1 6:0:1:1 1:0:1:1 4:0:1:1 1:0:1:1 4:0:1:1 6:0:1:1 4:0:1:1 1:0:1:1 4:0:1:1 1:0:1:1 1:0:1:1 6:0:1:1 
0:0:1:1 6:0:1:1 0:0:1:1 1:0:1:1 0:0:1:1 6:0:1:1 0:0:1:1 6:0:1:1 1:0:1:1 15:0:1:1 1:0:1:1 15:0:1:1 6:0:1:1 15:0:1:1 1:0:1:1 15:0:1:1 
1:0:1:1 6:0:1:1 8:0:1:1 10:0:1:1 8:0:1:1 10:0:1:1 18:0:1:1 10:0:1:1 8:0:1:1 10:0:1:1 8:0:1:1 18:0:1:1 0:0:1:1 8:0:1:1 0:0:1:1 8:0:1:1 
18:0:1:1 8:0:1:1 0:0:1:1 8:0:1:1 0:0:1:1 18:0:1:1 8:0:1:1 31:0:1:1 8:0:1:1 31:0:1:1 18:0:1:1 31:0:1:1 8:0:1:1 31:0:1:1 8:0:1:1 18:0:1:1 
19:0:1:1 18:0:1:1 8:0:1:1 36:0:1:1 8:0:1:1 36:0:1:1 18:0:1:1 36:0:1:1 8:0:1:1 36:0:1:1 8:0:1:1 19:0:1:1 0:0:1:1 13:0:1:1 0:0:1:1 13:0:1:1 
18:0:1:1 13:0:1:1 0:0:1:1 13:0:1:1 0:0:1:1 18:0:1:1 0:0:1:1 18:0:1:1 14:0:1:1 18:0:1:1 14:0:1:1 0:0:1:1 14:0:1:1 18:0:1:1 14:0:1:1 18:0:1:1 
0:0:1:1 10:0:1:1 0:0:1:1 10:0:1:1 18:0:1:1 10:0:1:1 0:0:1:1 10:0:1:1 0:0:1:1 18:0:1:1 23:0:1:1 45:0:1:1 23:0:1:1 45:0:1:1 36:0:1:1 45:0:1:1 
23:0:1:1 45:0:1:1 23:0:1:1 36:0:1:1 23:0:1:1 10:0:1:1 23:0:1:1 10:0:1:1 36:0:1:1 10:0:1:1 23:0:1:1 10:0:1:1 23:0:1:1 36:0:1:1 31:0:1:1 36:0:1:1 
48:0:1:4 36:0:1:1 48:0:1:4 31:0:1:1 48:0:1:4 36:0:1:1 48:0:1:4 36:0:1:1 31:0:1:1 18:0:1:1 31:0:1:1 18:0:1:1 36:0:1:1 18:0:1:1 31:0:1:1 18:0:1:1 
31:0:1:1 36:0:1:1 19:0:1:1 30:0:1:1 19:0:1:1 30:0:1:1 23:0:1:1 30:0:1:1 19:0:1:1 30:0:1:1 19:0:1:1 23:0:1:1 0:0:1:1 4:0:1:1 10:0:1:1 4:0:1:1 
10:0:1:1 0:0:1:1 10:0:1:1 4:0:1:1 10:0:1:1 4:0:1:1 0:0:1:1 13:0:1:1 0:0:1:1 13:0:1:1 4:0:1:1 13:0:1:1 0:0:1:1 13:0:1:1 0:0:1:1 4:0:1:1 
0:0:1:1 6:0:1:1 0:0:1:1 6:0:1:1 4:0:1:1 6:0:1:1 0:0:1:1 6:0:1:1 0:0:1:1 4:0:1:1 9:0:1:1 1:0:1:1 9:0:1:1 1:0:1:1 12:0:1:1 1:0:1:1 
9:0:1:1 1:0:1:1 9:0:1:1 12:0:1:1 9:0:1:1 12:0:1:1 3:0:1:1 12:0:1:1 3:0:1:1 9:0:1:1 3:0:1:1 12:0:1:1 3:0:1:1 12:0:1:1 9:0:1:1 12:0:1:1 
30:0:1:1 12:0:1:1 30:0:1:1 9:0:1:1 30:0:1:1 12:0:1:1 30:0:1:1 12:0:1:1 9:0:1:1 21:0:1:1 9:0:1:1 21:0:1:1 12:0:1:1 21:0:1:1 9:0:1:1 21:0:1:1 
9:0:1:1 12:0:1:1 0:0:1:1 6:0:1:1 13:0:1:1 6:0:1:1 13:0:1:1 0:0:1:1 13:0:1:1 6:0:1:1 13:0:1:1 6:0:1:1 0:0:1:1 14:0:1:1 0:0:1:1 14:0:1:1 
6:0:1:1 14:0:1:1 0:0:1:1 14:0:1:1 0:0:1:1 6:0:1:1 6:0:1:1 4:0:1:1 6:0:1:1 4:0:1:1 0:0:1:1 4:0:1:1 6:0:1:1 4:0:1:1 6:0:1:1 0:0:1:1 
17:0:1:1 26:0:1:1 29:0:1:1 26:0:1:1 29:0:1:1 17:0:1:1 29:0:1:1 26:0:1:1 29:0:1:1 26:0:1:1 17:0:1:1 26:0:1:1 58:0:1:1 26:0:1:1 58:0:1:1 17:0:1:1 
58:0:1:1 26:0:1:1 58:0:1:1 26:0:1:1 7:0:1:1 26:0:1:1 17:0:1:1 26:0:1:1 17:0:1:1 7:0:1:1 17:0:1:1 26:0:1:1 17:0:1:1 26:0:1:1 17:0:1:1 7:0:1:1 
17:0:1:1 7:0:1:1 26:0:1:1 7:0:1:1 17:0:1:1 7:0:1:1 17:0:1:1 26:0:1:1 26:0:1:1 1:0:1:1 6:0:1:1 1:0:1:1 6:0:1:1 5:0:1:1 6:0:1:1 1:0:1:1 
6:0:1:1 1:0:1:1 5:0:1:1 26:0:1:1 26:0:1:1 40:0:1:1 17:0:1:1 40:0:1:1 17:0:1:1 26:0:1:1 17:0:1:1 40:0:1:1 17:0:1:1 40:0:1:1 0:0:1:1 7:0:1:1 
31:0:1:1 40:0:1:1 31:0:1:1 40:0:1:1 7:0:1:1 40:0:1:1 31:0:1:1 40:0:1:1 31:0:1:1 0:0:1:1 10:0:1:1 36:0:1:1 18:0:1:1 36:0:1:1 18:0:1:1 10:0:1:1 
18:0:1:1 36:0:1:1 18:0:1:1 36:0:1:1 m] m[ 5:0:1:1 7:0:1:1 5:0:1:1 7:0:1:1 26:0:1:1 7:0:1:1 5:0:1:1 7:0:1:1 5:0:1:1 26:0:1:1 
m] m[ 5:0:1:1 14:0:1:1 5:0:1:1 14:0:1:1 26:0:1:1 14:0:1:1 5:0:1:1 14:0:1:1 5:0:1:1 26:0:1:1 m] 0:0:1:1 m[ 5:0:1:1 
26:0:1:1 29:0:1:1 26:0:1:1 29:0:1:1 5:0:1:1 29:0:1:1 26:0:1:1 29:0:1:1 26:0:1:1 m] m[ 0:0:1:1 m] m[ 5:0:1:1 27:0:1:1 
5:0:1:1 27:0:1:1 26:0:1:1 27:0:1:1 5:0:1:1 27:0:1:1 5:0:1:1 26:0:1:1 m] m[ 40:0:1:1 49:0:1:1 20:0:1:1 49:0:1:1 20:0:1:1 40:0:1:1 
20:0:1:1 49:0:1:1 20:0:1:1 49:0:1:1 m] m[ 17:0:1:1 20:0:1:1 17:0:1:1 20:0:1:1 40:0:1:1 20:0:1:1 17:0:1:1 20:0:1:1 17:0:1:1 40:0:1:1 
m] m[ 7:0:1:1 20:0:1:1 7:0:1:1 20:0:1:1 40:0:1:1 20:0:1:1 7:0:1:1 20:0:1:1 7:0:1:1 40:0:1:1 m] m[ 20:0:1:1 40:0:1:1 
31:0:1:1 40:0:1:1 31:0:1:1 20:0:1:1 31:0:1:1 40:0:1:1 31:0:1:1 40:0:1:1 m] m[ 17:0:1:1 40:0:1:1 58:0:1:1 40:0:1:1 58:0:1:1 17:0:1:1 
58:0:1:1 40:0:1:1 58:0:1:1 40:0:1:1 m] 40:0:1:1 m[ 0:0:1:1 18:0:1:1 0:0:1:1 18:0:1:1 7:0:1:1 18:0:1:1 0:0:1:1 18:0:1:1 0:0:1:1 
7:0:1:1 m] m[ 40:0:1:1 m] m[ 40:0:1:1 49:0:1:1 17:0:1:1 49:0:1:1 17:0:1:1 40:0:1:1 17:0:1:1 49:0:1:1 17:0:1:1 49:0:1:1 
m] m[ 20:0:1:1 39:0:1:1 31:0:1:1 39:0:1:1 31:0:1:1 20:0:1:1 31:0:1:1 39:0:1:1 31:0:1:1 39:0:1:1 m] m[ 54:0:1:1 46:0:1:1 
54:0:1:1 46:0:1:1 55:0:1:1 46:0:1:1 54:0:1:1 46:0:1:1 54:0:1:1 55:0:1:1 m] m[ 46:0:1:1 55:0:1:1 32:0:1:4 55:0:1:1 32:0:1:4 46:0:1:1 
32:0:1:4 55:0:1:1 32:0:1:4 55:0:1:1 m] 36:0:1:1 m[ 18:0:1:1 0:0:1:1 14:0:1:1 0:0:1:1 14:0:1:1 18:0:1:1 14:0:1:1 0:0:1:1 14:0:1:1 
0:0:1:1 m] m[ 36:0:1:1 m] 36:0:1:1 18:0:1:1 m[ 17:0:1:1 7:0:1:1 20:0:1:1 7:0:1:1 20:0:1:1 17:0:1:1 20:0:1:1 7:0:1:1 
20:0:1:1 7:0:1:1 m] m[ 18:0:1:1 36:0:1:1 m] m[ 9:0:1:1 38:0:1:1 9:0:1:1 38:0:1:1 30:0:1:1 38:0:1:1 9:0:1:1 38:0:1:1 
9:0:1:1 30:0:1:1 m] m[ 9:0:1:1 46:0:1:1 9:0:1:1 46:0:1:1 30:0:1:1 46:0:1:1 9:0:1:1 46:0:1:1 9:0:1:1 30:0:1:1 m] m[ 
9:0:1:1 19:0:1:1 9:0:1:1 19:0:1:1 30:0:1:1 19:0:1:1 9:0:1:1 19:0:1:1 9:0:1:1 30:0:1:1 m] m[ 54:0:1:1 55:0:1:1 32:0:1:4 55:0:1:1 
32:0:1:4 54:0:1:1 32:0:1:4 55:0:1:1 32:0:1:4 55:0:1:1 m] 5:0:1:1 m[ 1:0:1:1 12:0:1:1 3:0:1:1 12:0:1:1 3:0:1:1 1:0:1:1 3:0:1:1 
12:0:1:1 3:0:1:1 12:0:1:1 m] m[ 5:0:1:1 m] m[ 1:0:1:1 16:0:1:1 1:0:1:1 16:0:1:1 12:0:1:1 16:0:1:1 1:0:1:1 16:0:1:1 
1:0:1:1 12:0:1:1 m] m[ 21:0:1:1 1:0:1:1 21:0:1:1 1:0:1:1 12:0:1:1 1:0:1:1 21:0:1:1 1:0:1:1 21:0:1:1 12:0:1:1 m] m[ 
19:0:1:1 30:0:1:1 46:0:1:1 30:0:1:1 46:0:1:1 19:0:1:1 46:0:1:1 30:0:1:1 46:0:1:1 30:0:1:1 m] 30:0:1:1 m[ 19:0:1:1 24:0:1:1 19:0:1:1 
24:0:1:1 20:0:1:1 24:0:1:1 19:0:1:1 24:0:1:1 19:0:1:1 20:0:1:1 m] m[ 30:0:1:1 m] m[ 11:0:1:1 15:0:1:1 11:0:1:1 15:0:1:1 
21:0:1:1 15:0:1:1 11:0:1:1 15:0:1:1 11:0:1:1 21:0:1:1 m] 9:0:1:1 m[ 11:0:1:1 21:0:1:1 9:0:1:1 21:0:1:1 9:0:1:1 11:0:1:1 9:0:1:1 
21:0:1:1 9:0:1:1 21:0:1:1 m] m[ 9:0:1:1 m] 0:0:1:1 m[ 21:0:1:1 1:0:1:1 11:0:1:1 1:0:1:1 11:0:1:1 21:0:1:1 11:0:1:1 
1:0:1:1 11:0:1:1 1:0:1:1 m] m[ 0:0:1:1 m] 5:0:1:1 m[ 11:0:1:1 37:0:1:1 11:0:1:1 37:0:1:1 21:0:1:1 37:0:1:1 11:0:1:1 
37:0:1:1 11:0:1:1 21:0:1:1 m] m[ 5:0:1:1 m] m[ 11:0:1:1 42:0:1:1 11:0:1:1 42:0:1:1 21:0:1:1 42:0:1:1 11:0:1:1 42:0:1:1 
11:0:1:1 21:0:1:1 m] m[ 3:0:1:1 12:0:1:1 30:0:1:1 12:0:1:1 30:0:1:1 3:0:1:1 30:0:1:1 12:0:1:1 30:0:1:1 12:0:1:1 m] .
